C:\lscc\diamond\3.12\synpbase\bin64\c_vhdl.exe  -osyn  C:\Users\migue\OneDrive\Documentos\ADC\03-3CM12-3erParcial\01-Practicas\05-pipeline01\pipeline0\synwork\pipeline01_pipeline0_hdl_.srs  -top  pipeline01  -prodtype  synplify_pro  -dspmac -fixsmult -infer_seqShift -nram -sdff_counter -divnmod -nostructver  -encrypt  -pro  -dmgen  C:\Users\migue\OneDrive\Documentos\ADC\03-3CM12-3erParcial\01-Practicas\05-pipeline01\pipeline0\dm  -lite -ui -fid2 -ram -sharing on -ll 2000 -autosm  -ignore_undefined_lib  -lib work C:\lscc\diamond\3.12\cae_library\synthesis\vhdl\machxo2.vhd -lib work C:\Users\migue\OneDrive\Documentos\ADC\03-3CM12-3erParcial\01-Practicas\05-pipeline01\pipeline0\source\div00.vhd -lib work C:\Users\migue\OneDrive\Documentos\ADC\03-3CM12-3erParcial\01-Practicas\05-pipeline01\pipeline0\source\oscint00.vhd -lib work C:\Users\migue\OneDrive\Documentos\ADC\03-3CM12-3erParcial\01-Practicas\05-pipeline01\pipeline0\source\packageOsc00.vhd -lib work C:\Users\migue\OneDrive\Documentos\ADC\03-3CM12-3erParcial\01-Practicas\05-pipeline01\pipeline0\source\osc00.vhd -lib work C:\Users\migue\OneDrive\Documentos\ADC\03-3CM12-3erParcial\01-Practicas\05-pipeline01\pc00.vhdl -lib work C:\Users\migue\OneDrive\Documentos\ADC\03-3CM12-3erParcial\01-Practicas\05-pipeline01\memEBR00.vhd -lib work C:\Users\migue\OneDrive\Documentos\ADC\03-3CM12-3erParcial\01-Practicas\05-pipeline01\fi00.vhdl -lib work C:\Users\migue\OneDrive\Documentos\ADC\03-3CM12-3erParcial\01-Practicas\05-pipeline01\di00.vhdl -lib work C:\Users\migue\OneDrive\Documentos\ADC\03-3CM12-3erParcial\01-Practicas\05-pipeline01\co00.vhdl -lib work C:\Users\migue\OneDrive\Documentos\ADC\03-3CM12-3erParcial\01-Practicas\05-pipeline01\fo00.vhdl -lib work C:\Users\migue\OneDrive\Documentos\ADC\03-3CM12-3erParcial\01-Practicas\05-pipeline01\eo00.vhdl -lib work C:\Users\migue\OneDrive\Documentos\ADC\03-3CM12-3erParcial\01-Practicas\05-pipeline01\wr00.vhdl -lib work C:\Users\migue\OneDrive\Documentos\ADC\03-3CM12-3erParcial\01-Practicas\05-pipeline01\fsmpipe02.vhdl -lib work C:\Users\migue\OneDrive\Documentos\ADC\03-3CM12-3erParcial\01-Practicas\05-pipeline01\packagepipeline01.vhdl -lib work C:\Users\migue\OneDrive\Documentos\ADC\03-3CM12-3erParcial\01-Practicas\05-pipeline01\pipeline01.vhdl  -log  C:\Users\migue\OneDrive\Documentos\ADC\03-3CM12-3erParcial\01-Practicas\05-pipeline01\pipeline0\syntax.log  -fileorder  C:\Users\migue\OneDrive\Documentos\ADC\03-3CM12-3erParcial\01-Practicas\05-pipeline01\pipeline0\syntmp\hdlorder.tcl  -jobname  "hdl_info_gen" 
relcom:..\..\..\..\..\..\..\..\..\..\lscc\diamond\3.12\synpbase\bin64\c_vhdl.exe -osyn ..\synwork\pipeline01_pipeline0_hdl_.srs -top pipeline01 -prodtype synplify_pro -dspmac -fixsmult -infer_seqShift -nram -sdff_counter -divnmod -nostructver -encrypt -pro -dmgen ..\dm -lite -ui -fid2 -ram -sharing on -ll 2000 -autosm -ignore_undefined_lib -lib work ..\..\..\..\..\..\..\..\..\..\lscc\diamond\3.12\cae_library\synthesis\vhdl\machxo2.vhd -lib work ..\source\div00.vhd -lib work ..\source\oscint00.vhd -lib work ..\source\packageOsc00.vhd -lib work ..\source\osc00.vhd -lib work ..\..\pc00.vhdl -lib work ..\..\memEBR00.vhd -lib work ..\..\fi00.vhdl -lib work ..\..\di00.vhdl -lib work ..\..\co00.vhdl -lib work ..\..\fo00.vhdl -lib work ..\..\eo00.vhdl -lib work ..\..\wr00.vhdl -lib work ..\..\fsmpipe02.vhdl -lib work ..\..\packagepipeline01.vhdl -lib work ..\..\pipeline01.vhdl -log ..\syntax.log -fileorder hdlorder.tcl -jobname "hdl_info_gen"
rc:0 success:1 runtime:1
file:..\synwork\pipeline01_pipeline0_hdl_.srs|io:o|time:0|size:-1|exec:0|csum:
file:..\..\..\..\..\..\..\..\..\..\lscc\diamond\3.12\cae_library\synthesis\vhdl\machxo2.vhd|io:i|time:1542263532|size:73964|exec:0|csum:CFF92E93E4FE354031DBB4E0E47DD4A6
file:..\source\div00.vhd|io:i|time:1637723652|size:2808|exec:0|csum:C73477387DDEDE11939013D016062291
file:..\source\oscint00.vhd|io:i|time:1637723652|size:549|exec:0|csum:FB32D6AEA996E953A11C4EDF3EC5F86B
file:..\source\packageOsc00.vhd|io:i|time:1637723652|size:370|exec:0|csum:54A58A3E3B6CC0DCE1428F6EFF68EE4E
file:..\source\osc00.vhd|io:i|time:1647262160|size:466|exec:0|csum:6CF1522849805C836C2BB2EC7E36589C
file:..\..\pc00.vhdl|io:i|time:1655449423|size:1197|exec:0|csum:E160B53B3CE951D43764C7D201D3681C
file:..\..\memEBR00.vhd|io:i|time:1655173745|size:11066|exec:0|csum:F78E033E2FAE0DF91EEAAB7F66A7E409
file:..\..\fi00.vhdl|io:i|time:1655395412|size:978|exec:0|csum:4B080D886E6A6AE76FA8C92CB3F1E67E
file:..\..\di00.vhdl|io:i|time:1654565742|size:892|exec:0|csum:EC45F554DC3DD8B813369BB4D6E2FB4B
file:..\..\co00.vhdl|io:i|time:1654565771|size:892|exec:0|csum:EB0A0C5AE48786F6149DB714931DBC95
file:..\..\fo00.vhdl|io:i|time:1654565826|size:893|exec:0|csum:F8842EBFF019FA3F86D04D8051DDDACC
file:..\..\eo00.vhdl|io:i|time:1654565851|size:893|exec:0|csum:4780864229B8A0F11604C6E3D6954BFD
file:..\..\wr00.vhdl|io:i|time:1654565880|size:922|exec:0|csum:708800EFCE0CAEF7F88912ECF880202D
file:..\..\fsmpipe02.vhdl|io:i|time:1654565910|size:1880|exec:0|csum:E335A6F684D71BDF5C33C501A9FA6EA3
file:..\..\packagepipeline01.vhdl|io:i|time:1655172723|size:2714|exec:0|csum:CD95D0D7AE0CDC2FF1129D6375004808
file:..\..\pipeline01.vhdl|io:i|time:1655272220|size:2871|exec:0|csum:1E32042B77E06D5AFE0E2AF9CAE72A75
file:..\syntax.log|io:o|time:1655449434|size:1180|exec:0|csum:
file:..\..\..\..\..\..\..\..\..\..\lscc\diamond\3.12\synpbase\bin64\c_vhdl.exe|io:i|time:1603988322|size:6088192|exec:1|csum:65784030B81A37FDBF615E387BAB679B
