
Copyright (C) 1994-2020 Synopsys, Inc.
This Synopsys software and all associated documentation are proprietary to Synopsys, Inc.
and may only be used pursuant to the terms and conditions of a written license agreement
with Synopsys, Inc. All other use, reproduction, modification, or distribution of the
Synopsys software or the associated documentation is strictly prohibited.
Tool: Synplify Pro (R)
Build: Q-2020.03L-SP1
Install: C:\lscc\diamond\3.12\synpbase
OS: Windows 6.2

Hostname: DESKTOP-VTJO39V

Implementation : fsmmoore0
Synopsys HDL compiler and linker, Version comp202003synp2, Build 182R, Built Oct 29 2020 10:49:53, @

Modified Files: 1
FID:  path (prevtimestamp, timestamp)
7        C:\Users\migue\OneDrive\Documentos\ADC\03-3CM12-3erParcial\01-Practicas\03-fsmmoore00\memrom00.vhdl (2022-06-06 15:46:11, 2022-06-06 15:50:13)

*******************************************************************
Modules that may have changed as a result of file changes: 1
MID:  lib.cell.view
8        work.memrom00.memrom0 may have changed because the following files changed:
                        C:\Users\migue\OneDrive\Documentos\ADC\03-3CM12-3erParcial\01-Practicas\03-fsmmoore00\memrom00.vhdl (2022-06-06 15:46:11, 2022-06-06 15:50:13) <-- (architecture and entity definition)

*******************************************************************
Unmodified files: 20
FID:  path (timestamp)
0        C:\Users\migue\OneDrive\Documentos\ADC\03-3CM12-3erParcial\01-Practicas\03-fsmmoore00\contRead00.vhdl (2022-05-26 12:03:20)
1        C:\Users\migue\OneDrive\Documentos\ADC\03-3CM12-3erParcial\01-Practicas\03-fsmmoore00\fsm00.vhdl (2022-05-30 18:24:11)
2        C:\Users\migue\OneDrive\Documentos\ADC\03-3CM12-3erParcial\01-Practicas\03-fsmmoore00\fsmmoore00.vhdl (2022-05-30 13:26:34)
3        C:\Users\migue\OneDrive\Documentos\ADC\03-3CM12-3erParcial\01-Practicas\03-fsmmoore00\fsmmoore0\source\div00.vhd (2021-11-23 21:14:12)
4        C:\Users\migue\OneDrive\Documentos\ADC\03-3CM12-3erParcial\01-Practicas\03-fsmmoore00\fsmmoore0\source\osc00.vhd (2022-03-14 06:49:20)
5        C:\Users\migue\OneDrive\Documentos\ADC\03-3CM12-3erParcial\01-Practicas\03-fsmmoore00\fsmmoore0\source\oscint00.vhd (2021-11-23 21:14:12)
6        C:\Users\migue\OneDrive\Documentos\ADC\03-3CM12-3erParcial\01-Practicas\03-fsmmoore00\fsmmoore0\source\packageOsc00.vhd (2021-11-23 21:14:12)
8        C:\Users\migue\OneDrive\Documentos\ADC\03-3CM12-3erParcial\01-Practicas\03-fsmmoore00\packagefsm00.vhdl (2022-05-30 13:07:26)
9        C:\lscc\diamond\3.12\cae_library\synthesis\vhdl\machxo2.vhd (2018-11-15 00:32:12)
10       C:\lscc\diamond\3.12\synpbase\lib\cpld\lattice.vhd (2020-10-29 10:20:44)
11       C:\lscc\diamond\3.12\synpbase\lib\lucent\machxo2.vhd (2020-10-29 10:20:54)
12       C:\lscc\diamond\3.12\synpbase\lib\vhd\arith.vhd (2020-10-29 10:23:10)
13       C:\lscc\diamond\3.12\synpbase\lib\vhd\hyperents.vhd (2020-10-29 10:23:10)
14       C:\lscc\diamond\3.12\synpbase\lib\vhd\location.map (2020-11-02 17:26:20)
15       C:\lscc\diamond\3.12\synpbase\lib\vhd\numeric.vhd (2020-10-29 10:23:10)
16       C:\lscc\diamond\3.12\synpbase\lib\vhd\snps_haps_pkg.vhd (2020-10-29 10:23:10)
17       C:\lscc\diamond\3.12\synpbase\lib\vhd\std.vhd (2020-10-29 10:23:10)
18       C:\lscc\diamond\3.12\synpbase\lib\vhd\std1164.vhd (2020-10-29 10:23:10)
19       C:\lscc\diamond\3.12\synpbase\lib\vhd\umr_capim.vhd (2020-10-29 10:23:10)
20       C:\lscc\diamond\3.12\synpbase\lib\vhd\unsigned.vhd (2020-10-29 10:23:10)

*******************************************************************
Unchanged modules: 12
MID:  lib.cell.view
0        work.contread00.contread0
1        work.contread00.vhdl
2        work.div00.div0
3        work.div00.vhdl
4        work.fsm00.fsm0
5        work.fsm00.vhdl
6        work.fsmmoore00.fsmmoore0
7        work.fsmmoore00.vhdl
10       work.osc00.osc0
11       work.osc00.vhdl
12       work.oscint00.oscint0
13       work.oscint00.vhdl
