Resource Usage Report
Part: lcmxo2_7000he-5

Register bits: 141 of 6864 (2%)
Latch bits:      8
PIC Latch:       0
I/O cells:       40

Details:
CCU2D:          16
DP8KC:          1
FD1P3AX:        43
FD1P3DX:        8
FD1P3IX:        33
FD1S1AY:        8
FD1S3AX:        8
FD1S3AY:        1
FD1S3DX:        1
FD1S3IX:        29
FD1S3JX:        6
GSR:            1
IB:             16
INV:            1
OB:             24
OFS1P3DX:       1
OFS1P3IX:       11
ORCALUT4:       96
OSCH:           1
PUR:            1
VHI:            11
VLO:            12
