
Copyright (C) 1994-2020 Synopsys, Inc.
This Synopsys software and all associated documentation are proprietary to Synopsys, Inc.
and may only be used pursuant to the terms and conditions of a written license agreement
with Synopsys, Inc. All other use, reproduction, modification, or distribution of the
Synopsys software or the associated documentation is strictly prohibited.
Tool: Synplify Pro (R)
Build: Q-2020.03L-SP1
Install: C:\lscc\diamond\3.12\synpbase
OS: Windows 6.2

Hostname: DESKTOP-VTJO39V

Implementation : key0
Synopsys HDL compiler and linker, Version comp202003synp2, Build 182R, Built Oct 29 2020 10:49:53, @

Modified Files: 1
FID:  path (prevtimestamp, timestamp)
9        C:\Users\migue\OneDrive\Documentos\ADC\03-3CM12-3erParcial\01-Practicas\01-key02\lect00.vhdl (2022-05-17 09:08:01, 2022-05-28 19:32:02)

*******************************************************************
Modules that may have changed as a result of file changes: 1
MID:  lib.cell.view
12       work.lect00.lect0 may have changed because the following files changed:
                        C:\Users\migue\OneDrive\Documentos\ADC\03-3CM12-3erParcial\01-Practicas\01-key02\lect00.vhdl (2022-05-17 09:08:01, 2022-05-28 19:32:02) <-- (architecture and entity definition)

*******************************************************************
Unmodified files: 22
FID:  path (timestamp)
0        C:\Users\migue\OneDrive\Documentos\ADC\03-3CM12-3erParcial\01-Practicas\01-key02\coder00.vhdl (2022-05-24 09:48:30)
1        C:\Users\migue\OneDrive\Documentos\ADC\03-3CM12-3erParcial\01-Practicas\01-key02\coder7seg00.vhdl (2022-05-17 09:48:27)
2        C:\Users\migue\OneDrive\Documentos\ADC\03-3CM12-3erParcial\01-Practicas\01-key02\contring00.vhdl (2022-05-16 11:14:19)
3        C:\Users\migue\OneDrive\Documentos\ADC\03-3CM12-3erParcial\01-Practicas\01-key02\contring7seg00.vhdl (2022-05-17 09:17:44)
4        C:\Users\migue\OneDrive\Documentos\ADC\03-3CM12-3erParcial\01-Practicas\01-key02\key02.vhdl (2022-05-19 11:28:07)
5        C:\Users\migue\OneDrive\Documentos\ADC\03-3CM12-3erParcial\01-Practicas\01-key02\key0\source\div00.vhd (2021-11-23 21:14:12)
6        C:\Users\migue\OneDrive\Documentos\ADC\03-3CM12-3erParcial\01-Practicas\01-key02\key0\source\osc00.vhd (2022-03-14 06:49:20)
7        C:\Users\migue\OneDrive\Documentos\ADC\03-3CM12-3erParcial\01-Practicas\01-key02\key0\source\oscint00.vhd (2021-11-23 21:14:12)
8        C:\Users\migue\OneDrive\Documentos\ADC\03-3CM12-3erParcial\01-Practicas\01-key02\key0\source\packageOsc00.vhd (2021-11-23 21:14:12)
10       C:\Users\migue\OneDrive\Documentos\ADC\03-3CM12-3erParcial\01-Practicas\01-key02\packagekey0200.vhdl (2022-05-18 13:58:16)
11       C:\lscc\diamond\3.12\cae_library\synthesis\vhdl\machxo2.vhd (2018-11-15 00:32:12)
12       C:\lscc\diamond\3.12\synpbase\lib\cpld\lattice.vhd (2020-10-29 10:20:44)
13       C:\lscc\diamond\3.12\synpbase\lib\lucent\machxo2.vhd (2020-10-29 10:20:54)
14       C:\lscc\diamond\3.12\synpbase\lib\vhd\arith.vhd (2020-10-29 10:23:10)
15       C:\lscc\diamond\3.12\synpbase\lib\vhd\hyperents.vhd (2020-10-29 10:23:10)
16       C:\lscc\diamond\3.12\synpbase\lib\vhd\location.map (2020-11-02 17:26:20)
17       C:\lscc\diamond\3.12\synpbase\lib\vhd\numeric.vhd (2020-10-29 10:23:10)
18       C:\lscc\diamond\3.12\synpbase\lib\vhd\snps_haps_pkg.vhd (2020-10-29 10:23:10)
19       C:\lscc\diamond\3.12\synpbase\lib\vhd\std.vhd (2020-10-29 10:23:10)
20       C:\lscc\diamond\3.12\synpbase\lib\vhd\std1164.vhd (2020-10-29 10:23:10)
21       C:\lscc\diamond\3.12\synpbase\lib\vhd\umr_capim.vhd (2020-10-29 10:23:10)
22       C:\lscc\diamond\3.12\synpbase\lib\vhd\unsigned.vhd (2020-10-29 10:23:10)

*******************************************************************
Unchanged modules: 16
MID:  lib.cell.view
0        work.coder00.coder0
1        work.coder00.vhdl
2        work.coder7seg00.coder7seg0
3        work.coder7seg00.vhdl
4        work.contring00.contring0
5        work.contring00.vhdl
6        work.contring7seg00.contring7seg0
7        work.contring7seg00.vhdl
8        work.div00.div0
9        work.div00.vhdl
10       work.key02.key0
11       work.key02.vhdl
14       work.osc00.osc0
15       work.osc00.vhdl
16       work.oscint00.oscint0
17       work.oscint00.vhdl
