
synpwrap -msg -prj "ramEBR00_ramEBR0_synplify.tcl" -log "ramEBR00_ramEBR0.srf"
Copyright (C) 1992-2020 Lattice Semiconductor Corporation. All rights reserved.
Lattice Diamond Version 3.12.0.240.2
    <postMsg mid="2011000" type="Info"    dynamic="0" navigation="0"  />

==contents of ramEBR00_ramEBR0.srf
#Build: Synplify Pro (R) Q-2020.03L-SP1, Build 182R, Oct 29 2020
#install: C:\lscc\diamond\3.12\synpbase
#OS: Windows 8 6.2
#Hostname: DESKTOP-VTJO39V

# Tue May 24 09:23:09 2022

#Implementation: ramEBR0


Copyright (C) 1994-2020 Synopsys, Inc.
This Synopsys software and all associated documentation are proprietary to Synopsys, Inc.
and may only be used pursuant to the terms and conditions of a written license agreement
with Synopsys, Inc. All other use, reproduction, modification, or distribution of the
Synopsys software or the associated documentation is strictly prohibited.
Tool: Synplify Pro (R)
Build: Q-2020.03L-SP1
Install: C:\lscc\diamond\3.12\synpbase
OS: Windows 6.2

Hostname: DESKTOP-VTJO39V

Implementation : ramEBR0
Synopsys HDL Compiler, Version comp202003synp2, Build 182R, Built Oct 29 2020 10:49:53, @

@N|Running in 64-bit mode
###########################################################[

Copyright (C) 1994-2020 Synopsys, Inc.
This Synopsys software and all associated documentation are proprietary to Synopsys, Inc.
and may only be used pursuant to the terms and conditions of a written license agreement
with Synopsys, Inc. All other use, reproduction, modification, or distribution of the
Synopsys software or the associated documentation is strictly prohibited.
Tool: Synplify Pro (R)
Build: Q-2020.03L-SP1
Install: C:\lscc\diamond\3.12\synpbase
OS: Windows 6.2

Hostname: DESKTOP-VTJO39V

Implementation : ramEBR0
Synopsys VHDL Compiler, Version comp202003synp2, Build 182R, Built Oct 29 2020 10:49:53, @

@N|Running in 64-bit mode
@N:"C:\Users\migue\OneDrive\Documentos\ADC\03-3CM12-3erParcial\01-Practicas\02-ramEBR00\ramEBR00.vhdl":7:7:7:14|Top entity is set to ramEBR00.
File C:\lscc\diamond\3.12\synpbase\lib\cpld\lattice.vhd changed - recompiling
File C:\lscc\diamond\3.12\synpbase\lib\lucent\machxo2.vhd changed - recompiling
File C:\Users\migue\OneDrive\Documentos\ADC\03-3CM12-3erParcial\01-Practicas\02-ramEBR00\ramEBR0\source\oscint00.vhd changed - recompiling
File C:\Users\migue\OneDrive\Documentos\ADC\03-3CM12-3erParcial\01-Practicas\02-ramEBR00\ramEBR0\source\packageOsc00.vhd changed - recompiling
File C:\Users\migue\OneDrive\Documentos\ADC\03-3CM12-3erParcial\01-Practicas\02-ramEBR00\contRead00.vhdl changed - recompiling
File C:\Users\migue\OneDrive\Documentos\ADC\03-3CM12-3erParcial\01-Practicas\02-ramEBR00\packageramEBR00.vhdl changed - recompiling
File C:\Users\migue\OneDrive\Documentos\ADC\03-3CM12-3erParcial\01-Practicas\02-ramEBR00\ramEBR0\source\osc00.vhd changed - recompiling
File C:\Users\migue\OneDrive\Documentos\ADC\03-3CM12-3erParcial\01-Practicas\02-ramEBR00\ram_EBR_00.vhd changed - recompiling
File C:\Users\migue\OneDrive\Documentos\ADC\03-3CM12-3erParcial\01-Practicas\02-ramEBR00\ramEBR00.vhdl changed - recompiling
VHDL syntax check successful!
File C:\Users\migue\OneDrive\Documentos\ADC\03-3CM12-3erParcial\01-Practicas\02-ramEBR00\contRead00.vhdl changed - recompiling
@N: CD630 :"C:\Users\migue\OneDrive\Documentos\ADC\03-3CM12-3erParcial\01-Practicas\02-ramEBR00\ramEBR00.vhdl":7:7:7:14|Synthesizing work.ramebr00.ramebr0.
@N: CD630 :"C:\Users\migue\OneDrive\Documentos\ADC\03-3CM12-3erParcial\01-Practicas\02-ramEBR00\ram_EBR_00.vhd":14:7:14:16|Synthesizing work.ram_ebr_00.structure.
@N: CD630 :"C:\lscc\diamond\3.12\cae_library\synthesis\vhdl\machxo2.vhd":1699:10:1699:14|Synthesizing work.dp8kc.syn_black_box.
Post processing for work.dp8kc.syn_black_box
@N: CD630 :"C:\lscc\diamond\3.12\cae_library\synthesis\vhdl\machxo2.vhd":1490:10:1490:12|Synthesizing work.vlo.syn_black_box.
Post processing for work.vlo.syn_black_box
@N: CD630 :"C:\lscc\diamond\3.12\cae_library\synthesis\vhdl\machxo2.vhd":1483:10:1483:12|Synthesizing work.vhi.syn_black_box.
Post processing for work.vhi.syn_black_box
Post processing for work.ram_ebr_00.structure
Running optimization stage 1 on ram_EBR_00 .......
@N: CD630 :"C:\Users\migue\OneDrive\Documentos\ADC\03-3CM12-3erParcial\01-Practicas\02-ramEBR00\contRead00.vhdl":8:7:8:16|Synthesizing work.contread00.contread0.
@N: CD364 :"C:\Users\migue\OneDrive\Documentos\ADC\03-3CM12-3erParcial\01-Practicas\02-ramEBR00\contRead00.vhdl":31:4:31:12|Removing redundant assignment.
@W: CG296 :"C:\Users\migue\OneDrive\Documentos\ADC\03-3CM12-3erParcial\01-Practicas\02-ramEBR00\contRead00.vhdl":24:10:24:16|Incomplete sensitivity list; assuming completeness. Make sure all referenced variables in message CG290 are included in the sensitivity list.
@W: CG290 :"C:\Users\migue\OneDrive\Documentos\ADC\03-3CM12-3erParcial\01-Practicas\02-ramEBR00\contRead00.vhdl":27:7:27:16|Referenced variable scontrolcr is not in sensitivity list.
Post processing for work.contread00.contread0
Running optimization stage 1 on contRead00 .......
@W: CL113 :"C:\Users\migue\OneDrive\Documentos\ADC\03-3CM12-3erParcial\01-Practicas\02-ramEBR00\contRead00.vhdl":27:2:27:5|Feedback mux created for signal outcontcr[5:0]. To avoid the feedback mux, assign values explicitly under all conditions of conditional assignment statements.
@N: CD630 :"C:\Users\migue\OneDrive\Documentos\ADC\03-3CM12-3erParcial\01-Practicas\02-ramEBR00\ramEBR0\source\osc00.vhd":10:7:10:11|Synthesizing work.osc00.osc0.
@N: CD630 :"C:\Users\migue\OneDrive\Documentos\ADC\03-3CM12-3erParcial\01-Practicas\02-ramEBR00\ramEBR0\source\div00.vhd":9:7:9:11|Synthesizing work.div00.div0.
@N: CD364 :"C:\Users\migue\OneDrive\Documentos\ADC\03-3CM12-3erParcial\01-Practicas\02-ramEBR00\ramEBR0\source\div00.vhd":30:6:30:11|Removing redundant assignment.
@N: CD364 :"C:\Users\migue\OneDrive\Documentos\ADC\03-3CM12-3erParcial\01-Practicas\02-ramEBR00\ramEBR0\source\div00.vhd":39:6:39:11|Removing redundant assignment.
@N: CD364 :"C:\Users\migue\OneDrive\Documentos\ADC\03-3CM12-3erParcial\01-Practicas\02-ramEBR00\ramEBR0\source\div00.vhd":48:6:48:11|Removing redundant assignment.
@N: CD364 :"C:\Users\migue\OneDrive\Documentos\ADC\03-3CM12-3erParcial\01-Practicas\02-ramEBR00\ramEBR0\source\div00.vhd":57:6:57:11|Removing redundant assignment.
@N: CD364 :"C:\Users\migue\OneDrive\Documentos\ADC\03-3CM12-3erParcial\01-Practicas\02-ramEBR00\ramEBR0\source\div00.vhd":66:6:66:11|Removing redundant assignment.
@N: CD364 :"C:\Users\migue\OneDrive\Documentos\ADC\03-3CM12-3erParcial\01-Practicas\02-ramEBR00\ramEBR0\source\div00.vhd":75:6:75:11|Removing redundant assignment.
@N: CD364 :"C:\Users\migue\OneDrive\Documentos\ADC\03-3CM12-3erParcial\01-Practicas\02-ramEBR00\ramEBR0\source\div00.vhd":84:6:84:11|Removing redundant assignment.
@N: CD364 :"C:\Users\migue\OneDrive\Documentos\ADC\03-3CM12-3erParcial\01-Practicas\02-ramEBR00\ramEBR0\source\div00.vhd":93:6:93:11|Removing redundant assignment.
Post processing for work.div00.div0
Running optimization stage 1 on div00 .......
@N: CD630 :"C:\Users\migue\OneDrive\Documentos\ADC\03-3CM12-3erParcial\01-Practicas\02-ramEBR00\ramEBR0\source\oscint00.vhd":8:7:8:14|Synthesizing work.oscint00.oscint0.
@W: CD276 :"C:\lscc\diamond\3.12\cae_library\synthesis\vhdl\machxo2.vhd":2297:8:2297:15|Map for port sedstdby of component osch not found
@N: CD630 :"C:\lscc\diamond\3.12\cae_library\synthesis\vhdl\machxo2.vhd":2291:10:2291:13|Synthesizing work.osch.syn_black_box.
Post processing for work.osch.syn_black_box
Post processing for work.oscint00.oscint0
Running optimization stage 1 on oscint00 .......
Post processing for work.osc00.osc0
Running optimization stage 1 on osc00 .......
Post processing for work.ramebr00.ramebr0
Running optimization stage 1 on ramEBR00 .......
Running optimization stage 2 on oscint00 .......
Running optimization stage 2 on div00 .......
Running optimization stage 2 on osc00 .......
Running optimization stage 2 on contRead00 .......
Running optimization stage 2 on ram_EBR_00 .......
Running optimization stage 2 on ramEBR00 .......

For a summary of runtime and memory usage per design unit, please see file:
==========================================================
@L: C:\Users\migue\OneDrive\Documentos\ADC\03-3CM12-3erParcial\01-Practicas\02-ramEBR00\ramEBR0\synwork\layer0.rt.csv


At c_vhdl Exit (Real Time elapsed 0h:00m:02s; CPU Time elapsed 0h:00m:01s; Memory used current: 100MB peak: 101MB)

Process took 0h:00m:02s realtime, 0h:00m:01s cputime

Process completed successfully.
# Tue May 24 09:23:12 2022

###########################################################]
###########################################################[

Copyright (C) 1994-2020 Synopsys, Inc.
This Synopsys software and all associated documentation are proprietary to Synopsys, Inc.
and may only be used pursuant to the terms and conditions of a written license agreement
with Synopsys, Inc. All other use, reproduction, modification, or distribution of the
Synopsys software or the associated documentation is strictly prohibited.
Tool: Synplify Pro (R)
Build: Q-2020.03L-SP1
Install: C:\lscc\diamond\3.12\synpbase
OS: Windows 6.2

Hostname: DESKTOP-VTJO39V

Implementation : ramEBR0
Synopsys Synopsys Netlist Linker, Version comp202003synp2, Build 182R, Built Oct 29 2020 10:49:53, @

@N|Running in 64-bit mode
File C:\Users\migue\OneDrive\Documentos\ADC\03-3CM12-3erParcial\01-Practicas\02-ramEBR00\ramEBR0\synwork\layer0.srs changed - recompiling

At syn_nfilter Exit (Real Time elapsed 0h:00m:00s; CPU Time elapsed 0h:00m:00s; Memory used current: 90MB peak: 90MB)

Process took 0h:00m:01s realtime, 0h:00m:01s cputime

Process completed successfully.
# Tue May 24 09:23:13 2022

###########################################################]

For a summary of runtime and memory usage for all design units, please see file:
==========================================================
@L: C:\Users\migue\OneDrive\Documentos\ADC\03-3CM12-3erParcial\01-Practicas\02-ramEBR00\ramEBR0\synwork\ramEBR00_ramEBR0_comp.rt.csv

@END

At c_hdl Exit (Real Time elapsed 0h:00m:03s; CPU Time elapsed 0h:00m:01s; Memory used current: 22MB peak: 23MB)

Process took 0h:00m:03s realtime, 0h:00m:01s cputime

Process completed successfully.
# Tue May 24 09:23:13 2022

###########################################################]
###########################################################[

Copyright (C) 1994-2020 Synopsys, Inc.
This Synopsys software and all associated documentation are proprietary to Synopsys, Inc.
and may only be used pursuant to the terms and conditions of a written license agreement
with Synopsys, Inc. All other use, reproduction, modification, or distribution of the
Synopsys software or the associated documentation is strictly prohibited.
Tool: Synplify Pro (R)
Build: Q-2020.03L-SP1
Install: C:\lscc\diamond\3.12\synpbase
OS: Windows 6.2

Hostname: DESKTOP-VTJO39V

Implementation : ramEBR0
Synopsys Synopsys Netlist Linker, Version comp202003synp2, Build 182R, Built Oct 29 2020 10:49:53, @

@N|Running in 64-bit mode
File C:\Users\migue\OneDrive\Documentos\ADC\03-3CM12-3erParcial\01-Practicas\02-ramEBR00\ramEBR0\synwork\ramEBR00_ramEBR0_comp.srs changed - recompiling

At syn_nfilter Exit (Real Time elapsed 0h:00m:00s; CPU Time elapsed 0h:00m:00s; Memory used current: 90MB peak: 91MB)

Process took 0h:00m:01s realtime, 0h:00m:01s cputime

Process completed successfully.
# Tue May 24 09:23:15 2022

###########################################################]
Premap Report

# Tue May 24 09:23:16 2022


Copyright (C) 1994-2020 Synopsys, Inc.
This Synopsys software and all associated documentation are proprietary to Synopsys, Inc.
and may only be used pursuant to the terms and conditions of a written license agreement
with Synopsys, Inc. All other use, reproduction, modification, or distribution of the
Synopsys software or the associated documentation is strictly prohibited.
Tool: Synplify Pro (R)
Build: Q-2020.03L-SP1
Install: C:\lscc\diamond\3.12\synpbase
OS: Windows 6.2

Hostname: DESKTOP-VTJO39V

Implementation : ramEBR0
Synopsys Lattice Technology Pre-mapping, Version map202003lat, Build 172R, Built Nov  2 2020 09:31:45, @


Mapper Startup Complete (Real Time elapsed 0h:00m:00s; CPU Time elapsed 0h:00m:00s; Memory used current: 117MB peak: 117MB)

@A: MF827 |No constraint file specified.
@L: C:\Users\migue\OneDrive\Documentos\ADC\03-3CM12-3erParcial\01-Practicas\02-ramEBR00\ramEBR0\ramEBR00_ramEBR0_scck.rpt 
See clock summary report "C:\Users\migue\OneDrive\Documentos\ADC\03-3CM12-3erParcial\01-Practicas\02-ramEBR00\ramEBR0\ramEBR00_ramEBR0_scck.rpt"
@N: MF916 |Option synthesis_strategy=base is enabled. 
@N: MF248 |Running in 64-bit mode.
@N: MF666 |Clock conversion enabled. (Command "set_option -fix_gated_and_generated_clocks 1" in the project file.)

Design Input Complete (Real Time elapsed 0h:00m:00s; CPU Time elapsed 0h:00m:00s; Memory used current: 124MB peak: 128MB)


Mapper Initialization Complete (Real Time elapsed 0h:00m:00s; CPU Time elapsed 0h:00m:00s; Memory used current: 124MB peak: 128MB)


Start loading timing files (Real Time elapsed 0h:00m:01s; CPU Time elapsed 0h:00m:00s; Memory used current: 137MB peak: 137MB)


Finished loading timing files (Real Time elapsed 0h:00m:01s; CPU Time elapsed 0h:00m:00s; Memory used current: 137MB peak: 139MB)


Starting clock optimization phase (Real Time elapsed 0h:00m:01s; CPU Time elapsed 0h:00m:00s; Memory used current: 169MB peak: 169MB)


Finished clock optimization phase (Real Time elapsed 0h:00m:01s; CPU Time elapsed 0h:00m:00s; Memory used current: 169MB peak: 169MB)


Starting clock optimization report phase (Real Time elapsed 0h:00m:01s; CPU Time elapsed 0h:00m:00s; Memory used current: 169MB peak: 170MB)


Finished clock optimization report phase (Real Time elapsed 0h:00m:01s; CPU Time elapsed 0h:00m:01s; Memory used current: 169MB peak: 170MB)

@N: FX1184 |Applying syn_allowed_resources blockrams=26 on top level netlist ramEBR00 

Finished netlist restructuring (Real Time elapsed 0h:00m:01s; CPU Time elapsed 0h:00m:01s; Memory used current: 170MB peak: 170MB)



Clock Summary
******************

          Start                                Requested     Requested     Clock                                               Clock                   Clock
Level     Clock                                Frequency     Period        Type                                                Group                   Load 
------------------------------------------------------------------------------------------------------------------------------------------------------------
0 -       oscint00|osc_int0_inferred_clock     2.1 MHz       480.769       inferred                                            Inferred_clkgroup_0     23   
1 .         div00|oscOut_derived_clock         2.1 MHz       480.769       derived (from oscint00|osc_int0_inferred_clock)     Inferred_clkgroup_0     7    
============================================================================================================================================================



Clock Load Summary
***********************

                                     Clock     Source                             Clock Pin                         Non-clock Pin     Non-clock Pin
Clock                                Load      Pin                                Seq Example                       Seq Example       Comb Example 
---------------------------------------------------------------------------------------------------------------------------------------------------
oscint00|osc_int0_inferred_clock     23        RAEBR00.C00.OSCInst0.OSC(OSCH)     RAEBR00.C01.oscOut.C              -                 -            
div00|oscOut_derived_clock           7         RAEBR00.C01.oscOut.Q[0](dffe)      RAEBR02.ram_EBR_00_0_0_0.CLKA     -                 -            
===================================================================================================================================================

@W: MT529 :"c:\users\migue\onedrive\documentos\adc\03-3cm12-3erparcial\01-practicas\02-ramebr00\ramebr0\source\div00.vhd":22:2:22:3|Found inferred clock oscint00|osc_int0_inferred_clock which controls 23 sequential elements including RAEBR00.C01.sdiv[21:0]. This clock has no specified timing constraint which may prevent conversion of gated or generated clocks and may adversely impact design performance. 

ICG Latch Removal Summary:
Number of ICG latches removed: 0
Number of ICG latches not removed:	0


@S |Clock Optimization Summary



#### START OF PREMAP CLOCK OPTIMIZATION REPORT #####[

1 non-gated/non-generated clock tree(s) driving 23 clock pin(s) of sequential element(s)
1 gated/generated clock tree(s) driving 7 clock pin(s) of sequential element(s)
0 instances converted, 7 sequential instances remain driven by gated/generated clocks

=================================== Non-Gated/Non-Generated Clocks ====================================
Clock Tree ID     Driving Element              Drive Element Type     Fanout     Sample Instance       
-------------------------------------------------------------------------------------------------------
@KP:ckid0_2       RAEBR00.C00.OSCInst0.OSC     OSCH                   23         RAEBR00.C01.sdiv[21:0]
=======================================================================================================
===================================================================== Gated/Generated Clocks ======================================================================
Clock Tree ID     Driving Element             Drive Element Type     Unconverted Fanout     Sample Instance              Explanation                               
-------------------------------------------------------------------------------------------------------------------------------------------------------------------
@KP:ckid0_0       RAEBR00.C01.oscOut.Q[0]     dffe                   7                      RAEBR02.ram_EBR_00_0_0_0     Derived clock on input (not legal for GCC)
===================================================================================================================================================================


##### END OF CLOCK OPTIMIZATION REPORT ######

@N: FX1143 |Skipping assigning INTERNAL_VREF to iobanks, because the table of mapping from pin to iobank is not initialized.
Finished Pre Mapping Phase.

Starting constraint checker (Real Time elapsed 0h:00m:02s; CPU Time elapsed 0h:00m:01s; Memory used current: 170MB peak: 170MB)


Finished constraint checker preprocessing (Real Time elapsed 0h:00m:02s; CPU Time elapsed 0h:00m:01s; Memory used current: 170MB peak: 170MB)


Finished constraint checker (Real Time elapsed 0h:00m:02s; CPU Time elapsed 0h:00m:01s; Memory used current: 171MB peak: 171MB)

Pre-mapping successful!

At Mapper Exit (Real Time elapsed 0h:00m:02s; CPU Time elapsed 0h:00m:01s; Memory used current: 91MB peak: 173MB)

Process took 0h:00m:02s realtime, 0h:00m:01s cputime
# Tue May 24 09:23:19 2022

###########################################################]
Map & Optimize Report

# Tue May 24 09:23:19 2022


Copyright (C) 1994-2020 Synopsys, Inc.
This Synopsys software and all associated documentation are proprietary to Synopsys, Inc.
and may only be used pursuant to the terms and conditions of a written license agreement
with Synopsys, Inc. All other use, reproduction, modification, or distribution of the
Synopsys software or the associated documentation is strictly prohibited.
Tool: Synplify Pro (R)
Build: Q-2020.03L-SP1
Install: C:\lscc\diamond\3.12\synpbase
OS: Windows 6.2

Hostname: DESKTOP-VTJO39V

Implementation : ramEBR0
Synopsys Lattice Technology Mapper, Version map202003lat, Build 172R, Built Nov  2 2020 09:31:45, @


Mapper Startup Complete (Real Time elapsed 0h:00m:00s; CPU Time elapsed 0h:00m:00s; Memory used current: 117MB peak: 117MB)

@N: MF916 |Option synthesis_strategy=base is enabled. 
@N: MF248 |Running in 64-bit mode.
@N: MF666 |Clock conversion enabled. (Command "set_option -fix_gated_and_generated_clocks 1" in the project file.)

Design Input Complete (Real Time elapsed 0h:00m:00s; CPU Time elapsed 0h:00m:00s; Memory used current: 118MB peak: 128MB)


Mapper Initialization Complete (Real Time elapsed 0h:00m:00s; CPU Time elapsed 0h:00m:00s; Memory used current: 118MB peak: 128MB)


Start loading timing files (Real Time elapsed 0h:00m:00s; CPU Time elapsed 0h:00m:00s; Memory used current: 132MB peak: 132MB)


Finished loading timing files (Real Time elapsed 0h:00m:00s; CPU Time elapsed 0h:00m:00s; Memory used current: 134MB peak: 136MB)



Starting Optimization and Mapping (Real Time elapsed 0h:00m:01s; CPU Time elapsed 0h:00m:00s; Memory used current: 166MB peak: 166MB)


Available hyper_sources - for debug and ip models
	None Found


Finished RTL optimizations (Real Time elapsed 0h:00m:01s; CPU Time elapsed 0h:00m:00s; Memory used current: 170MB peak: 170MB)

@N: MO231 :"c:\users\migue\onedrive\documentos\adc\03-3cm12-3erparcial\01-practicas\02-ramebr00\contread00.vhdl":27:2:27:5|Found counter in view:work.ramEBR00(ramebr0) instance RAEBR01.outcontcr[5:0] 

Starting factoring (Real Time elapsed 0h:00m:01s; CPU Time elapsed 0h:00m:01s; Memory used current: 172MB peak: 172MB)


Finished factoring (Real Time elapsed 0h:00m:01s; CPU Time elapsed 0h:00m:01s; Memory used current: 172MB peak: 172MB)


Finished generic timing optimizations - Pass 1 (Real Time elapsed 0h:00m:01s; CPU Time elapsed 0h:00m:01s; Memory used current: 174MB peak: 174MB)


Starting Early Timing Optimization (Real Time elapsed 0h:00m:01s; CPU Time elapsed 0h:00m:01s; Memory used current: 174MB peak: 174MB)


Finished Early Timing Optimization (Real Time elapsed 0h:00m:01s; CPU Time elapsed 0h:00m:01s; Memory used current: 174MB peak: 175MB)


Finished generic timing optimizations - Pass 2 (Real Time elapsed 0h:00m:01s; CPU Time elapsed 0h:00m:01s; Memory used current: 174MB peak: 175MB)


Finished preparing to map (Real Time elapsed 0h:00m:02s; CPU Time elapsed 0h:00m:01s; Memory used current: 175MB peak: 175MB)


Finished technology mapping (Real Time elapsed 0h:00m:02s; CPU Time elapsed 0h:00m:01s; Memory used current: 179MB peak: 179MB)

Pass		 CPU time		Worst Slack		Luts / Registers
------------------------------------------------------------
   1		0h:00m:01s		   467.82ns		  47 /        29

Finished technology timing optimizations and critical path resynthesis (Real Time elapsed 0h:00m:02s; CPU Time elapsed 0h:00m:01s; Memory used current: 179MB peak: 179MB)

@N: FX164 |The option to pack registers in the IOB has not been specified. Please set syn_useioff attribute.  

Finished restoring hierarchy (Real Time elapsed 0h:00m:02s; CPU Time elapsed 0h:00m:02s; Memory used current: 179MB peak: 179MB)


Start Writing Netlists (Real Time elapsed 0h:00m:02s; CPU Time elapsed 0h:00m:02s; Memory used current: 145MB peak: 180MB)

Writing Analyst data base C:\Users\migue\OneDrive\Documentos\ADC\03-3CM12-3erParcial\01-Practicas\02-ramEBR00\ramEBR0\synwork\ramEBR00_ramEBR0_m.srm

Finished Writing Netlist Databases (Real Time elapsed 0h:00m:03s; CPU Time elapsed 0h:00m:02s; Memory used current: 179MB peak: 180MB)

Writing EDIF Netlist and constraint files
@N: FX1056 |Writing EDF file: C:\Users\migue\OneDrive\Documentos\ADC\03-3CM12-3erParcial\01-Practicas\02-ramEBR00\ramEBR0\ramEBR00_ramEBR0.edi
@N: BW106 |Synplicity Constraint File capacitance units using default value of 1pF 

Finished Writing EDIF Netlist and constraint files (Real Time elapsed 0h:00m:03s; CPU Time elapsed 0h:00m:03s; Memory used current: 184MB peak: 184MB)


Start final timing analysis (Real Time elapsed 0h:00m:04s; CPU Time elapsed 0h:00m:03s; Memory used current: 184MB peak: 184MB)

@W: MT420 |Found inferred clock oscint00|osc_int0_inferred_clock with period 480.77ns. Please declare a user-defined clock on net RAEBR00.C00.clkaux.
@N: MT615 |Found clock div00|oscOut_derived_clock with period 480.77ns 


##### START OF TIMING REPORT #####[
# Timing report written on Tue May 24 09:23:24 2022
#


Top view:               ramEBR00
Requested Frequency:    2.1 MHz
Wire load mode:         top
Paths requested:        5
Constraint File(s):    
@N: MT320 |This timing report is an estimate of place and route data. For final timing results, use the FPGA vendor place and route report.

@N: MT322 |Clock constraints include only register-to-register paths associated with each individual clock.



Performance Summary
*******************


Worst slack in design: 467.285

                                     Requested     Estimated     Requested     Estimated                 Clock                                               Clock              
Starting Clock                       Frequency     Frequency     Period        Period        Slack       Type                                                Group              
--------------------------------------------------------------------------------------------------------------------------------------------------------------------------------
div00|oscOut_derived_clock           2.1 MHz       435.5 MHz     480.769       2.296         956.946     derived (from oscint00|osc_int0_inferred_clock)     Inferred_clkgroup_0
oscint00|osc_int0_inferred_clock     2.1 MHz       74.2 MHz      480.769       13.485        467.285     inferred                                            Inferred_clkgroup_0
================================================================================================================================================================================





Clock Relationships
*******************

Clocks                                                              |    rise  to  rise     |    fall  to  fall   |    rise  to  fall   |    fall  to  rise 
------------------------------------------------------------------------------------------------------------------------------------------------------------
Starting                          Ending                            |  constraint  slack    |  constraint  slack  |  constraint  slack  |  constraint  slack
------------------------------------------------------------------------------------------------------------------------------------------------------------
oscint00|osc_int0_inferred_clock  oscint00|osc_int0_inferred_clock  |  480.769     467.285  |  No paths    -      |  No paths    -      |  No paths    -    
div00|oscOut_derived_clock        div00|oscOut_derived_clock        |  480.769     956.946  |  No paths    -      |  No paths    -      |  No paths    -    
============================================================================================================================================================
 Note: 'No paths' indicates there are no paths in the design for that pair of clock edges.
       'Diff grp' indicates that paths exist but the starting clock and ending clock are in different clock groups.



Interface Information 
*********************

No IO constraint found



====================================
Detailed Report for Clock: div00|oscOut_derived_clock
====================================



Starting Points with Worst Slack
********************************

                         Starting                                                             Arrival            
Instance                 Reference                      Type        Pin     Net               Time        Slack  
                         Clock                                                                                   
-----------------------------------------------------------------------------------------------------------------
RAEBR01.outcontcr[0]     div00|oscOut_derived_clock     FD1P3DX     Q       outcont0_c[0]     1.108       956.946
RAEBR01.outcontcr[1]     div00|oscOut_derived_clock     FD1P3DX     Q       outcont0_c[1]     1.108       957.089
RAEBR01.outcontcr[2]     div00|oscOut_derived_clock     FD1P3DX     Q       outcont0_c[2]     1.108       957.089
RAEBR01.outcontcr[3]     div00|oscOut_derived_clock     FD1P3DX     Q       outcont0_c[3]     1.108       957.231
RAEBR01.outcontcr[4]     div00|oscOut_derived_clock     FD1P3DX     Q       outcont0_c[4]     1.108       957.231
RAEBR01.outcontcr[5]     div00|oscOut_derived_clock     FD1P3DX     Q       outcont0_c[5]     1.108       958.748
=================================================================================================================


Ending Points with Worst Slack
******************************

                             Starting                                                               Required            
Instance                     Reference                      Type        Pin      Net                Time         Slack  
                             Clock                                                                                      
------------------------------------------------------------------------------------------------------------------------
RAEBR01.outcontcr[5]         div00|oscOut_derived_clock     FD1P3DX     D        outcontcr_s[5]     961.433      956.946
RAEBR01.outcontcr[3]         div00|oscOut_derived_clock     FD1P3DX     D        outcontcr_s[3]     961.433      957.089
RAEBR01.outcontcr[4]         div00|oscOut_derived_clock     FD1P3DX     D        outcontcr_s[4]     961.433      957.089
RAEBR01.outcontcr[1]         div00|oscOut_derived_clock     FD1P3DX     D        outcontcr_s[1]     961.433      957.231
RAEBR01.outcontcr[2]         div00|oscOut_derived_clock     FD1P3DX     D        outcontcr_s[2]     961.433      957.231
RAEBR02.ram_EBR_00_0_0_0     div00|oscOut_derived_clock     DP8KC       ADA3     outcont0_c[0]      959.856      958.748
RAEBR02.ram_EBR_00_0_0_0     div00|oscOut_derived_clock     DP8KC       ADA4     outcont0_c[1]      959.856      958.748
RAEBR02.ram_EBR_00_0_0_0     div00|oscOut_derived_clock     DP8KC       ADA5     outcont0_c[2]      959.856      958.748
RAEBR02.ram_EBR_00_0_0_0     div00|oscOut_derived_clock     DP8KC       ADA6     outcont0_c[3]      959.856      958.748
RAEBR02.ram_EBR_00_0_0_0     div00|oscOut_derived_clock     DP8KC       ADA7     outcont0_c[4]      959.856      958.748
========================================================================================================================



Worst Path Information
***********************


Path information for path number 1: 
      Requested Period:                      961.538
    - Setup time:                            0.106
    + Clock delay at ending point:           0.000 (ideal)
    = Required time:                         961.433

    - Propagation time:                      4.487
    - Clock delay at starting point:         0.000 (ideal)
    = Slack (non-critical) :                 956.946

    Number of logic level(s):                4
    Starting point:                          RAEBR01.outcontcr[0] / Q
    Ending point:                            RAEBR01.outcontcr[5] / D
    The start point is clocked by            div00|oscOut_derived_clock [rising] (rise=0.000 fall=240.385 period=480.769) on pin CK
    The end   point is clocked by            div00|oscOut_derived_clock [rising] (rise=0.000 fall=240.385 period=480.769) on pin CK
    -Timing constraint applied as multi cycle path with factor 2 (from c:div00|oscOut_derived_clock to c:div00|oscOut_derived_clock)

Instance / Net                             Pin      Pin               Arrival     No. of    
Name                           Type        Name     Dir     Delay     Time        Fan Out(s)
--------------------------------------------------------------------------------------------
RAEBR01.outcontcr[0]           FD1P3DX     Q        Out     1.108     1.108 r     -         
outcont0_c[0]                  Net         -        -       -         -           3         
RAEBR01.outcontcr_cry_0[0]     CCU2D       A1       In      0.000     1.108 r     -         
RAEBR01.outcontcr_cry_0[0]     CCU2D       COUT     Out     1.544     2.652 r     -         
outcontcr_cry[0]               Net         -        -       -         -           1         
RAEBR01.outcontcr_cry_0[1]     CCU2D       CIN      In      0.000     2.652 r     -         
RAEBR01.outcontcr_cry_0[1]     CCU2D       COUT     Out     0.143     2.795 r     -         
outcontcr_cry[2]               Net         -        -       -         -           1         
RAEBR01.outcontcr_cry_0[3]     CCU2D       CIN      In      0.000     2.795 r     -         
RAEBR01.outcontcr_cry_0[3]     CCU2D       COUT     Out     0.143     2.938 r     -         
outcontcr_cry[4]               Net         -        -       -         -           1         
RAEBR01.outcontcr_s_0[5]       CCU2D       CIN      In      0.000     2.938 r     -         
RAEBR01.outcontcr_s_0[5]       CCU2D       S0       Out     1.549     4.487 r     -         
outcontcr_s[5]                 Net         -        -       -         -           1         
RAEBR01.outcontcr[5]           FD1P3DX     D        In      0.000     4.487 r     -         
============================================================================================




====================================
Detailed Report for Clock: oscint00|osc_int0_inferred_clock
====================================



Starting Points with Worst Slack
********************************

                         Starting                                                              Arrival            
Instance                 Reference                            Type        Pin     Net          Time        Slack  
                         Clock                                                                                    
------------------------------------------------------------------------------------------------------------------
RAEBR00.C01.sdiv[20]     oscint00|osc_int0_inferred_clock     FD1S3IX     Q       sdiv[20]     1.180       467.285
RAEBR00.C01.sdiv[21]     oscint00|osc_int0_inferred_clock     FD1S3IX     Q       sdiv[21]     1.180       467.285
RAEBR00.C01.sdiv[19]     oscint00|osc_int0_inferred_clock     FD1S3IX     Q       sdiv[19]     1.108       467.357
RAEBR00.C01.sdiv[0]      oscint00|osc_int0_inferred_clock     FD1S3IX     Q       sdiv[0]      1.044       467.493
RAEBR00.C01.sdiv[1]      oscint00|osc_int0_inferred_clock     FD1S3IX     Q       sdiv[1]      1.044       467.493
RAEBR00.C01.sdiv[2]      oscint00|osc_int0_inferred_clock     FD1S3IX     Q       sdiv[2]      1.044       467.493
RAEBR00.C01.sdiv[3]      oscint00|osc_int0_inferred_clock     FD1S3IX     Q       sdiv[3]      1.044       467.493
RAEBR00.C01.sdiv[4]      oscint00|osc_int0_inferred_clock     FD1S3IX     Q       sdiv[4]      1.044       467.493
RAEBR00.C01.sdiv[5]      oscint00|osc_int0_inferred_clock     FD1S3IX     Q       sdiv[5]      1.044       467.493
RAEBR00.C01.sdiv[6]      oscint00|osc_int0_inferred_clock     FD1S3IX     Q       sdiv[6]      1.044       467.493
==================================================================================================================


Ending Points with Worst Slack
******************************

                         Starting                                                                 Required            
Instance                 Reference                            Type        Pin     Net             Time         Slack  
                         Clock                                                                                        
----------------------------------------------------------------------------------------------------------------------
RAEBR00.C01.sdiv[21]     oscint00|osc_int0_inferred_clock     FD1S3IX     D       sdiv_11[21]     480.664      467.285
RAEBR00.C01.sdiv[19]     oscint00|osc_int0_inferred_clock     FD1S3IX     D       sdiv_11[19]     480.664      467.428
RAEBR00.C01.sdiv[20]     oscint00|osc_int0_inferred_clock     FD1S3IX     D       sdiv_11[20]     480.664      467.428
RAEBR00.C01.sdiv[17]     oscint00|osc_int0_inferred_clock     FD1S3IX     D       sdiv_11[17]     480.664      467.570
RAEBR00.C01.sdiv[18]     oscint00|osc_int0_inferred_clock     FD1S3IX     D       sdiv_11[18]     480.664      467.570
RAEBR00.C01.sdiv[15]     oscint00|osc_int0_inferred_clock     FD1S3IX     D       sdiv_11[15]     480.664      467.713
RAEBR00.C01.sdiv[16]     oscint00|osc_int0_inferred_clock     FD1S3IX     D       sdiv_11[16]     480.664      467.713
RAEBR00.C01.sdiv[13]     oscint00|osc_int0_inferred_clock     FD1S3IX     D       sdiv_11[13]     480.664      467.856
RAEBR00.C01.sdiv[14]     oscint00|osc_int0_inferred_clock     FD1S3IX     D       sdiv_11[14]     480.664      467.856
RAEBR00.C01.sdiv[11]     oscint00|osc_int0_inferred_clock     FD1S3IX     D       sdiv_11[11]     480.664      467.999
======================================================================================================================



Worst Path Information
***********************


Path information for path number 1: 
      Requested Period:                      480.769
    - Setup time:                            0.106
    + Clock delay at ending point:           0.000 (ideal)
    = Required time:                         480.664

    - Propagation time:                      13.379
    - Clock delay at starting point:         0.000 (ideal)
    = Slack (critical) :                     467.285

    Number of logic level(s):                19
    Starting point:                          RAEBR00.C01.sdiv[20] / Q
    Ending point:                            RAEBR00.C01.sdiv[21] / D
    The start point is clocked by            oscint00|osc_int0_inferred_clock [rising] (rise=0.000 fall=240.385 period=480.769) on pin CK
    The end   point is clocked by            oscint00|osc_int0_inferred_clock [rising] (rise=0.000 fall=240.385 period=480.769) on pin CK

Instance / Net                                                   Pin      Pin               Arrival      No. of    
Name                                                Type         Name     Dir     Delay     Time         Fan Out(s)
-------------------------------------------------------------------------------------------------------------------
RAEBR00.C01.sdiv[20]                                FD1S3IX      Q        Out     1.180     1.180 r      -         
sdiv[20]                                            Net          -        -       -         -            5         
RAEBR00.C01.pdiv\.oscout20lto21_i_a2                ORCALUT4     C        In      0.000     1.180 r      -         
RAEBR00.C01.pdiv\.oscout20lto21_i_a2                ORCALUT4     Z        Out     1.225     2.405 f      -         
N_68                                                Net          -        -       -         -            5         
RAEBR00.C01.pdiv\.oscout36lto21_i_a2                ORCALUT4     A        In      0.000     2.405 f      -         
RAEBR00.C01.pdiv\.oscout36lto21_i_a2                ORCALUT4     Z        Out     1.233     3.637 f      -         
N_75                                                Net          -        -       -         -            6         
RAEBR00.C01.pdiv\.oscout44lto21_i_a3                ORCALUT4     A        In      0.000     3.637 f      -         
RAEBR00.C01.pdiv\.oscout44lto21_i_a3                ORCALUT4     Z        Out     1.017     4.654 f      -         
N_59                                                Net          -        -       -         -            1         
RAEBR00.C01.pdiv\.oscout44lto21_i_a3_0_RNII70H1     ORCALUT4     A        In      0.000     4.654 f      -         
RAEBR00.C01.pdiv\.oscout44lto21_i_a3_0_RNII70H1     ORCALUT4     Z        Out     1.017     5.671 r      -         
N_18                                                Net          -        -       -         -            1         
RAEBR00.C01.pdiv\.oscout72_0_a3_1_RNIPHHP3          ORCALUT4     A        In      0.000     5.671 r      -         
RAEBR00.C01.pdiv\.oscout72_0_a3_1_RNIPHHP3          ORCALUT4     Z        Out     1.017     6.688 r      -         
un1_oscout73_i_i_o2_0                               Net          -        -       -         -            1         
RAEBR00.C01.pdiv\.oscout20lto21_i_a2_0_RNIEFTQ9     ORCALUT4     C        In      0.000     6.688 r      -         
RAEBR00.C01.pdiv\.oscout20lto21_i_a2_0_RNIEFTQ9     ORCALUT4     Z        Out     1.153     7.841 r      -         
un1_oscout73_i_i_o2_4                               Net          -        -       -         -            3         
RAEBR00.C01.un1_sdiv_cry_0_0_RNO                    ORCALUT4     D        In      0.000     7.841 r      -         
RAEBR00.C01.un1_sdiv_cry_0_0_RNO                    ORCALUT4     Z        Out     1.017     8.857 f      -         
N_5_i                                               Net          -        -       -         -            1         
RAEBR00.C01.un1_sdiv_cry_0_0                        CCU2D        B0       In      0.000     8.857 f      -         
RAEBR00.C01.un1_sdiv_cry_0_0                        CCU2D        COUT     Out     1.544     10.402 r     -         
un1_sdiv_cry_0                                      Net          -        -       -         -            1         
RAEBR00.C01.un1_sdiv_cry_1_0                        CCU2D        CIN      In      0.000     10.402 r     -         
RAEBR00.C01.un1_sdiv_cry_1_0                        CCU2D        COUT     Out     0.143     10.545 r     -         
un1_sdiv_cry_2                                      Net          -        -       -         -            1         
RAEBR00.C01.un1_sdiv_cry_3_0                        CCU2D        CIN      In      0.000     10.545 r     -         
RAEBR00.C01.un1_sdiv_cry_3_0                        CCU2D        COUT     Out     0.143     10.688 r     -         
un1_sdiv_cry_4                                      Net          -        -       -         -            1         
RAEBR00.C01.un1_sdiv_cry_5_0                        CCU2D        CIN      In      0.000     10.688 r     -         
RAEBR00.C01.un1_sdiv_cry_5_0                        CCU2D        COUT     Out     0.143     10.830 r     -         
un1_sdiv_cry_6                                      Net          -        -       -         -            1         
RAEBR00.C01.un1_sdiv_cry_7_0                        CCU2D        CIN      In      0.000     10.830 r     -         
RAEBR00.C01.un1_sdiv_cry_7_0                        CCU2D        COUT     Out     0.143     10.973 r     -         
un1_sdiv_cry_8                                      Net          -        -       -         -            1         
RAEBR00.C01.un1_sdiv_cry_9_0                        CCU2D        CIN      In      0.000     10.973 r     -         
RAEBR00.C01.un1_sdiv_cry_9_0                        CCU2D        COUT     Out     0.143     11.116 r     -         
un1_sdiv_cry_10                                     Net          -        -       -         -            1         
RAEBR00.C01.un1_sdiv_cry_11_0                       CCU2D        CIN      In      0.000     11.116 r     -         
RAEBR00.C01.un1_sdiv_cry_11_0                       CCU2D        COUT     Out     0.143     11.259 r     -         
un1_sdiv_cry_12                                     Net          -        -       -         -            1         
RAEBR00.C01.un1_sdiv_cry_13_0                       CCU2D        CIN      In      0.000     11.259 r     -         
RAEBR00.C01.un1_sdiv_cry_13_0                       CCU2D        COUT     Out     0.143     11.402 r     -         
un1_sdiv_cry_14                                     Net          -        -       -         -            1         
RAEBR00.C01.un1_sdiv_cry_15_0                       CCU2D        CIN      In      0.000     11.402 r     -         
RAEBR00.C01.un1_sdiv_cry_15_0                       CCU2D        COUT     Out     0.143     11.544 r     -         
un1_sdiv_cry_16                                     Net          -        -       -         -            1         
RAEBR00.C01.un1_sdiv_cry_17_0                       CCU2D        CIN      In      0.000     11.544 r     -         
RAEBR00.C01.un1_sdiv_cry_17_0                       CCU2D        COUT     Out     0.143     11.687 r     -         
un1_sdiv_cry_18                                     Net          -        -       -         -            1         
RAEBR00.C01.un1_sdiv_cry_19_0                       CCU2D        CIN      In      0.000     11.687 r     -         
RAEBR00.C01.un1_sdiv_cry_19_0                       CCU2D        COUT     Out     0.143     11.830 r     -         
un1_sdiv_cry_20                                     Net          -        -       -         -            1         
RAEBR00.C01.un1_sdiv_s_21_0                         CCU2D        CIN      In      0.000     11.830 r     -         
RAEBR00.C01.un1_sdiv_s_21_0                         CCU2D        S0       Out     1.549     13.379 r     -         
sdiv_11[21]                                         Net          -        -       -         -            1         
RAEBR00.C01.sdiv[21]                                FD1S3IX      D        In      0.000     13.379 r     -         
===================================================================================================================



##### END OF TIMING REPORT #####]

Timing exceptions that could not be applied

Finished final timing analysis (Real Time elapsed 0h:00m:04s; CPU Time elapsed 0h:00m:03s; Memory used current: 184MB peak: 184MB)


Finished timing report (Real Time elapsed 0h:00m:04s; CPU Time elapsed 0h:00m:03s; Memory used current: 184MB peak: 184MB)

---------------------------------------
Resource Usage Report
Part: lcmxo2_7000he-5

Register bits: 29 of 6864 (0%)
PIC Latch:       0
I/O cells:       31
Block Rams : 1 of 26 (3%)


Details:
CCU2D:          16
DP8KC:          1
FD1P3DX:        6
FD1S3AX:        1
FD1S3IX:        22
GSR:            1
IB:             16
OB:             15
ORCALUT4:       46
OSCH:           1
PUR:            1
VHI:            4
VLO:            5
Mapper successful!

At Mapper Exit (Real Time elapsed 0h:00m:04s; CPU Time elapsed 0h:00m:03s; Memory used current: 64MB peak: 184MB)

Process took 0h:00m:04s realtime, 0h:00m:03s cputime
# Tue May 24 09:23:24 2022

###########################################################]


Synthesis exit by 0.

edif2ngd  -l "MachXO2" -d LCMXO2-7000HE -path "C:/Users/migue/OneDrive/Documentos/ADC/03-3CM12-3erParcial/01-Practicas/02-ramEBR00/ramEBR0" -path "C:/Users/migue/OneDrive/Documentos/ADC/03-3CM12-3erParcial/01-Practicas/02-ramEBR00"   "C:/Users/migue/OneDrive/Documentos/ADC/03-3CM12-3erParcial/01-Practicas/02-ramEBR00/ramEBR0/ramEBR00_ramEBR0.edi" "ramEBR00_ramEBR0.ngo"   
edif2ngd:  version Diamond (64-bit) 3.12.0.240.2

Copyright (c) 1991-1994 by NeoCAD Inc. All rights reserved.
Copyright (c) 1995 AT&T Corp.   All rights reserved.
Copyright (c) 1995-2001 Lucent Technologies Inc.  All rights reserved.
Copyright (c) 2001 Agere Systems   All rights reserved.
Copyright (c) 2002-2020 Lattice Semiconductor Corporation,  All rights reserved.
Writing the design to ramEBR00_ramEBR0.ngo...

Total CPU Time: 0 secs  
Total REAL Time: 0 secs  
Peak Memory Usage: 10 MB


ngdbuild  -a "MachXO2" -d LCMXO2-7000HE  -p "C:/lscc/diamond/3.12/ispfpga/xo2c00/data"  -p "C:/Users/migue/OneDrive/Documentos/ADC/03-3CM12-3erParcial/01-Practicas/02-ramEBR00/ramEBR0" -p "C:/Users/migue/OneDrive/Documentos/ADC/03-3CM12-3erParcial/01-Practicas/02-ramEBR00"  "ramEBR00_ramEBR0.ngo" "ramEBR00_ramEBR0.ngd"  	
ngdbuild:  version Diamond (64-bit) 3.12.0.240.2

Copyright (c) 1991-1994 by NeoCAD Inc. All rights reserved.
Copyright (c) 1995 AT&T Corp.   All rights reserved.
Copyright (c) 1995-2001 Lucent Technologies Inc.  All rights reserved.
Copyright (c) 2001 Agere Systems   All rights reserved.
Copyright (c) 2002-2020 Lattice Semiconductor Corporation,  All rights reserved.
Reading 'ramEBR00_ramEBR0.ngo' ...
Loading NGL library 'C:/lscc/diamond/3.12/ispfpga/xo2c00a/data/xo2alib.ngl'...
Loading NGL library 'C:/lscc/diamond/3.12/ispfpga/xo2c00/data/xo2clib.ngl'...
Loading NGL library 'C:/lscc/diamond/3.12/ispfpga/mg5g00/data/mg5glib.ngl'...
Loading NGL library 'C:/lscc/diamond/3.12/ispfpga/or5g00/data/orc5glib.ngl'...


Running DRC...

    <postMsg mid="1166052" type="Warning" dynamic="2" navigation="1" arg0="logical" arg1="RAEBR00/C00/OSCInst0_SEDSTDBY" arg2="RAEBR00/C00/OSCInst0_SEDSTDBY"  />
    <postMsg mid="1163101" type="Warning" dynamic="1" navigation="0" arg0="1"  />

Design Results:
    134 blocks expanded
Complete the first expansion.
Writing 'ramEBR00_ramEBR0.ngd' ...
Total CPU Time: 0 secs 
Total REAL Time: 0 secs 
Peak Memory Usage: 17 MB


map -a "MachXO2" -p LCMXO2-7000HE -t TQFP144 -s 5 -oc Commercial   "ramEBR00_ramEBR0.ngd" -o "ramEBR00_ramEBR0_map.ncd" -pr "ramEBR00_ramEBR0.prf" -mp "ramEBR00_ramEBR0.mrp" -lpf "C:/Users/migue/OneDrive/Documentos/ADC/03-3CM12-3erParcial/01-Practicas/02-ramEBR00/ramEBR0/ramEBR00_ramEBR0_synplify.lpf" -lpf "C:/Users/migue/OneDrive/Documentos/ADC/03-3CM12-3erParcial/01-Practicas/02-ramEBR00/ramEBR00.lpf"  -c 0           
map:  version Diamond (64-bit) 3.12.0.240.2

Copyright (c) 1991-1994 by NeoCAD Inc. All rights reserved.
Copyright (c) 1995 AT&T Corp.   All rights reserved.
Copyright (c) 1995-2001 Lucent Technologies Inc.  All rights reserved.
Copyright (c) 2001 Agere Systems   All rights reserved.
Copyright (c) 2002-2020 Lattice Semiconductor Corporation,  All rights reserved.
   Process the file: ramEBR00_ramEBR0.ngd
   Picdevice="LCMXO2-7000HE"

   Pictype="TQFP144"

   Picspeed=5

   Remove unused logic

   Do not produce over sized NCDs.

Part used: LCMXO2-7000HETQFP144, Performance used: 5.

Loading device for application map from file 'xo2c7000.nph' in environment: C:/lscc/diamond/3.12/ispfpga.
Package Status:                     Final          Version 1.39.

Running general design DRC...

Removing unused logic...

Optimizing...

1 CCU2 constant inputs absorbed.

    <postMsg mid="51001030" type="Warning" dynamic="1" navigation="0" arg0="RAEBR01/outcontcr11"  />



Design Summary:
   Number of registers:     29 out of  7209 (0%)
      PFU registers:           29 out of  6864 (0%)
      PIO registers:            0 out of   345 (0%)
   Number of SLICEs:        39 out of  3432 (1%)
      SLICEs as Logic/ROM:     39 out of  3432 (1%)
      SLICEs as RAM:            0 out of  2574 (0%)
      SLICEs as Carry:         16 out of  3432 (0%)
   Number of LUT4s:         78 out of  6864 (1%)
      Number used as logic LUTs:         46
      Number used as distributed RAM:     0
      Number used as ripple logic:       32
      Number used as shift registers:     0
   Number of PIO sites used: 31 + 4(JTAG) out of 115 (30%)
   Number of block RAMs:  1 out of 26 (4%)
   Number of GSRs:        1 out of 1 (100%)
   EFB used :        No
   JTAG used :       No
   Readback used :   No
   Oscillator used : Yes
   Startup used :    No
   POR :             On
   Bandgap :         On
   Number of Power Controller:  0 out of 1 (0%)
   Number of Dynamic Bank Controller (BCINRD):  0 out of 6 (0%)
   Number of Dynamic Bank Controller (BCLVDSO):  0 out of 1 (0%)
   Number of DCCA:  0 out of 8 (0%)
   Number of DCMA:  0 out of 2 (0%)
   Number of PLLs:  0 out of 2 (0%)
   Number of DQSDLLs:  0 out of 2 (0%)
   Number of CLKDIVC:  0 out of 4 (0%)
   Number of ECLKSYNCA:  0 out of 4 (0%)
   Number of ECLKBRIDGECS:  0 out of 2 (0%)
   Notes:-
      1. Total number of LUT4s = (Number of logic LUT4s) + 2*(Number of distributed RAMs) + 2*(Number of ripple logic)
      2. Number of logic LUT4s does not include count of distributed RAM and ripple logic.
   Number of clocks:  2
     Net clk0_c: 5 loads, 5 rising, 0 falling (Driver: RAEBR00/C01/oscOut )
     Net RAEBR00/clkaux: 13 loads, 13 rising, 0 falling (Driver: RAEBR00/C00/OSCInst0 )
   Number of Clock Enables:  2
     Net en0_c: 2 loads, 0 LSLICEs
     Net RAEBR01/outcontcre: 4 loads, 4 LSLICEs
   Number of local set/reset loads for net RAEBR01/outcontcr11 merged into GSR:  6
   Number of LSRs:  2
     Net re0_c: 1 loads, 0 LSLICEs
     Net RAEBR00/C01/oscOut_0_sqmuxa_0_a2_RNI095AB: 12 loads, 12 LSLICEs
   Number of nets driven by tri-state buffers:  0
   Top 10 highest fanout non-clock nets:
     Net RAEBR00/C01/oscOut_0_sqmuxa_0_a2_RNI095AB: 12 loads
     Net cdiv0_c[0]: 7 loads
     Net cdiv0_c[1]: 7 loads
     Net cdiv0_c[2]: 6 loads
     Net RAEBR00/C01/N_75: 6 loads
     Net RAEBR00/C01/sdiv[15]: 6 loads
     Net RAEBR00/C01/sdiv[18]: 6 loads
     Net RAEBR00/C01/sdiv[13]: 5 loads
     Net RAEBR00/C01/sdiv[16]: 5 loads
     Net RAEBR00/C01/sdiv[17]: 5 loads
 

   Number of warnings:  1
   Number of errors:    0



Total CPU Time: 0 secs  
Total REAL Time: 0 secs  
Peak Memory Usage: 58 MB

Dumping design to file ramEBR00_ramEBR0_map.ncd.

mpartrce -p "ramEBR00_ramEBR0.p2t" -f "ramEBR00_ramEBR0.p3t" -tf "ramEBR00_ramEBR0.pt" "ramEBR00_ramEBR0_map.ncd" "ramEBR00_ramEBR0.ncd"

---- MParTrce Tool ----
Removing old design directory at request of -rem command line option to this program.
Running par. Please wait . . .

Lattice Place and Route Report for Design "ramEBR00_ramEBR0_map.ncd"
Tue May 24 09:23:30 2022

PAR: Place And Route Diamond (64-bit) 3.12.0.240.2.
Command Line: par -w -l 5 -i 6 -t 1 -c 0 -e 0 -gui -exp parUseNBR=1:parCDP=0:parCDR=0:parPathBased=OFF:parASE=1 ramEBR00_ramEBR0_map.ncd ramEBR00_ramEBR0.dir/5_1.ncd ramEBR00_ramEBR0.prf
Preference file: ramEBR00_ramEBR0.prf.
Placement level-cost: 5-1.
Routing Iterations: 6

Loading design for application par from file ramEBR00_ramEBR0_map.ncd.
Design name: ramEBR00
NCD version: 3.3
Vendor:      LATTICE
Device:      LCMXO2-7000HE
Package:     TQFP144
Performance: 5
Loading device for application par from file 'xo2c7000.nph' in environment: C:/lscc/diamond/3.12/ispfpga.
Package Status:                     Final          Version 1.39.
Performance Hardware Data Status:   Final          Version 34.4.
License checked out.


Ignore Preference Error(s):  True
Device utilization summary:

   PIO (prelim)   31+4(JTAG)/336     10% used
                  31+4(JTAG)/115     30% bonded

   SLICE             39/3432          1% used

   GSR                1/1           100% used
   OSC                1/1           100% used
   EBR                1/26            3% used


INFO: Design contains pre-loadable EBR during configuration that has a requirement: Since the GSR is disabled for the EBR, make sure write enable and chip enable are inactive during wake-up, so that the pre-loaded initialization values will not be corrupted during wake-up state.
Number of Signals: 142
Number of Connections: 301

Pin Constraint Summary:
   31 out of 31 pins locked (100% locked).

The following 1 signal is selected to use the primary clock routing resources:
    RAEBR00/clkaux (driver: RAEBR00/C00/OSCInst0, clk load #: 13)


The following 2 signals are selected to use the secondary clock routing resources:
    RAEBR00/C01/oscOut_0_sqmuxa_0_a2_RNI095AB (driver: RAEBR00/C01/SLICE_22, clk load #: 0, sr load #: 12, ce load #: 0)
    clk0_c (driver: RAEBR00/C01/SLICE_16, clk load #: 5, sr load #: 0, ce load #: 0)

Signal RAEBR01/outcontcr11 is selected as Global Set/Reset.
Starting Placer Phase 0.
.......
Finished Placer Phase 0.  REAL time: 2 secs 

Starting Placer Phase 1.
..................
Placer score = 39948.
Finished Placer Phase 1.  REAL time: 8 secs 

Starting Placer Phase 2.
.
Placer score =  38707
Finished Placer Phase 2.  REAL time: 8 secs 


------------------ Clock Report ------------------

Global Clock Resources:
  CLK_PIN    : 0 out of 8 (0%)
  PLL        : 0 out of 2 (0%)
  DCM        : 0 out of 2 (0%)
  DCC        : 0 out of 8 (0%)

Global Clocks:
  PRIMARY "RAEBR00/clkaux" from OSC on comp "RAEBR00/C00/OSCInst0" on site "OSC", clk load = 13
  SECONDARY "RAEBR00/C01/oscOut_0_sqmuxa_0_a2_RNI095AB" from F0 on comp "RAEBR00/C01/SLICE_22" on site "R21C20C", clk load = 0, ce load = 0, sr load = 12
  SECONDARY "clk0_c" from Q0 on comp "RAEBR00/C01/SLICE_16" on site "R21C20B", clk load = 5, ce load = 0, sr load = 0

  PRIMARY  : 1 out of 8 (12%)
  SECONDARY: 2 out of 8 (25%)

Edge Clocks:
  No edge clock selected.

--------------- End of Clock Report ---------------


I/O Usage Summary (final):
   31 + 4(JTAG) out of 336 (10.4%) PIO sites used.
   31 + 4(JTAG) out of 115 (30.4%) bonded PIO sites used.
   Number of PIO comps: 31; differential: 0.
   Number of Vref pins used: 0.

I/O Bank Usage Summary:
+----------+----------------+------------+-----------+
| I/O Bank | Usage          | Bank Vccio | Bank Vref |
+----------+----------------+------------+-----------+
| 0        | 14 / 28 ( 50%) | 2.5V       | -         |
| 1        | 0 / 29 (  0%)  | -          | -         |
| 2        | 16 / 29 ( 55%) | 2.5V       | -         |
| 3        | 1 / 9 ( 11%)   | 2.5V       | -         |
| 4        | 0 / 10 (  0%)  | -          | -         |
| 5        | 0 / 10 (  0%)  | -          | -         |
+----------+----------------+------------+-----------+

Total placer CPU time: 7 secs 

Dumping design to file ramEBR00_ramEBR0.dir/5_1.ncd.

0 connections routed; 301 unrouted.
Starting router resource preassignment

Completed router resource preassignment. Real time: 12 secs 

Start NBR router at 09:23:43 05/24/22

*****************************************************************
Info: NBR allows conflicts(one node used by more than one signal)
      in the earlier iterations. In each iteration, it tries to  
      solve the conflicts while keeping the critical connections 
      routed as short as possible. The routing process is said to
      be completed when no conflicts exist and all connections   
      are routed.                                                
Note: NBR uses a different method to calculate timing slacks. The
      worst slack and total negative slack may not be the same as
      that in TRCE report. You should always run TRCE to verify  
      your design.                                               
*****************************************************************

Start NBR special constraint process at 09:23:43 05/24/22

Start NBR section for initial routing at 09:23:43 05/24/22
Level 4, iteration 1
5(0.00%) conflicts; 0(0.00%) untouched conn; 0 (nbr) score; 
Estimated worst slack/total negative slack<setup>: 466.402ns/0.000ns; real time: 12 secs 

Info: Initial congestion level at 75% usage is 0
Info: Initial congestion area  at 75% usage is 0 (0.00%)

Start NBR section for normal routing at 09:23:43 05/24/22
Level 4, iteration 1
0(0.00%) conflict; 0(0.00%) untouched conn; 0 (nbr) score; 
Estimated worst slack/total negative slack<setup>: 466.348ns/0.000ns; real time: 12 secs 

Start NBR section for setup/hold timing optimization with effort level 3 at 09:23:43 05/24/22

Start NBR section for re-routing at 09:23:43 05/24/22
Level 4, iteration 1
0(0.00%) conflict; 0(0.00%) untouched conn; 0 (nbr) score; 
Estimated worst slack/total negative slack<setup>: 466.348ns/0.000ns; real time: 12 secs 

Start NBR section for post-routing at 09:23:43 05/24/22

End NBR router with 0 unrouted connection

NBR Summary
-----------
  Number of unrouted connections : 0 (0.00%)
  Number of connections with timing violations : 0 (0.00%)
  Estimated worst slack<setup> : 466.348ns
  Timing score<setup> : 0
-----------
Notes: The timing info is calculated for SETUP only and all PAR_ADJs are ignored.



Total CPU time 11 secs 
Total REAL time: 13 secs 
Completely routed.
End of route.  301 routed (100.00%); 0 unrouted.

Hold time timing score: 0, hold timing errors: 0

Timing score: 0 

Dumping design to file ramEBR00_ramEBR0.dir/5_1.ncd.


PAR_SUMMARY::Run status = Completed
PAR_SUMMARY::Number of unrouted conns = 0
PAR_SUMMARY::Worst  slack<setup/<ns>> = 466.348
PAR_SUMMARY::Timing score<setup/<ns>> = 0.000
PAR_SUMMARY::Worst  slack<hold /<ns>> = 0.379
PAR_SUMMARY::Timing score<hold /<ns>> = 0.000
PAR_SUMMARY::Number of errors = 0

Total CPU  time to completion: 11 secs 
Total REAL time to completion: 14 secs 

par done!

Note: user must run 'Trace' for timing closure signoff.

Copyright (c) 1991-1994 by NeoCAD Inc. All rights reserved.
Copyright (c) 1995 AT&T Corp.   All rights reserved.
Copyright (c) 1995-2001 Lucent Technologies Inc.  All rights reserved.
Copyright (c) 2001 Agere Systems   All rights reserved.
Copyright (c) 2002-2020 Lattice Semiconductor Corporation,  All rights reserved.
Exiting par with exit code 0
Exiting mpartrce with exit code 0

trce -f "ramEBR00_ramEBR0.pt" -o "ramEBR00_ramEBR0.twr" "ramEBR00_ramEBR0.ncd" "ramEBR00_ramEBR0.prf"
trce:  version Diamond (64-bit) 3.12.0.240.2

Copyright (c) 1991-1994 by NeoCAD Inc. All rights reserved.
Copyright (c) 1995 AT&T Corp.   All rights reserved.
Copyright (c) 1995-2001 Lucent Technologies Inc.  All rights reserved.
Copyright (c) 2001 Agere Systems   All rights reserved.
Copyright (c) 2002-2020 Lattice Semiconductor Corporation,  All rights reserved.

Loading design for application trce from file ramebr00_ramebr0.ncd.
Design name: ramEBR00
NCD version: 3.3
Vendor:      LATTICE
Device:      LCMXO2-7000HE
Package:     TQFP144
Performance: 5
Loading device for application trce from file 'xo2c7000.nph' in environment: C:/lscc/diamond/3.12/ispfpga.
Package Status:                     Final          Version 1.39.
Performance Hardware Data Status:   Final          Version 34.4.
Setup and Hold Report

--------------------------------------------------------------------------------
Lattice TRACE Report - Setup, Version Diamond (64-bit) 3.12.0.240.2
Tue May 24 09:23:46 2022

Copyright (c) 1991-1994 by NeoCAD Inc. All rights reserved.
Copyright (c) 1995 AT&T Corp.   All rights reserved.
Copyright (c) 1995-2001 Lucent Technologies Inc.  All rights reserved.
Copyright (c) 2001 Agere Systems   All rights reserved.
Copyright (c) 2002-2020 Lattice Semiconductor Corporation,  All rights reserved.

Report Information
------------------
Command line:    trce -v 10 -gt -sethld -sp 5 -sphld m -o ramEBR00_ramEBR0.twr -gui ramEBR00_ramEBR0.ncd ramEBR00_ramEBR0.prf 
Design file:     ramebr00_ramebr0.ncd
Preference file: ramebr00_ramebr0.prf
Device,speed:    LCMXO2-7000HE,5
Report level:    verbose report, limited to 10 items per preference
--------------------------------------------------------------------------------

BLOCK ASYNCPATHS
BLOCK RESETPATHS
--------------------------------------------------------------------------------



Timing summary (Setup):
---------------

Timing errors: 0  Score: 0
Cumulative negative slack: 0

Constraints cover 6840 paths, 1 nets, and 232 connections (77.08% coverage)

--------------------------------------------------------------------------------
Lattice TRACE Report - Hold, Version Diamond (64-bit) 3.12.0.240.2
Tue May 24 09:23:46 2022

Copyright (c) 1991-1994 by NeoCAD Inc. All rights reserved.
Copyright (c) 1995 AT&T Corp.   All rights reserved.
Copyright (c) 1995-2001 Lucent Technologies Inc.  All rights reserved.
Copyright (c) 2001 Agere Systems   All rights reserved.
Copyright (c) 2002-2020 Lattice Semiconductor Corporation,  All rights reserved.

Report Information
------------------
Command line:    trce -v 10 -gt -sethld -sp 5 -sphld m -o ramEBR00_ramEBR0.twr -gui ramEBR00_ramEBR0.ncd ramEBR00_ramEBR0.prf 
Design file:     ramebr00_ramebr0.ncd
Preference file: ramebr00_ramebr0.prf
Device,speed:    LCMXO2-7000HE,m
Report level:    verbose report, limited to 10 items per preference
--------------------------------------------------------------------------------

BLOCK ASYNCPATHS
BLOCK RESETPATHS
--------------------------------------------------------------------------------



Timing summary (Hold):
---------------

Timing errors: 0  Score: 0
Cumulative negative slack: 0

Constraints cover 6840 paths, 1 nets, and 232 connections (77.08% coverage)



Timing summary (Setup and Hold):
---------------

Timing errors: 0 (setup), 0 (hold)
Score: 0 (setup), 0 (hold)
Cumulative negative slack: 0 (0+0)
--------------------------------------------------------------------------------

--------------------------------------------------------------------------------

Total CPU Time: 1 secs 
Total REAL Time: 2 secs 
Peak Memory Usage: 66 MB


tmcheck -par "ramEBR00_ramEBR0.par" 

bitgen -f "ramEBR00_ramEBR0.t2b" -w "ramEBR00_ramEBR0.ncd"  -jedec "ramEBR00_ramEBR0.prf"


BITGEN: Bitstream Generator Diamond (64-bit) 3.12.0.240.2
Copyright (c) 1991-1994 by NeoCAD Inc. All rights reserved.
Copyright (c) 1995 AT&T Corp.   All rights reserved.
Copyright (c) 1995-2001 Lucent Technologies Inc.  All rights reserved.
Copyright (c) 2001 Agere Systems   All rights reserved.
Copyright (c) 2002-2020 Lattice Semiconductor Corporation,  All rights reserved.


Loading design for application Bitgen from file ramEBR00_ramEBR0.ncd.
Design name: ramEBR00
NCD version: 3.3
Vendor:      LATTICE
Device:      LCMXO2-7000HE
Package:     TQFP144
Performance: 5
Loading device for application Bitgen from file 'xo2c7000.nph' in environment: C:/lscc/diamond/3.12/ispfpga.
Package Status:                     Final          Version 1.39.
Performance Hardware Data Status:   Final          Version 34.4.

Running DRC.
INFO: Design contains pre-loadable EBR during configuration that has a requirement: Since the GSR is disabled for the EBR, make sure write enable and chip enable are inactive during wake-up, so that the pre-loaded initialization values will not be corrupted during wake-up state.
DRC detected 0 errors and 0 warnings.
Reading Preference File from ramEBR00_ramEBR0.prf.

Preference Summary:
+---------------------------------+---------------------------------+
|  Preference                     |  Current Setting                |
+---------------------------------+---------------------------------+
|                         RamCfg  |                        Reset**  |
+---------------------------------+---------------------------------+
|                     MCCLK_FREQ  |                         2.08**  |
+---------------------------------+---------------------------------+
|                  CONFIG_SECURE  |                          OFF**  |
+---------------------------------+---------------------------------+
|                          INBUF  |                           ON**  |
+---------------------------------+---------------------------------+
|                      JTAG_PORT  |                       ENABLE**  |
+---------------------------------+---------------------------------+
|                       SDM_PORT  |                      DISABLE**  |
+---------------------------------+---------------------------------+
|                 SLAVE_SPI_PORT  |                      DISABLE**  |
+---------------------------------+---------------------------------+
|                MASTER_SPI_PORT  |                      DISABLE**  |
+---------------------------------+---------------------------------+
|                       I2C_PORT  |                      DISABLE**  |
+---------------------------------+---------------------------------+
|        MUX_CONFIGURATION_PORTS  |                      DISABLE**  |
+---------------------------------+---------------------------------+
|                  CONFIGURATION  |                          CFG**  |
+---------------------------------+---------------------------------+
|                COMPRESS_CONFIG  |                           ON**  |
+---------------------------------+---------------------------------+
|                        MY_ASSP  |                          OFF**  |
+---------------------------------+---------------------------------+
|               ONE_TIME_PROGRAM  |                          OFF**  |
+---------------------------------+---------------------------------+
|                 ENABLE_TRANSFR  |                      DISABLE**  |
+---------------------------------+---------------------------------+
|                  SHAREDEBRINIT  |                      DISABLE**  |
+---------------------------------+---------------------------------+
|            BACKGROUND_RECONFIG  |                          OFF**  |
+---------------------------------+---------------------------------+
 *  Default setting.
 ** The specified setting matches the default setting.


Creating bit map...
 
Bitstream Status: Final           Version 1.95.
 
Saving bit stream in "ramEBR00_ramEBR0.jed".
 
===========
UFM Summary.
===========
UFM Size:        2046 Pages (128*2046 Bits).
UFM Utilization: General Purpose Flash Memory.
 
Available General Purpose Flash Memory: 2046 Pages (Page 0 to Page 2045).
Initialized UFM Pages:                     0 Page.
 
Total CPU Time: 4 secs 
Total REAL Time: 8 secs 
Peak Memory Usage: 289 MB
