Running in Lattice mode

Starting:    C:\lscc\diamond\3.12\synpbase\bin64\mbin\synbatch.exe
Install:     C:\lscc\diamond\3.12\synpbase
Hostname:    DESKTOP-VTJO39V
Date:        Tue May 24 09:23:07 2022
Version:     Q-2020.03L-SP1

Arguments:   -product synplify_pro -batch ramEBR00_ramEBR0_synplify.tcl
ProductType: synplify_pro




Copied C:\Users\migue\OneDrive\Documentos\ADC\03-3CM12-3erParcial\01-Practicas\02-ramEBR00\ramEBR0\ramEBR00_ramEBR0.srr to C:\Users\migue\OneDrive\Documentos\ADC\03-3CM12-3erParcial\01-Practicas\02-ramEBR00\ramEBR0\backup\ramEBR00_ramEBR0.srr
log file: "C:\Users\migue\OneDrive\Documentos\ADC\03-3CM12-3erParcial\01-Practicas\02-ramEBR00\ramEBR0\ramEBR00_ramEBR0.srr"
Running: hdl_info_gen in foreground

Generating HDL info...
Copied C:\Users\migue\OneDrive\Documentos\ADC\03-3CM12-3erParcial\01-Practicas\02-ramEBR00\ramEBR0\ramEBR00_ramEBR0.srr to C:\Users\migue\OneDrive\Documentos\ADC\03-3CM12-3erParcial\01-Practicas\02-ramEBR00\ramEBR0\ramEBR00_ramEBR0.srf

hdl_info_gen completed
# Tue May 24 09:23:08 2022

Return Code: 0
Run Time:00h:00m:00s
log file: "C:\Users\migue\OneDrive\Documentos\ADC\03-3CM12-3erParcial\01-Practicas\02-ramEBR00\ramEBR0\ramEBR00_ramEBR0.srr"
Running: ramEBR0 in foreground

Running proj_1|ramEBR0

Running Flow: compile (Compile) on proj_1|ramEBR0
# Tue May 24 09:23:09 2022

Running Flow: compile_flow (Compile Process) on proj_1|ramEBR0
# Tue May 24 09:23:09 2022

Running: compiler (Compile Input) on proj_1|ramEBR0
# Tue May 24 09:23:09 2022
Copied C:\Users\migue\OneDrive\Documentos\ADC\03-3CM12-3erParcial\01-Practicas\02-ramEBR00\ramEBR0\synwork\ramEBR00_ramEBR0_comp.srs to C:\Users\migue\OneDrive\Documentos\ADC\03-3CM12-3erParcial\01-Practicas\02-ramEBR00\ramEBR0\ramEBR00_ramEBR0.srs

compiler completed
# Tue May 24 09:23:14 2022

Return Code: 0
Run Time:00h:00m:05s

Running: multi_srs_gen (Multi-srs Generator) on proj_1|ramEBR0
# Tue May 24 09:23:14 2022

multi_srs_gen completed
# Tue May 24 09:23:15 2022

Return Code: 0
Run Time:00h:00m:01s
Copied C:\Users\migue\OneDrive\Documentos\ADC\03-3CM12-3erParcial\01-Practicas\02-ramEBR00\ramEBR0\synwork\ramEBR00_ramEBR0_mult.srs to C:\Users\migue\OneDrive\Documentos\ADC\03-3CM12-3erParcial\01-Practicas\02-ramEBR00\ramEBR0\ramEBR00_ramEBR0.srs
Copied C:\Users\migue\OneDrive\Documentos\ADC\03-3CM12-3erParcial\01-Practicas\02-ramEBR00\ramEBR0\ramEBR00_ramEBR0.srr to C:\Users\migue\OneDrive\Documentos\ADC\03-3CM12-3erParcial\01-Practicas\02-ramEBR00\ramEBR0\ramEBR00_ramEBR0.srf
Complete: Compile Process on proj_1|ramEBR0

Running: premap (Premap) on proj_1|ramEBR0
# Tue May 24 09:23:15 2022

premap completed with warnings
# Tue May 24 09:23:19 2022

Return Code: 1
Run Time:00h:00m:04s
Complete: Compile on proj_1|ramEBR0

Running Flow: map (Map) on proj_1|ramEBR0
# Tue May 24 09:23:19 2022

Running: fpga_mapper (Map & Optimize) on proj_1|ramEBR0
# Tue May 24 09:23:19 2022
Copied C:\Users\migue\OneDrive\Documentos\ADC\03-3CM12-3erParcial\01-Practicas\02-ramEBR00\ramEBR0\synwork\ramEBR00_ramEBR0_m.srm to C:\Users\migue\OneDrive\Documentos\ADC\03-3CM12-3erParcial\01-Practicas\02-ramEBR00\ramEBR0\ramEBR00_ramEBR0.srm

fpga_mapper completed with warnings
# Tue May 24 09:23:24 2022

Return Code: 1
Run Time:00h:00m:05s
Complete: Map on proj_1|ramEBR0
Copied C:\Users\migue\OneDrive\Documentos\ADC\03-3CM12-3erParcial\01-Practicas\02-ramEBR00\ramEBR0\ramEBR00_ramEBR0.srr to C:\Users\migue\OneDrive\Documentos\ADC\03-3CM12-3erParcial\01-Practicas\02-ramEBR00\ramEBR0\ramEBR00_ramEBR0.srf
Complete: Logic Synthesis on proj_1|ramEBR0
TCL script complete: "ramEBR00_ramEBR0_synplify.tcl"
exit status=0
exit status=0
Save changes for project:
C:\Users\migue\OneDrive\Documentos\ADC\03-3CM12-3erParcial\01-Practicas\02-ramEBR00\ramEBR0\proj_1.prj
batch mode default:no
