Running in Lattice mode

Starting:    C:\lscc\diamond\3.12\synpbase\bin64\mbin\synbatch.exe
Install:     C:\lscc\diamond\3.12\synpbase
Hostname:    DESKTOP-VTJO39V
Date:        Wed Feb 23 22:48:26 2022
Version:     Q-2020.03L-SP1

Arguments:   -product synplify_pro -batch and00_and0_synplify.tcl
ProductType: synplify_pro




log file: "C:\Users\migue\OneDrive\Documentos\ADC\04-3CM12-projectdiamon-1erParcial\and00\and0\and00_and0.srr"
Running: hdl_info_gen in foreground

Generating HDL info...

hdl_info_gen completed
# Wed Feb 23 22:48:28 2022

Return Code: 0
Run Time:00h:00m:01s
log file: "C:\Users\migue\OneDrive\Documentos\ADC\04-3CM12-projectdiamon-1erParcial\and00\and0\and00_and0.srr"
Running: and0 in foreground

Running proj_1|and0

Running Flow: compile (Compile) on proj_1|and0
# Wed Feb 23 22:48:29 2022

Running Flow: compile_flow (Compile Process) on proj_1|and0
# Wed Feb 23 22:48:29 2022

Running: compiler (Compile Input) on proj_1|and0
# Wed Feb 23 22:48:29 2022
Copied C:\Users\migue\OneDrive\Documentos\ADC\04-3CM12-projectdiamon-1erParcial\and00\and0\synwork\and00_and0_comp.srs to C:\Users\migue\OneDrive\Documentos\ADC\04-3CM12-projectdiamon-1erParcial\and00\and0\and00_and0.srs

compiler completed
# Wed Feb 23 22:48:32 2022

Return Code: 0
Run Time:00h:00m:03s

Running: multi_srs_gen (Multi-srs Generator) on proj_1|and0
# Wed Feb 23 22:48:32 2022

multi_srs_gen completed
# Wed Feb 23 22:48:33 2022

Return Code: 0
Run Time:00h:00m:01s
Copied C:\Users\migue\OneDrive\Documentos\ADC\04-3CM12-projectdiamon-1erParcial\and00\and0\synwork\and00_and0_mult.srs to C:\Users\migue\OneDrive\Documentos\ADC\04-3CM12-projectdiamon-1erParcial\and00\and0\and00_and0.srs
Copied C:\Users\migue\OneDrive\Documentos\ADC\04-3CM12-projectdiamon-1erParcial\and00\and0\and00_and0.srr to C:\Users\migue\OneDrive\Documentos\ADC\04-3CM12-projectdiamon-1erParcial\and00\and0\and00_and0.srf
Complete: Compile Process on proj_1|and0

Running: premap (Premap) on proj_1|and0
# Wed Feb 23 22:48:33 2022

premap completed
# Wed Feb 23 22:48:37 2022

Return Code: 0
Run Time:00h:00m:04s
Complete: Compile on proj_1|and0

Running Flow: map (Map) on proj_1|and0
# Wed Feb 23 22:48:37 2022

Running: fpga_mapper (Map & Optimize) on proj_1|and0
# Wed Feb 23 22:48:37 2022
Copied C:\Users\migue\OneDrive\Documentos\ADC\04-3CM12-projectdiamon-1erParcial\and00\and0\synwork\and00_and0_m.srm to C:\Users\migue\OneDrive\Documentos\ADC\04-3CM12-projectdiamon-1erParcial\and00\and0\and00_and0.srm

fpga_mapper completed
# Wed Feb 23 22:48:43 2022

Return Code: 0
Run Time:00h:00m:06s
Complete: Map on proj_1|and0
Copied C:\Users\migue\OneDrive\Documentos\ADC\04-3CM12-projectdiamon-1erParcial\and00\and0\and00_and0.srr to C:\Users\migue\OneDrive\Documentos\ADC\04-3CM12-projectdiamon-1erParcial\and00\and0\and00_and0.srf
Complete: Logic Synthesis on proj_1|and0
TCL script complete: "and00_and0_synplify.tcl"
exit status=0
exit status=0
Save changes for project:
C:\Users\migue\OneDrive\Documentos\ADC\04-3CM12-projectdiamon-1erParcial\and00\and0\proj_1.prj
batch mode default:no
