
synpwrap -msg -prj "key02_key0_synplify.tcl" -log "key02_key0.srf"
Copyright (C) 1992-2020 Lattice Semiconductor Corporation. All rights reserved.
Lattice Diamond Version 3.12.0.240.2
    <postMsg mid="2011000" type="Info"    dynamic="0" navigation="0"  />

==contents of key02_key0.srf
#Build: Synplify Pro (R) Q-2020.03L-SP1, Build 182R, Oct 29 2020
#install: C:\lscc\diamond\3.12\synpbase
#OS: Windows 8 6.2
#Hostname: DESKTOP-VTJO39V

# Sat May 28 19:32:11 2022

#Implementation: key0


Copyright (C) 1994-2020 Synopsys, Inc.
This Synopsys software and all associated documentation are proprietary to Synopsys, Inc.
and may only be used pursuant to the terms and conditions of a written license agreement
with Synopsys, Inc. All other use, reproduction, modification, or distribution of the
Synopsys software or the associated documentation is strictly prohibited.
Tool: Synplify Pro (R)
Build: Q-2020.03L-SP1
Install: C:\lscc\diamond\3.12\synpbase
OS: Windows 6.2

Hostname: DESKTOP-VTJO39V

Implementation : key0
Synopsys HDL Compiler, Version comp202003synp2, Build 182R, Built Oct 29 2020 10:49:53, @

@N|Running in 64-bit mode
###########################################################[

Copyright (C) 1994-2020 Synopsys, Inc.
This Synopsys software and all associated documentation are proprietary to Synopsys, Inc.
and may only be used pursuant to the terms and conditions of a written license agreement
with Synopsys, Inc. All other use, reproduction, modification, or distribution of the
Synopsys software or the associated documentation is strictly prohibited.
Tool: Synplify Pro (R)
Build: Q-2020.03L-SP1
Install: C:\lscc\diamond\3.12\synpbase
OS: Windows 6.2

Hostname: DESKTOP-VTJO39V

Implementation : key0
Synopsys VHDL Compiler, Version comp202003synp2, Build 182R, Built Oct 29 2020 10:49:53, @

@N|Running in 64-bit mode
@N:"C:\Users\migue\OneDrive\Documentos\ADC\03-3CM12-3erParcial\01-Practicas\01-key02\key02.vhdl":7:7:7:11|Top entity is set to key02.
File C:\lscc\diamond\3.12\synpbase\lib\cpld\lattice.vhd changed - recompiling
File C:\lscc\diamond\3.12\synpbase\lib\lucent\machxo2.vhd changed - recompiling
File C:\Users\migue\OneDrive\Documentos\ADC\03-3CM12-3erParcial\01-Practicas\01-key02\key0\source\oscint00.vhd changed - recompiling
File C:\Users\migue\OneDrive\Documentos\ADC\03-3CM12-3erParcial\01-Practicas\01-key02\key0\source\packageOsc00.vhd changed - recompiling
File C:\Users\migue\OneDrive\Documentos\ADC\03-3CM12-3erParcial\01-Practicas\01-key02\contring00.vhdl changed - recompiling
File C:\Users\migue\OneDrive\Documentos\ADC\03-3CM12-3erParcial\01-Practicas\01-key02\coder00.vhdl changed - recompiling
File C:\Users\migue\OneDrive\Documentos\ADC\03-3CM12-3erParcial\01-Practicas\01-key02\lect00.vhdl changed - recompiling
File C:\Users\migue\OneDrive\Documentos\ADC\03-3CM12-3erParcial\01-Practicas\01-key02\contring7seg00.vhdl changed - recompiling
File C:\Users\migue\OneDrive\Documentos\ADC\03-3CM12-3erParcial\01-Practicas\01-key02\coder7seg00.vhdl changed - recompiling
File C:\Users\migue\OneDrive\Documentos\ADC\03-3CM12-3erParcial\01-Practicas\01-key02\packagekey0200.vhdl changed - recompiling
File C:\Users\migue\OneDrive\Documentos\ADC\03-3CM12-3erParcial\01-Practicas\01-key02\key0\source\osc00.vhd changed - recompiling
File C:\Users\migue\OneDrive\Documentos\ADC\03-3CM12-3erParcial\01-Practicas\01-key02\key02.vhdl changed - recompiling
VHDL syntax check successful!
File C:\Users\migue\OneDrive\Documentos\ADC\03-3CM12-3erParcial\01-Practicas\01-key02\lect00.vhdl changed - recompiling
@N: CD630 :"C:\Users\migue\OneDrive\Documentos\ADC\03-3CM12-3erParcial\01-Practicas\01-key02\key02.vhdl":7:7:7:11|Synthesizing work.key02.key0.
@N: CD630 :"C:\Users\migue\OneDrive\Documentos\ADC\03-3CM12-3erParcial\01-Practicas\01-key02\coder7seg00.vhdl":6:7:6:17|Synthesizing work.coder7seg00.coder7seg0.
Post processing for work.coder7seg00.coder7seg0
Running optimization stage 1 on coder7seg00 .......
@N: CD630 :"C:\Users\migue\OneDrive\Documentos\ADC\03-3CM12-3erParcial\01-Practicas\01-key02\contring7seg00.vhdl":6:7:6:20|Synthesizing work.contring7seg00.contring7seg0.
@W: CG296 :"C:\Users\migue\OneDrive\Documentos\ADC\03-3CM12-3erParcial\01-Practicas\01-key02\contring7seg00.vhdl":17:9:17:15|Incomplete sensitivity list; assuming completeness. Make sure all referenced variables in message CG290 are included in the sensitivity list.
@W: CG290 :"C:\Users\migue\OneDrive\Documentos\ADC\03-3CM12-3erParcial\01-Practicas\01-key02\contring7seg00.vhdl":19:7:19:10|Referenced variable enr7 is not in sensitivity list.
Post processing for work.contring7seg00.contring7seg0
Running optimization stage 1 on contring7seg00 .......
@N: CD630 :"C:\Users\migue\OneDrive\Documentos\ADC\03-3CM12-3erParcial\01-Practicas\01-key02\lect00.vhdl":6:7:6:12|Synthesizing work.lect00.lect0.
Post processing for work.lect00.lect0
Running optimization stage 1 on lect00 .......
@N: CD630 :"C:\Users\migue\OneDrive\Documentos\ADC\03-3CM12-3erParcial\01-Practicas\01-key02\coder00.vhdl":8:7:8:13|Synthesizing work.coder00.coder0.
@W: CG296 :"C:\Users\migue\OneDrive\Documentos\ADC\03-3CM12-3erParcial\01-Practicas\01-key02\coder00.vhdl":25:9:25:15|Incomplete sensitivity list; assuming completeness. Make sure all referenced variables in message CG290 are included in the sensitivity list.
@W: CG290 :"C:\Users\migue\OneDrive\Documentos\ADC\03-3CM12-3erParcial\01-Practicas\01-key02\coder00.vhdl":31:7:31:9|Referenced variable enc is not in sensitivity list.
Post processing for work.coder00.coder0
Running optimization stage 1 on coder00 .......
@N: CD630 :"C:\Users\migue\OneDrive\Documentos\ADC\03-3CM12-3erParcial\01-Practicas\01-key02\contring00.vhdl":6:7:6:16|Synthesizing work.contring00.contring0.
@W: CG296 :"C:\Users\migue\OneDrive\Documentos\ADC\03-3CM12-3erParcial\01-Practicas\01-key02\contring00.vhdl":17:8:17:14|Incomplete sensitivity list; assuming completeness. Make sure all referenced variables in message CG290 are included in the sensitivity list.
@W: CG290 :"C:\Users\migue\OneDrive\Documentos\ADC\03-3CM12-3erParcial\01-Practicas\01-key02\contring00.vhdl":19:7:19:9|Referenced variable enr is not in sensitivity list.
Post processing for work.contring00.contring0
Running optimization stage 1 on contring00 .......
@N: CD630 :"C:\Users\migue\OneDrive\Documentos\ADC\03-3CM12-3erParcial\01-Practicas\01-key02\key0\source\osc00.vhd":10:7:10:11|Synthesizing work.osc00.osc0.
@N: CD630 :"C:\Users\migue\OneDrive\Documentos\ADC\03-3CM12-3erParcial\01-Practicas\01-key02\key0\source\div00.vhd":9:7:9:11|Synthesizing work.div00.div0.
@N: CD364 :"C:\Users\migue\OneDrive\Documentos\ADC\03-3CM12-3erParcial\01-Practicas\01-key02\key0\source\div00.vhd":30:6:30:11|Removing redundant assignment.
@N: CD364 :"C:\Users\migue\OneDrive\Documentos\ADC\03-3CM12-3erParcial\01-Practicas\01-key02\key0\source\div00.vhd":39:6:39:11|Removing redundant assignment.
@N: CD364 :"C:\Users\migue\OneDrive\Documentos\ADC\03-3CM12-3erParcial\01-Practicas\01-key02\key0\source\div00.vhd":48:6:48:11|Removing redundant assignment.
@N: CD364 :"C:\Users\migue\OneDrive\Documentos\ADC\03-3CM12-3erParcial\01-Practicas\01-key02\key0\source\div00.vhd":57:6:57:11|Removing redundant assignment.
@N: CD364 :"C:\Users\migue\OneDrive\Documentos\ADC\03-3CM12-3erParcial\01-Practicas\01-key02\key0\source\div00.vhd":66:6:66:11|Removing redundant assignment.
@N: CD364 :"C:\Users\migue\OneDrive\Documentos\ADC\03-3CM12-3erParcial\01-Practicas\01-key02\key0\source\div00.vhd":75:6:75:11|Removing redundant assignment.
@N: CD364 :"C:\Users\migue\OneDrive\Documentos\ADC\03-3CM12-3erParcial\01-Practicas\01-key02\key0\source\div00.vhd":84:6:84:11|Removing redundant assignment.
@N: CD364 :"C:\Users\migue\OneDrive\Documentos\ADC\03-3CM12-3erParcial\01-Practicas\01-key02\key0\source\div00.vhd":93:6:93:11|Removing redundant assignment.
Post processing for work.div00.div0
Running optimization stage 1 on div00 .......
@N: CD630 :"C:\Users\migue\OneDrive\Documentos\ADC\03-3CM12-3erParcial\01-Practicas\01-key02\key0\source\oscint00.vhd":8:7:8:14|Synthesizing work.oscint00.oscint0.
@W: CD276 :"C:\lscc\diamond\3.12\cae_library\synthesis\vhdl\machxo2.vhd":2297:8:2297:15|Map for port sedstdby of component osch not found
@N: CD630 :"C:\lscc\diamond\3.12\cae_library\synthesis\vhdl\machxo2.vhd":2291:10:2291:13|Synthesizing work.osch.syn_black_box.
Post processing for work.osch.syn_black_box
Post processing for work.oscint00.oscint0
Running optimization stage 1 on oscint00 .......
Post processing for work.osc00.osc0
Running optimization stage 1 on osc00 .......
Post processing for work.key02.key0
Running optimization stage 1 on key02 .......
Running optimization stage 2 on oscint00 .......
Running optimization stage 2 on div00 .......
Running optimization stage 2 on osc00 .......
Running optimization stage 2 on contring00 .......
Running optimization stage 2 on coder00 .......
Running optimization stage 2 on lect00 .......
Running optimization stage 2 on contring7seg00 .......
Running optimization stage 2 on coder7seg00 .......
@W: CL246 :"C:\Users\migue\OneDrive\Documentos\ADC\03-3CM12-3erParcial\01-Practicas\01-key02\coder7seg00.vhdl":9:2:9:8|Input port bits 31 to 16 of in32cd7(31 downto 0) are unused. Assign logic for all port bits or change the input port size.
Running optimization stage 2 on key02 .......

For a summary of runtime and memory usage per design unit, please see file:
==========================================================
@L: C:\Users\migue\OneDrive\Documentos\ADC\03-3CM12-3erParcial\01-Practicas\01-key02\key0\synwork\layer0.rt.csv


At c_vhdl Exit (Real Time elapsed 0h:00m:02s; CPU Time elapsed 0h:00m:01s; Memory used current: 99MB peak: 101MB)

Process took 0h:00m:02s realtime, 0h:00m:01s cputime

Process completed successfully.
# Sat May 28 19:32:15 2022

###########################################################]
###########################################################[

Copyright (C) 1994-2020 Synopsys, Inc.
This Synopsys software and all associated documentation are proprietary to Synopsys, Inc.
and may only be used pursuant to the terms and conditions of a written license agreement
with Synopsys, Inc. All other use, reproduction, modification, or distribution of the
Synopsys software or the associated documentation is strictly prohibited.
Tool: Synplify Pro (R)
Build: Q-2020.03L-SP1
Install: C:\lscc\diamond\3.12\synpbase
OS: Windows 6.2

Hostname: DESKTOP-VTJO39V

Implementation : key0
Synopsys Synopsys Netlist Linker, Version comp202003synp2, Build 182R, Built Oct 29 2020 10:49:53, @

@N|Running in 64-bit mode
File C:\Users\migue\OneDrive\Documentos\ADC\03-3CM12-3erParcial\01-Practicas\01-key02\key0\synwork\layer0.srs changed - recompiling

At syn_nfilter Exit (Real Time elapsed 0h:00m:00s; CPU Time elapsed 0h:00m:00s; Memory used current: 90MB peak: 90MB)

Process took 0h:00m:01s realtime, 0h:00m:01s cputime

Process completed successfully.
# Sat May 28 19:32:16 2022

###########################################################]

For a summary of runtime and memory usage for all design units, please see file:
==========================================================
@L: C:\Users\migue\OneDrive\Documentos\ADC\03-3CM12-3erParcial\01-Practicas\01-key02\key0\synwork\key02_key0_comp.rt.csv

@END

At c_hdl Exit (Real Time elapsed 0h:00m:04s; CPU Time elapsed 0h:00m:01s; Memory used current: 22MB peak: 23MB)

Process took 0h:00m:04s realtime, 0h:00m:01s cputime

Process completed successfully.
# Sat May 28 19:32:16 2022

###########################################################]
###########################################################[

Copyright (C) 1994-2020 Synopsys, Inc.
This Synopsys software and all associated documentation are proprietary to Synopsys, Inc.
and may only be used pursuant to the terms and conditions of a written license agreement
with Synopsys, Inc. All other use, reproduction, modification, or distribution of the
Synopsys software or the associated documentation is strictly prohibited.
Tool: Synplify Pro (R)
Build: Q-2020.03L-SP1
Install: C:\lscc\diamond\3.12\synpbase
OS: Windows 6.2

Hostname: DESKTOP-VTJO39V

Implementation : key0
Synopsys Synopsys Netlist Linker, Version comp202003synp2, Build 182R, Built Oct 29 2020 10:49:53, @

@N|Running in 64-bit mode
File C:\Users\migue\OneDrive\Documentos\ADC\03-3CM12-3erParcial\01-Practicas\01-key02\key0\synwork\key02_key0_comp.srs changed - recompiling

At syn_nfilter Exit (Real Time elapsed 0h:00m:00s; CPU Time elapsed 0h:00m:00s; Memory used current: 90MB peak: 91MB)

Process took 0h:00m:01s realtime, 0h:00m:01s cputime

Process completed successfully.
# Sat May 28 19:32:18 2022

###########################################################]
Premap Report

# Sat May 28 19:32:19 2022


Copyright (C) 1994-2020 Synopsys, Inc.
This Synopsys software and all associated documentation are proprietary to Synopsys, Inc.
and may only be used pursuant to the terms and conditions of a written license agreement
with Synopsys, Inc. All other use, reproduction, modification, or distribution of the
Synopsys software or the associated documentation is strictly prohibited.
Tool: Synplify Pro (R)
Build: Q-2020.03L-SP1
Install: C:\lscc\diamond\3.12\synpbase
OS: Windows 6.2

Hostname: DESKTOP-VTJO39V

Implementation : key0
Synopsys Lattice Technology Pre-mapping, Version map202003lat, Build 172R, Built Nov  2 2020 09:31:45, @


Mapper Startup Complete (Real Time elapsed 0h:00m:00s; CPU Time elapsed 0h:00m:00s; Memory used current: 117MB peak: 117MB)

@A: MF827 |No constraint file specified.
@L: C:\Users\migue\OneDrive\Documentos\ADC\03-3CM12-3erParcial\01-Practicas\01-key02\key0\key02_key0_scck.rpt 
See clock summary report "C:\Users\migue\OneDrive\Documentos\ADC\03-3CM12-3erParcial\01-Practicas\01-key02\key0\key02_key0_scck.rpt"
@N: MF916 |Option synthesis_strategy=base is enabled. 
@N: MF248 |Running in 64-bit mode.
@N: MF666 |Clock conversion enabled. (Command "set_option -fix_gated_and_generated_clocks 1" in the project file.)

Design Input Complete (Real Time elapsed 0h:00m:00s; CPU Time elapsed 0h:00m:00s; Memory used current: 126MB peak: 129MB)


Mapper Initialization Complete (Real Time elapsed 0h:00m:00s; CPU Time elapsed 0h:00m:00s; Memory used current: 126MB peak: 129MB)


Start loading timing files (Real Time elapsed 0h:00m:01s; CPU Time elapsed 0h:00m:00s; Memory used current: 138MB peak: 138MB)


Finished loading timing files (Real Time elapsed 0h:00m:01s; CPU Time elapsed 0h:00m:00s; Memory used current: 138MB peak: 140MB)

@N: FX493 |Applying initial value "0" on instance var0.
@W: FX474 |User-specified initial value defined for some sequential elements which can prevent optimum synthesis results from being achieved. 
@N: FX493 |Applying initial value "0" on instance var1.
@N: FX493 |Applying initial value "0" on instance var2.
@N: FX493 |Applying initial value "0" on instance var3.

Starting clock optimization phase (Real Time elapsed 0h:00m:01s; CPU Time elapsed 0h:00m:00s; Memory used current: 170MB peak: 170MB)


Finished clock optimization phase (Real Time elapsed 0h:00m:01s; CPU Time elapsed 0h:00m:00s; Memory used current: 170MB peak: 170MB)


Starting clock optimization report phase (Real Time elapsed 0h:00m:01s; CPU Time elapsed 0h:00m:00s; Memory used current: 170MB peak: 171MB)


Finished clock optimization report phase (Real Time elapsed 0h:00m:01s; CPU Time elapsed 0h:00m:01s; Memory used current: 171MB peak: 171MB)

@N: FX1184 |Applying syn_allowed_resources blockrams=26 on top level netlist key02 

Finished netlist restructuring (Real Time elapsed 0h:00m:01s; CPU Time elapsed 0h:00m:01s; Memory used current: 171MB peak: 171MB)



Clock Summary
******************

          Start                                Requested     Requested     Clock                                               Clock                   Clock
Level     Clock                                Frequency     Period        Type                                                Group                   Load 
------------------------------------------------------------------------------------------------------------------------------------------------------------
0 -       oscint00|osc_int0_inferred_clock     2.1 MHz       480.769       inferred                                            Inferred_clkgroup_0     23   
1 .         div00|oscOut_derived_clock         2.1 MHz       480.769       derived (from oscint00|osc_int0_inferred_clock)     Inferred_clkgroup_0     49   
============================================================================================================================================================



Clock Load Summary
***********************

                                     Clock     Source                           Clock Pin              Non-clock Pin     Non-clock Pin
Clock                                Load      Pin                              Seq Example            Seq Example       Comb Example 
--------------------------------------------------------------------------------------------------------------------------------------
oscint00|osc_int0_inferred_clock     23        K0200.C00.OSCInst0.OSC(OSCH)     K0200.C01.oscOut.C     -                 -            
div00|oscOut_derived_clock           49        K0200.C01.oscOut.Q[0](dffe)      K0204.outr7[3:0].C     -                 -            
======================================================================================================================================

@W: MT529 :"c:\users\migue\onedrive\documentos\adc\03-3cm12-3erparcial\01-practicas\01-key02\key0\source\div00.vhd":22:2:22:3|Found inferred clock oscint00|osc_int0_inferred_clock which controls 23 sequential elements including K0200.C01.sdiv[21:0]. This clock has no specified timing constraint which may prevent conversion of gated or generated clocks and may adversely impact design performance. 

ICG Latch Removal Summary:
Number of ICG latches removed: 0
Number of ICG latches not removed:	0


@S |Clock Optimization Summary



#### START OF PREMAP CLOCK OPTIMIZATION REPORT #####[

1 non-gated/non-generated clock tree(s) driving 23 clock pin(s) of sequential element(s)
1 gated/generated clock tree(s) driving 49 clock pin(s) of sequential element(s)
0 instances converted, 49 sequential instances remain driven by gated/generated clocks

================================= Non-Gated/Non-Generated Clocks ==================================
Clock Tree ID     Driving Element            Drive Element Type     Fanout     Sample Instance     
---------------------------------------------------------------------------------------------------
@KP:ckid0_2       K0200.C00.OSCInst0.OSC     OSCH                   23         K0200.C01.sdiv[21:0]
===================================================================================================
================================================================ Gated/Generated Clocks =================================================================
Clock Tree ID     Driving Element           Drive Element Type     Unconverted Fanout     Sample Instance      Explanation                               
---------------------------------------------------------------------------------------------------------------------------------------------------------
@KP:ckid0_0       K0200.C01.oscOut.Q[0]     dffe                   49                     K0204.outr7[3:0]     Derived clock on input (not legal for GCC)
=========================================================================================================================================================


##### END OF CLOCK OPTIMIZATION REPORT ######

@N: FX1143 |Skipping assigning INTERNAL_VREF to iobanks, because the table of mapping from pin to iobank is not initialized.
Finished Pre Mapping Phase.

Starting constraint checker (Real Time elapsed 0h:00m:02s; CPU Time elapsed 0h:00m:01s; Memory used current: 171MB peak: 171MB)


Finished constraint checker preprocessing (Real Time elapsed 0h:00m:02s; CPU Time elapsed 0h:00m:01s; Memory used current: 171MB peak: 171MB)


Finished constraint checker (Real Time elapsed 0h:00m:02s; CPU Time elapsed 0h:00m:01s; Memory used current: 172MB peak: 172MB)

Pre-mapping successful!

At Mapper Exit (Real Time elapsed 0h:00m:03s; CPU Time elapsed 0h:00m:01s; Memory used current: 92MB peak: 174MB)

Process took 0h:00m:03s realtime, 0h:00m:01s cputime
# Sat May 28 19:32:22 2022

###########################################################]
Map & Optimize Report

# Sat May 28 19:32:22 2022


Copyright (C) 1994-2020 Synopsys, Inc.
This Synopsys software and all associated documentation are proprietary to Synopsys, Inc.
and may only be used pursuant to the terms and conditions of a written license agreement
with Synopsys, Inc. All other use, reproduction, modification, or distribution of the
Synopsys software or the associated documentation is strictly prohibited.
Tool: Synplify Pro (R)
Build: Q-2020.03L-SP1
Install: C:\lscc\diamond\3.12\synpbase
OS: Windows 6.2

Hostname: DESKTOP-VTJO39V

Implementation : key0
Synopsys Lattice Technology Mapper, Version map202003lat, Build 172R, Built Nov  2 2020 09:31:45, @


Mapper Startup Complete (Real Time elapsed 0h:00m:00s; CPU Time elapsed 0h:00m:00s; Memory used current: 117MB peak: 117MB)

@N: MF916 |Option synthesis_strategy=base is enabled. 
@N: MF248 |Running in 64-bit mode.
@N: MF666 |Clock conversion enabled. (Command "set_option -fix_gated_and_generated_clocks 1" in the project file.)

Design Input Complete (Real Time elapsed 0h:00m:00s; CPU Time elapsed 0h:00m:00s; Memory used current: 119MB peak: 128MB)


Mapper Initialization Complete (Real Time elapsed 0h:00m:00s; CPU Time elapsed 0h:00m:00s; Memory used current: 119MB peak: 128MB)


Start loading timing files (Real Time elapsed 0h:00m:00s; CPU Time elapsed 0h:00m:00s; Memory used current: 133MB peak: 133MB)


Finished loading timing files (Real Time elapsed 0h:00m:00s; CPU Time elapsed 0h:00m:00s; Memory used current: 135MB peak: 136MB)



Starting Optimization and Mapping (Real Time elapsed 0h:00m:00s; CPU Time elapsed 0h:00m:00s; Memory used current: 167MB peak: 167MB)


Available hyper_sources - for debug and ip models
	None Found

@W: FA239 :"c:\users\migue\onedrive\documentos\adc\03-3cm12-3erparcial\01-practicas\01-key02\coder7seg00.vhdl":106:7:106:15|ROM scode7seg3[6:0] (in view: work.coder7seg00(coder7seg0)) mapped in logic. To map to a technology ROM, apply attribute syn_romstyle on this instance.
@W: FA239 :"c:\users\migue\onedrive\documentos\adc\03-3cm12-3erparcial\01-practicas\01-key02\coder7seg00.vhdl":87:7:87:15|ROM scode7seg2[6:0] (in view: work.coder7seg00(coder7seg0)) mapped in logic. To map to a technology ROM, apply attribute syn_romstyle on this instance.
@W: FA239 :"c:\users\migue\onedrive\documentos\adc\03-3cm12-3erparcial\01-practicas\01-key02\coder7seg00.vhdl":68:7:68:15|ROM scode7seg1[6:0] (in view: work.coder7seg00(coder7seg0)) mapped in logic. To map to a technology ROM, apply attribute syn_romstyle on this instance.
@W: FA239 :"c:\users\migue\onedrive\documentos\adc\03-3cm12-3erparcial\01-practicas\01-key02\coder7seg00.vhdl":49:7:49:15|ROM scode7seg0[6:0] (in view: work.coder7seg00(coder7seg0)) mapped in logic. To map to a technology ROM, apply attribute syn_romstyle on this instance.
@W: FA239 :"c:\users\migue\onedrive\documentos\adc\03-3cm12-3erparcial\01-practicas\01-key02\coder7seg00.vhdl":106:7:106:15|ROM scode7seg3[6:0] (in view: work.coder7seg00(coder7seg0)) mapped in logic. To map to a technology ROM, apply attribute syn_romstyle on this instance.
@N: MO106 :"c:\users\migue\onedrive\documentos\adc\03-3cm12-3erparcial\01-practicas\01-key02\coder7seg00.vhdl":106:7:106:15|Found ROM scode7seg3[6:0] (in view: work.coder7seg00(coder7seg0)) with 16 words by 7 bits.
@W: FA239 :"c:\users\migue\onedrive\documentos\adc\03-3cm12-3erparcial\01-practicas\01-key02\coder7seg00.vhdl":87:7:87:15|ROM scode7seg2[6:0] (in view: work.coder7seg00(coder7seg0)) mapped in logic. To map to a technology ROM, apply attribute syn_romstyle on this instance.
@N: MO106 :"c:\users\migue\onedrive\documentos\adc\03-3cm12-3erparcial\01-practicas\01-key02\coder7seg00.vhdl":87:7:87:15|Found ROM scode7seg2[6:0] (in view: work.coder7seg00(coder7seg0)) with 16 words by 7 bits.
@W: FA239 :"c:\users\migue\onedrive\documentos\adc\03-3cm12-3erparcial\01-practicas\01-key02\coder7seg00.vhdl":68:7:68:15|ROM scode7seg1[6:0] (in view: work.coder7seg00(coder7seg0)) mapped in logic. To map to a technology ROM, apply attribute syn_romstyle on this instance.
@N: MO106 :"c:\users\migue\onedrive\documentos\adc\03-3cm12-3erparcial\01-practicas\01-key02\coder7seg00.vhdl":68:7:68:15|Found ROM scode7seg1[6:0] (in view: work.coder7seg00(coder7seg0)) with 16 words by 7 bits.
@W: FA239 :"c:\users\migue\onedrive\documentos\adc\03-3cm12-3erparcial\01-practicas\01-key02\coder7seg00.vhdl":49:7:49:15|ROM scode7seg0[6:0] (in view: work.coder7seg00(coder7seg0)) mapped in logic. To map to a technology ROM, apply attribute syn_romstyle on this instance.
@N: MO106 :"c:\users\migue\onedrive\documentos\adc\03-3cm12-3erparcial\01-practicas\01-key02\coder7seg00.vhdl":49:7:49:15|Found ROM scode7seg0[6:0] (in view: work.coder7seg00(coder7seg0)) with 16 words by 7 bits.

Finished RTL optimizations (Real Time elapsed 0h:00m:01s; CPU Time elapsed 0h:00m:01s; Memory used current: 172MB peak: 172MB)


Starting factoring (Real Time elapsed 0h:00m:01s; CPU Time elapsed 0h:00m:01s; Memory used current: 173MB peak: 173MB)


Finished factoring (Real Time elapsed 0h:00m:01s; CPU Time elapsed 0h:00m:01s; Memory used current: 174MB peak: 174MB)


Finished generic timing optimizations - Pass 1 (Real Time elapsed 0h:00m:01s; CPU Time elapsed 0h:00m:01s; Memory used current: 177MB peak: 177MB)


Starting Early Timing Optimization (Real Time elapsed 0h:00m:01s; CPU Time elapsed 0h:00m:01s; Memory used current: 177MB peak: 177MB)


Finished Early Timing Optimization (Real Time elapsed 0h:00m:01s; CPU Time elapsed 0h:00m:01s; Memory used current: 178MB peak: 178MB)


Finished generic timing optimizations - Pass 2 (Real Time elapsed 0h:00m:01s; CPU Time elapsed 0h:00m:01s; Memory used current: 178MB peak: 178MB)


Finished preparing to map (Real Time elapsed 0h:00m:02s; CPU Time elapsed 0h:00m:01s; Memory used current: 178MB peak: 178MB)


Finished technology mapping (Real Time elapsed 0h:00m:02s; CPU Time elapsed 0h:00m:02s; Memory used current: 191MB peak: 191MB)

Pass		 CPU time		Worst Slack		Luts / Registers
------------------------------------------------------------
   1		0h:00m:02s		   468.82ns		 127 /        72

Finished technology timing optimizations and critical path resynthesis (Real Time elapsed 0h:00m:02s; CPU Time elapsed 0h:00m:02s; Memory used current: 192MB peak: 192MB)

@N: FX164 |The option to pack registers in the IOB has not been specified. Please set syn_useioff attribute.  
@A: BN291 :"c:\users\migue\onedrive\documentos\adc\03-3cm12-3erparcial\01-practicas\01-key02\lect00.vhdl":25:2:25:3|Boundary register K0203.out32rd_31_.fb (in view: work.key02(key0)) is packed into a complex cell. To disable register packing, set syn_keep=1 on the net between the register and the complex cell. 
@A: BN291 :"c:\users\migue\onedrive\documentos\adc\03-3cm12-3erparcial\01-practicas\01-key02\lect00.vhdl":25:2:25:3|Boundary register K0203.out32rd_30_.fb (in view: work.key02(key0)) is packed into a complex cell. To disable register packing, set syn_keep=1 on the net between the register and the complex cell. 
@A: BN291 :"c:\users\migue\onedrive\documentos\adc\03-3cm12-3erparcial\01-practicas\01-key02\lect00.vhdl":25:2:25:3|Boundary register K0203.out32rd_29_.fb (in view: work.key02(key0)) is packed into a complex cell. To disable register packing, set syn_keep=1 on the net between the register and the complex cell. 
@A: BN291 :"c:\users\migue\onedrive\documentos\adc\03-3cm12-3erparcial\01-practicas\01-key02\lect00.vhdl":25:2:25:3|Boundary register K0203.out32rd_28_.fb (in view: work.key02(key0)) is packed into a complex cell. To disable register packing, set syn_keep=1 on the net between the register and the complex cell. 
@A: BN291 :"c:\users\migue\onedrive\documentos\adc\03-3cm12-3erparcial\01-practicas\01-key02\lect00.vhdl":25:2:25:3|Boundary register K0203.out32rd_27_.fb (in view: work.key02(key0)) is packed into a complex cell. To disable register packing, set syn_keep=1 on the net between the register and the complex cell. 
@A: BN291 :"c:\users\migue\onedrive\documentos\adc\03-3cm12-3erparcial\01-practicas\01-key02\lect00.vhdl":25:2:25:3|Boundary register K0203.out32rd_26_.fb (in view: work.key02(key0)) is packed into a complex cell. To disable register packing, set syn_keep=1 on the net between the register and the complex cell. 
@A: BN291 :"c:\users\migue\onedrive\documentos\adc\03-3cm12-3erparcial\01-practicas\01-key02\lect00.vhdl":25:2:25:3|Boundary register K0203.out32rd_25_.fb (in view: work.key02(key0)) is packed into a complex cell. To disable register packing, set syn_keep=1 on the net between the register and the complex cell. 
@A: BN291 :"c:\users\migue\onedrive\documentos\adc\03-3cm12-3erparcial\01-practicas\01-key02\lect00.vhdl":25:2:25:3|Boundary register K0203.out32rd_24_.fb (in view: work.key02(key0)) is packed into a complex cell. To disable register packing, set syn_keep=1 on the net between the register and the complex cell. 
@A: BN291 :"c:\users\migue\onedrive\documentos\adc\03-3cm12-3erparcial\01-practicas\01-key02\lect00.vhdl":25:2:25:3|Boundary register K0203.out32rd_23_.fb (in view: work.key02(key0)) is packed into a complex cell. To disable register packing, set syn_keep=1 on the net between the register and the complex cell. 
@A: BN291 :"c:\users\migue\onedrive\documentos\adc\03-3cm12-3erparcial\01-practicas\01-key02\lect00.vhdl":25:2:25:3|Boundary register K0203.out32rd_22_.fb (in view: work.key02(key0)) is packed into a complex cell. To disable register packing, set syn_keep=1 on the net between the register and the complex cell. 
@A: BN291 :"c:\users\migue\onedrive\documentos\adc\03-3cm12-3erparcial\01-practicas\01-key02\lect00.vhdl":25:2:25:3|Boundary register K0203.out32rd_21_.fb (in view: work.key02(key0)) is packed into a complex cell. To disable register packing, set syn_keep=1 on the net between the register and the complex cell. 
@A: BN291 :"c:\users\migue\onedrive\documentos\adc\03-3cm12-3erparcial\01-practicas\01-key02\lect00.vhdl":25:2:25:3|Boundary register K0203.out32rd_20_.fb (in view: work.key02(key0)) is packed into a complex cell. To disable register packing, set syn_keep=1 on the net between the register and the complex cell. 
@A: BN291 :"c:\users\migue\onedrive\documentos\adc\03-3cm12-3erparcial\01-practicas\01-key02\lect00.vhdl":25:2:25:3|Boundary register K0203.out32rd_19_.fb (in view: work.key02(key0)) is packed into a complex cell. To disable register packing, set syn_keep=1 on the net between the register and the complex cell. 
@A: BN291 :"c:\users\migue\onedrive\documentos\adc\03-3cm12-3erparcial\01-practicas\01-key02\lect00.vhdl":25:2:25:3|Boundary register K0203.out32rd_18_.fb (in view: work.key02(key0)) is packed into a complex cell. To disable register packing, set syn_keep=1 on the net between the register and the complex cell. 
@A: BN291 :"c:\users\migue\onedrive\documentos\adc\03-3cm12-3erparcial\01-practicas\01-key02\lect00.vhdl":25:2:25:3|Boundary register K0203.out32rd_17_.fb (in view: work.key02(key0)) is packed into a complex cell. To disable register packing, set syn_keep=1 on the net between the register and the complex cell. 
@A: BN291 :"c:\users\migue\onedrive\documentos\adc\03-3cm12-3erparcial\01-practicas\01-key02\lect00.vhdl":25:2:25:3|Boundary register K0203.out32rd_16_.fb (in view: work.key02(key0)) is packed into a complex cell. To disable register packing, set syn_keep=1 on the net between the register and the complex cell. 
@A: BN291 :"c:\users\migue\onedrive\documentos\adc\03-3cm12-3erparcial\01-practicas\01-key02\lect00.vhdl":25:2:25:3|Boundary register K0203.out32rd_15_.fb (in view: work.key02(key0)) is packed into a complex cell. To disable register packing, set syn_keep=1 on the net between the register and the complex cell. 
@A: BN291 :"c:\users\migue\onedrive\documentos\adc\03-3cm12-3erparcial\01-practicas\01-key02\lect00.vhdl":25:2:25:3|Boundary register K0203.out32rd_14_.fb (in view: work.key02(key0)) is packed into a complex cell. To disable register packing, set syn_keep=1 on the net between the register and the complex cell. 
@A: BN291 :"c:\users\migue\onedrive\documentos\adc\03-3cm12-3erparcial\01-practicas\01-key02\lect00.vhdl":25:2:25:3|Boundary register K0203.out32rd_13_.fb (in view: work.key02(key0)) is packed into a complex cell. To disable register packing, set syn_keep=1 on the net between the register and the complex cell. 
@A: BN291 :"c:\users\migue\onedrive\documentos\adc\03-3cm12-3erparcial\01-practicas\01-key02\lect00.vhdl":25:2:25:3|Boundary register K0203.out32rd_12_.fb (in view: work.key02(key0)) is packed into a complex cell. To disable register packing, set syn_keep=1 on the net between the register and the complex cell. 
@A: BN291 :"c:\users\migue\onedrive\documentos\adc\03-3cm12-3erparcial\01-practicas\01-key02\lect00.vhdl":25:2:25:3|Boundary register K0203.out32rd_11_.fb (in view: work.key02(key0)) is packed into a complex cell. To disable register packing, set syn_keep=1 on the net between the register and the complex cell. 
@A: BN291 :"c:\users\migue\onedrive\documentos\adc\03-3cm12-3erparcial\01-practicas\01-key02\lect00.vhdl":25:2:25:3|Boundary register K0203.out32rd_10_.fb (in view: work.key02(key0)) is packed into a complex cell. To disable register packing, set syn_keep=1 on the net between the register and the complex cell. 
@A: BN291 :"c:\users\migue\onedrive\documentos\adc\03-3cm12-3erparcial\01-practicas\01-key02\lect00.vhdl":25:2:25:3|Boundary register K0203.out32rd_9_.fb (in view: work.key02(key0)) is packed into a complex cell. To disable register packing, set syn_keep=1 on the net between the register and the complex cell. 
@A: BN291 :"c:\users\migue\onedrive\documentos\adc\03-3cm12-3erparcial\01-practicas\01-key02\lect00.vhdl":25:2:25:3|Boundary register K0203.out32rd_8_.fb (in view: work.key02(key0)) is packed into a complex cell. To disable register packing, set syn_keep=1 on the net between the register and the complex cell. 
@A: BN291 :"c:\users\migue\onedrive\documentos\adc\03-3cm12-3erparcial\01-practicas\01-key02\lect00.vhdl":25:2:25:3|Boundary register K0203.out32rd_7_.fb (in view: work.key02(key0)) is packed into a complex cell. To disable register packing, set syn_keep=1 on the net between the register and the complex cell. 
@A: BN291 :"c:\users\migue\onedrive\documentos\adc\03-3cm12-3erparcial\01-practicas\01-key02\lect00.vhdl":25:2:25:3|Boundary register K0203.out32rd_6_.fb (in view: work.key02(key0)) is packed into a complex cell. To disable register packing, set syn_keep=1 on the net between the register and the complex cell. 
@A: BN291 :"c:\users\migue\onedrive\documentos\adc\03-3cm12-3erparcial\01-practicas\01-key02\lect00.vhdl":25:2:25:3|Boundary register K0203.out32rd_5_.fb (in view: work.key02(key0)) is packed into a complex cell. To disable register packing, set syn_keep=1 on the net between the register and the complex cell. 
@A: BN291 :"c:\users\migue\onedrive\documentos\adc\03-3cm12-3erparcial\01-practicas\01-key02\lect00.vhdl":25:2:25:3|Boundary register K0203.out32rd_4_.fb (in view: work.key02(key0)) is packed into a complex cell. To disable register packing, set syn_keep=1 on the net between the register and the complex cell. 
@A: BN291 :"c:\users\migue\onedrive\documentos\adc\03-3cm12-3erparcial\01-practicas\01-key02\lect00.vhdl":25:2:25:3|Boundary register K0203.out32rd_3_.fb (in view: work.key02(key0)) is packed into a complex cell. To disable register packing, set syn_keep=1 on the net between the register and the complex cell. 
@A: BN291 :"c:\users\migue\onedrive\documentos\adc\03-3cm12-3erparcial\01-practicas\01-key02\lect00.vhdl":25:2:25:3|Boundary register K0203.out32rd_2_.fb (in view: work.key02(key0)) is packed into a complex cell. To disable register packing, set syn_keep=1 on the net between the register and the complex cell. 
@A: BN291 :"c:\users\migue\onedrive\documentos\adc\03-3cm12-3erparcial\01-practicas\01-key02\lect00.vhdl":25:2:25:3|Boundary register K0203.out32rd_1_.fb (in view: work.key02(key0)) is packed into a complex cell. To disable register packing, set syn_keep=1 on the net between the register and the complex cell. 
@A: BN291 :"c:\users\migue\onedrive\documentos\adc\03-3cm12-3erparcial\01-practicas\01-key02\lect00.vhdl":25:2:25:3|Boundary register K0203.out32rd_0_.fb (in view: work.key02(key0)) is packed into a complex cell. To disable register packing, set syn_keep=1 on the net between the register and the complex cell. 

Finished restoring hierarchy (Real Time elapsed 0h:00m:03s; CPU Time elapsed 0h:00m:02s; Memory used current: 192MB peak: 192MB)


Start Writing Netlists (Real Time elapsed 0h:00m:03s; CPU Time elapsed 0h:00m:02s; Memory used current: 152MB peak: 192MB)

Writing Analyst data base C:\Users\migue\OneDrive\Documentos\ADC\03-3CM12-3erParcial\01-Practicas\01-key02\key0\synwork\key02_key0_m.srm

Finished Writing Netlist Databases (Real Time elapsed 0h:00m:03s; CPU Time elapsed 0h:00m:03s; Memory used current: 188MB peak: 192MB)

Writing EDIF Netlist and constraint files
@N: FX1056 |Writing EDF file: C:\Users\migue\OneDrive\Documentos\ADC\03-3CM12-3erParcial\01-Practicas\01-key02\key0\key02_key0.edi
@N: BW106 |Synplicity Constraint File capacitance units using default value of 1pF 

Finished Writing EDIF Netlist and constraint files (Real Time elapsed 0h:00m:04s; CPU Time elapsed 0h:00m:03s; Memory used current: 193MB peak: 193MB)


Start final timing analysis (Real Time elapsed 0h:00m:04s; CPU Time elapsed 0h:00m:04s; Memory used current: 192MB peak: 193MB)

@W: MT420 |Found inferred clock oscint00|osc_int0_inferred_clock with period 480.77ns. Please declare a user-defined clock on net K0200.C00.clkaux.
@N: MT615 |Found clock div00|oscOut_derived_clock with period 480.77ns 


##### START OF TIMING REPORT #####[
# Timing report written on Sat May 28 19:32:27 2022
#


Top view:               key02
Requested Frequency:    2.1 MHz
Wire load mode:         top
Paths requested:        5
Constraint File(s):    
@N: MT320 |This timing report is an estimate of place and route data. For final timing results, use the FPGA vendor place and route report.

@N: MT322 |Clock constraints include only register-to-register paths associated with each individual clock.



Performance Summary
*******************


Worst slack in design: 467.629

                                     Requested     Estimated     Requested     Estimated                 Clock                                               Clock              
Starting Clock                       Frequency     Frequency     Period        Period        Slack       Type                                                Group              
--------------------------------------------------------------------------------------------------------------------------------------------------------------------------------
div00|oscOut_derived_clock           2.1 MHz       331.6 MHz     480.769       3.015         955.508     derived (from oscint00|osc_int0_inferred_clock)     Inferred_clkgroup_0
oscint00|osc_int0_inferred_clock     2.1 MHz       76.1 MHz      480.769       13.140        467.629     inferred                                            Inferred_clkgroup_0
================================================================================================================================================================================





Clock Relationships
*******************

Clocks                                                              |    rise  to  rise     |    fall  to  fall   |    rise  to  fall   |    fall  to  rise 
------------------------------------------------------------------------------------------------------------------------------------------------------------
Starting                          Ending                            |  constraint  slack    |  constraint  slack  |  constraint  slack  |  constraint  slack
------------------------------------------------------------------------------------------------------------------------------------------------------------
oscint00|osc_int0_inferred_clock  oscint00|osc_int0_inferred_clock  |  480.769     467.629  |  No paths    -      |  No paths    -      |  No paths    -    
div00|oscOut_derived_clock        div00|oscOut_derived_clock        |  480.769     955.508  |  No paths    -      |  No paths    -      |  No paths    -    
============================================================================================================================================================
 Note: 'No paths' indicates there are no paths in the design for that pair of clock edges.
       'Diff grp' indicates that paths exist but the starting clock and ending clock are in different clock groups.



Interface Information 
*********************

No IO constraint found



====================================
Detailed Report for Clock: div00|oscOut_derived_clock
====================================



Starting Points with Worst Slack
********************************

                   Starting                                                           Arrival            
Instance           Reference                      Type        Pin     Net             Time        Slack  
                   Clock                                                                                 
---------------------------------------------------------------------------------------------------------
K0201.outr[1]      div00|oscOut_derived_clock     FD1S3DX     Q       outr0_c[1]      1.244       955.508
K0202.var2         div00|oscOut_derived_clock     FD1P3DX     Q       var2            0.972       955.780
K0201.outr[3]      div00|oscOut_derived_clock     FD1S3BX     Q       outr0_c[3]      1.232       956.401
K0201.outr[0]      div00|oscOut_derived_clock     FD1S3DX     Q       outr0_c[0]      1.236       956.533
K0202.var3         div00|oscOut_derived_clock     FD1P3DX     Q       var3            0.972       956.797
K0201.outr[2]      div00|oscOut_derived_clock     FD1S3DX     Q       outr0_c[2]      1.244       957.613
K0202.var1         div00|oscOut_derived_clock     FD1P3DX     Q       var1            1.044       957.813
K0202.outpushc     div00|oscOut_derived_clock     FD1P3DX     Q       spush           1.044       958.328
K0202.var0         div00|oscOut_derived_clock     FD1P3DX     Q       var0            1.044       958.830
K0204.outr7[0]     div00|oscOut_derived_clock     FD1S3DX     Q       outr70_c[0]     1.236       960.197
=========================================================================================================


Ending Points with Worst Slack
******************************

                       Starting                                                               Required            
Instance               Reference                      Type        Pin     Net                 Time         Slack  
                       Clock                                                                                      
------------------------------------------------------------------------------------------------------------------
K0202.outcoderc[0]     div00|oscOut_derived_clock     FD1P3DX     SP      un1_var028_2_i      961.067      955.508
K0202.outcoderc[1]     div00|oscOut_derived_clock     FD1P3DX     SP      un1_var028_2_i      961.067      955.508
K0202.outcoderc[2]     div00|oscOut_derived_clock     FD1P3DX     SP      un1_var028_2_i      961.067      955.508
K0202.outcoderc[3]     div00|oscOut_derived_clock     FD1P3DX     SP      un1_var028_2_i      961.067      955.508
K0202.outpushc         div00|oscOut_derived_clock     FD1P3DX     D       N_109_i             961.627      957.661
K0202.outcoderc[1]     div00|oscOut_derived_clock     FD1P3DX     D       outcoderc_35[1]     961.627      957.745
K0202.outpushc         div00|oscOut_derived_clock     FD1P3DX     SP      un1_var028_i        961.067      957.981
K0202.var1             div00|oscOut_derived_clock     FD1P3DX     SP      N_14_i              961.067      957.981
K0202.var3             div00|oscOut_derived_clock     FD1P3DX     SP      N_18_i              961.067      957.981
K0202.var0             div00|oscOut_derived_clock     FD1P3DX     SP      N_16_i              961.067      958.117
==================================================================================================================



Worst Path Information
***********************


Path information for path number 1: 
      Requested Period:                      961.538
    - Setup time:                            0.472
    + Clock delay at ending point:           0.000 (ideal)
    = Required time:                         961.067

    - Propagation time:                      5.559
    - Clock delay at starting point:         0.000 (ideal)
    = Slack (non-critical) :                 955.508

    Number of logic level(s):                4
    Starting point:                          K0201.outr[1] / Q
    Ending point:                            K0202.outcoderc[0] / SP
    The start point is clocked by            div00|oscOut_derived_clock [rising] (rise=0.000 fall=240.385 period=480.769) on pin CK
    The end   point is clocked by            div00|oscOut_derived_clock [rising] (rise=0.000 fall=240.385 period=480.769) on pin CK
    -Timing constraint applied as multi cycle path with factor 2 (from c:div00|oscOut_derived_clock to c:div00|oscOut_derived_clock)

Instance / Net                               Pin      Pin               Arrival     No. of    
Name                            Type         Name     Dir     Delay     Time        Fan Out(s)
----------------------------------------------------------------------------------------------
K0201.outr[1]                   FD1S3DX      Q        Out     1.244     1.244 r     -         
outr0_c[1]                      Net          -        -       -         -           12        
K0202.un1_var028_2_0_o5_2_0     ORCALUT4     D        In      0.000     1.244 r     -         
K0202.un1_var028_2_0_o5_2_0     ORCALUT4     Z        Out     1.017     2.261 r     -         
un1_var028_2_0_o5_2_0           Net          -        -       -         -           1         
K0202.un1_var028_2_0_o5_2       ORCALUT4     A        In      0.000     2.261 r     -         
K0202.un1_var028_2_0_o5_2       ORCALUT4     Z        Out     1.089     3.349 r     -         
N_31                            Net          -        -       -         -           2         
K0202.var1_RNI7VMN              ORCALUT4     C        In      0.000     3.349 r     -         
K0202.var1_RNI7VMN              ORCALUT4     Z        Out     1.017     4.366 f     -         
un1_var028_2_i_1                Net          -        -       -         -           1         
K0202.un1_var028_0_RNIGOQD1     ORCALUT4     B        In      0.000     4.366 f     -         
K0202.un1_var028_0_RNIGOQD1     ORCALUT4     Z        Out     1.193     5.559 f     -         
un1_var028_2_i                  Net          -        -       -         -           4         
K0202.outcoderc[0]              FD1P3DX      SP       In      0.000     5.559 f     -         
==============================================================================================




====================================
Detailed Report for Clock: oscint00|osc_int0_inferred_clock
====================================



Starting Points with Worst Slack
********************************

                      Starting                                                             Arrival            
Instance              Reference                            Type        Pin     Net         Time        Slack  
                      Clock                                                                                   
--------------------------------------------------------------------------------------------------------------
K0200.C01.sdiv[0]     oscint00|osc_int0_inferred_clock     FD1S3IX     Q       sdiv[0]     1.044       467.629
K0200.C01.sdiv[1]     oscint00|osc_int0_inferred_clock     FD1S3IX     Q       sdiv[1]     1.044       467.629
K0200.C01.sdiv[2]     oscint00|osc_int0_inferred_clock     FD1S3IX     Q       sdiv[2]     1.044       467.629
K0200.C01.sdiv[3]     oscint00|osc_int0_inferred_clock     FD1S3IX     Q       sdiv[3]     1.044       467.629
K0200.C01.sdiv[4]     oscint00|osc_int0_inferred_clock     FD1S3IX     Q       sdiv[4]     1.044       467.629
K0200.C01.sdiv[5]     oscint00|osc_int0_inferred_clock     FD1S3IX     Q       sdiv[5]     1.044       467.629
K0200.C01.sdiv[6]     oscint00|osc_int0_inferred_clock     FD1S3IX     Q       sdiv[6]     1.044       467.629
K0200.C01.sdiv[7]     oscint00|osc_int0_inferred_clock     FD1S3IX     Q       sdiv[7]     1.044       467.629
K0200.C01.sdiv[8]     oscint00|osc_int0_inferred_clock     FD1S3IX     Q       sdiv[8]     1.108       468.445
K0200.C01.sdiv[9]     oscint00|osc_int0_inferred_clock     FD1S3IX     Q       sdiv[9]     1.108       468.445
==============================================================================================================


Ending Points with Worst Slack
******************************

                       Starting                                                                 Required            
Instance               Reference                            Type        Pin     Net             Time         Slack  
                       Clock                                                                                        
--------------------------------------------------------------------------------------------------------------------
K0200.C01.sdiv[21]     oscint00|osc_int0_inferred_clock     FD1S3IX     D       sdiv_11[21]     480.664      467.629
K0200.C01.sdiv[19]     oscint00|osc_int0_inferred_clock     FD1S3IX     D       sdiv_11[19]     480.664      467.772
K0200.C01.sdiv[20]     oscint00|osc_int0_inferred_clock     FD1S3IX     D       sdiv_11[20]     480.664      467.772
K0200.C01.sdiv[17]     oscint00|osc_int0_inferred_clock     FD1S3IX     D       sdiv_11[17]     480.664      467.914
K0200.C01.sdiv[18]     oscint00|osc_int0_inferred_clock     FD1S3IX     D       sdiv_11[18]     480.664      467.914
K0200.C01.sdiv[15]     oscint00|osc_int0_inferred_clock     FD1S3IX     D       sdiv_11[15]     480.664      468.057
K0200.C01.sdiv[16]     oscint00|osc_int0_inferred_clock     FD1S3IX     D       sdiv_11[16]     480.664      468.057
K0200.C01.sdiv[13]     oscint00|osc_int0_inferred_clock     FD1S3IX     D       sdiv_11[13]     480.664      468.200
K0200.C01.sdiv[14]     oscint00|osc_int0_inferred_clock     FD1S3IX     D       sdiv_11[14]     480.664      468.200
K0200.C01.sdiv[11]     oscint00|osc_int0_inferred_clock     FD1S3IX     D       sdiv_11[11]     480.664      468.343
====================================================================================================================



Worst Path Information
***********************


Path information for path number 1: 
      Requested Period:                      480.769
    - Setup time:                            0.106
    + Clock delay at ending point:           0.000 (ideal)
    = Required time:                         480.664

    - Propagation time:                      13.035
    - Clock delay at starting point:         0.000 (ideal)
    = Slack (critical) :                     467.629

    Number of logic level(s):                19
    Starting point:                          K0200.C01.sdiv[0] / Q
    Ending point:                            K0200.C01.sdiv[21] / D
    The start point is clocked by            oscint00|osc_int0_inferred_clock [rising] (rise=0.000 fall=240.385 period=480.769) on pin CK
    The end   point is clocked by            oscint00|osc_int0_inferred_clock [rising] (rise=0.000 fall=240.385 period=480.769) on pin CK

Instance / Net                                           Pin      Pin               Arrival      No. of    
Name                                        Type         Name     Dir     Delay     Time         Fan Out(s)
-----------------------------------------------------------------------------------------------------------
K0200.C01.sdiv[0]                           FD1S3IX      Q        Out     1.044     1.044 r      -         
sdiv[0]                                     Net          -        -       -         -            2         
K0200.C01.pdiv\.oscout12lto19_i_a2_16_5     ORCALUT4     A        In      0.000     1.044 r      -         
K0200.C01.pdiv\.oscout12lto19_i_a2_16_5     ORCALUT4     Z        Out     1.089     2.133 f      -         
oscout12lto19_i_a2_16_5                     Net          -        -       -         -            2         
K0200.C01.pdiv\.oscout12lto19_i_a2_16       ORCALUT4     B        In      0.000     2.133 f      -         
K0200.C01.pdiv\.oscout12lto19_i_a2_16       ORCALUT4     Z        Out     1.153     3.285 f      -         
N_24_9                                      Net          -        -       -         -            3         
K0200.C01.pdiv\.oscout44lto14_i_a2          ORCALUT4     B        In      0.000     3.285 f      -         
K0200.C01.pdiv\.oscout44lto14_i_a2          ORCALUT4     Z        Out     1.017     4.302 f      -         
N_18                                        Net          -        -       -         -            1         
K0200.C01.pdiv\.oscout44lto21               ORCALUT4     A        In      0.000     4.302 f      -         
K0200.C01.pdiv\.oscout44lto21               ORCALUT4     Z        Out     1.017     5.319 r      -         
oscout44                                    Net          -        -       -         -            1         
K0200.C01.un1_oscout73_1                    ORCALUT4     B        In      0.000     5.319 r      -         
K0200.C01.un1_oscout73_1                    ORCALUT4     Z        Out     1.089     6.408 r      -         
un1_oscout73_1                              Net          -        -       -         -            2         
K0200.C01.un1_oscout73_2_0                  ORCALUT4     C        In      0.000     6.408 r      -         
K0200.C01.un1_oscout73_2_0                  ORCALUT4     Z        Out     1.089     7.497 r      -         
un1_oscout73_2_0                            Net          -        -       -         -            2         
K0200.C01.un1_sdiv_cry_0_0_RNO              ORCALUT4     A        In      0.000     7.497 r      -         
K0200.C01.un1_sdiv_cry_0_0_RNO              ORCALUT4     Z        Out     1.017     8.513 f      -         
un1_oscout73_i                              Net          -        -       -         -            1         
K0200.C01.un1_sdiv_cry_0_0                  CCU2D        B0       In      0.000     8.513 f      -         
K0200.C01.un1_sdiv_cry_0_0                  CCU2D        COUT     Out     1.544     10.058 r     -         
un1_sdiv_cry_0                              Net          -        -       -         -            1         
K0200.C01.un1_sdiv_cry_1_0                  CCU2D        CIN      In      0.000     10.058 r     -         
K0200.C01.un1_sdiv_cry_1_0                  CCU2D        COUT     Out     0.143     10.201 r     -         
un1_sdiv_cry_2                              Net          -        -       -         -            1         
K0200.C01.un1_sdiv_cry_3_0                  CCU2D        CIN      In      0.000     10.201 r     -         
K0200.C01.un1_sdiv_cry_3_0                  CCU2D        COUT     Out     0.143     10.344 r     -         
un1_sdiv_cry_4                              Net          -        -       -         -            1         
K0200.C01.un1_sdiv_cry_5_0                  CCU2D        CIN      In      0.000     10.344 r     -         
K0200.C01.un1_sdiv_cry_5_0                  CCU2D        COUT     Out     0.143     10.486 r     -         
un1_sdiv_cry_6                              Net          -        -       -         -            1         
K0200.C01.un1_sdiv_cry_7_0                  CCU2D        CIN      In      0.000     10.486 r     -         
K0200.C01.un1_sdiv_cry_7_0                  CCU2D        COUT     Out     0.143     10.629 r     -         
un1_sdiv_cry_8                              Net          -        -       -         -            1         
K0200.C01.un1_sdiv_cry_9_0                  CCU2D        CIN      In      0.000     10.629 r     -         
K0200.C01.un1_sdiv_cry_9_0                  CCU2D        COUT     Out     0.143     10.772 r     -         
un1_sdiv_cry_10                             Net          -        -       -         -            1         
K0200.C01.un1_sdiv_cry_11_0                 CCU2D        CIN      In      0.000     10.772 r     -         
K0200.C01.un1_sdiv_cry_11_0                 CCU2D        COUT     Out     0.143     10.915 r     -         
un1_sdiv_cry_12                             Net          -        -       -         -            1         
K0200.C01.un1_sdiv_cry_13_0                 CCU2D        CIN      In      0.000     10.915 r     -         
K0200.C01.un1_sdiv_cry_13_0                 CCU2D        COUT     Out     0.143     11.057 r     -         
un1_sdiv_cry_14                             Net          -        -       -         -            1         
K0200.C01.un1_sdiv_cry_15_0                 CCU2D        CIN      In      0.000     11.057 r     -         
K0200.C01.un1_sdiv_cry_15_0                 CCU2D        COUT     Out     0.143     11.200 r     -         
un1_sdiv_cry_16                             Net          -        -       -         -            1         
K0200.C01.un1_sdiv_cry_17_0                 CCU2D        CIN      In      0.000     11.200 r     -         
K0200.C01.un1_sdiv_cry_17_0                 CCU2D        COUT     Out     0.143     11.343 r     -         
un1_sdiv_cry_18                             Net          -        -       -         -            1         
K0200.C01.un1_sdiv_cry_19_0                 CCU2D        CIN      In      0.000     11.343 r     -         
K0200.C01.un1_sdiv_cry_19_0                 CCU2D        COUT     Out     0.143     11.486 r     -         
un1_sdiv_cry_20                             Net          -        -       -         -            1         
K0200.C01.un1_sdiv_s_21_0                   CCU2D        CIN      In      0.000     11.486 r     -         
K0200.C01.un1_sdiv_s_21_0                   CCU2D        S0       Out     1.549     13.035 r     -         
sdiv_11[21]                                 Net          -        -       -         -            1         
K0200.C01.sdiv[21]                          FD1S3IX      D        In      0.000     13.035 r     -         
===========================================================================================================



##### END OF TIMING REPORT #####]

Timing exceptions that could not be applied

Finished final timing analysis (Real Time elapsed 0h:00m:05s; CPU Time elapsed 0h:00m:04s; Memory used current: 193MB peak: 193MB)


Finished timing report (Real Time elapsed 0h:00m:05s; CPU Time elapsed 0h:00m:04s; Memory used current: 193MB peak: 193MB)

---------------------------------------
Resource Usage Report
Part: lcmxo2_7000he-5

Register bits: 72 of 6864 (1%)
PIC Latch:       0
I/O cells:       58


Details:
CCU2D:          12
FD1P3DX:        9
FD1P3IX:        28
FD1S3AX:        1
FD1S3BX:        4
FD1S3DX:        4
FD1S3IX:        22
GSR:            1
IB:             10
INV:            1
L6MUX21:        1
OB:             48
OFS1P3IX:       4
ORCALUT4:       125
OSCH:           1
PFUMX:          11
PUR:            1
VHI:            6
VLO:            6
Mapper successful!

At Mapper Exit (Real Time elapsed 0h:00m:05s; CPU Time elapsed 0h:00m:04s; Memory used current: 65MB peak: 193MB)

Process took 0h:00m:05s realtime, 0h:00m:04s cputime
# Sat May 28 19:32:28 2022

###########################################################]


Synthesis exit by 0.

edif2ngd  -l "MachXO2" -d LCMXO2-7000HE -path "C:/Users/migue/OneDrive/Documentos/ADC/03-3CM12-3erParcial/01-Practicas/01-key02/key0" -path "C:/Users/migue/OneDrive/Documentos/ADC/03-3CM12-3erParcial/01-Practicas/01-key02"   "C:/Users/migue/OneDrive/Documentos/ADC/03-3CM12-3erParcial/01-Practicas/01-key02/key0/key02_key0.edi" "key02_key0.ngo"   
edif2ngd:  version Diamond (64-bit) 3.12.0.240.2

Copyright (c) 1991-1994 by NeoCAD Inc. All rights reserved.
Copyright (c) 1995 AT&T Corp.   All rights reserved.
Copyright (c) 1995-2001 Lucent Technologies Inc.  All rights reserved.
Copyright (c) 2001 Agere Systems   All rights reserved.
Copyright (c) 2002-2020 Lattice Semiconductor Corporation,  All rights reserved.
Writing the design to key02_key0.ngo...

Total CPU Time: 0 secs  
Total REAL Time: 0 secs  
Peak Memory Usage: 11 MB


ngdbuild  -a "MachXO2" -d LCMXO2-7000HE  -p "C:/lscc/diamond/3.12/ispfpga/xo2c00/data"  -p "C:/Users/migue/OneDrive/Documentos/ADC/03-3CM12-3erParcial/01-Practicas/01-key02/key0" -p "C:/Users/migue/OneDrive/Documentos/ADC/03-3CM12-3erParcial/01-Practicas/01-key02"  "key02_key0.ngo" "key02_key0.ngd"  	
ngdbuild:  version Diamond (64-bit) 3.12.0.240.2

Copyright (c) 1991-1994 by NeoCAD Inc. All rights reserved.
Copyright (c) 1995 AT&T Corp.   All rights reserved.
Copyright (c) 1995-2001 Lucent Technologies Inc.  All rights reserved.
Copyright (c) 2001 Agere Systems   All rights reserved.
Copyright (c) 2002-2020 Lattice Semiconductor Corporation,  All rights reserved.
Reading 'key02_key0.ngo' ...
Loading NGL library 'C:/lscc/diamond/3.12/ispfpga/xo2c00a/data/xo2alib.ngl'...
Loading NGL library 'C:/lscc/diamond/3.12/ispfpga/xo2c00/data/xo2clib.ngl'...
Loading NGL library 'C:/lscc/diamond/3.12/ispfpga/mg5g00/data/mg5glib.ngl'...
Loading NGL library 'C:/lscc/diamond/3.12/ispfpga/or5g00/data/orc5glib.ngl'...


Running DRC...

    <postMsg mid="1166052" type="Warning" dynamic="2" navigation="1" arg0="logical" arg1="K0200/C00/OSCInst0_SEDSTDBY" arg2="K0200/C00/OSCInst0_SEDSTDBY"  />
    <postMsg mid="1163101" type="Warning" dynamic="1" navigation="0" arg0="1"  />

Design Results:
    294 blocks expanded
Complete the first expansion.
Writing 'key02_key0.ngd' ...
Total CPU Time: 0 secs 
Total REAL Time: 0 secs 
Peak Memory Usage: 18 MB


map -a "MachXO2" -p LCMXO2-7000HE -t TQFP144 -s 5 -oc Commercial   "key02_key0.ngd" -o "key02_key0_map.ncd" -pr "key02_key0.prf" -mp "key02_key0.mrp" -lpf "C:/Users/migue/OneDrive/Documentos/ADC/03-3CM12-3erParcial/01-Practicas/01-key02/key0/key02_key0_synplify.lpf" -lpf "C:/Users/migue/OneDrive/Documentos/ADC/03-3CM12-3erParcial/01-Practicas/01-key02/key02.lpf"  -c 0           
map:  version Diamond (64-bit) 3.12.0.240.2

Copyright (c) 1991-1994 by NeoCAD Inc. All rights reserved.
Copyright (c) 1995 AT&T Corp.   All rights reserved.
Copyright (c) 1995-2001 Lucent Technologies Inc.  All rights reserved.
Copyright (c) 2001 Agere Systems   All rights reserved.
Copyright (c) 2002-2020 Lattice Semiconductor Corporation,  All rights reserved.
   Process the file: key02_key0.ngd
   Picdevice="LCMXO2-7000HE"

   Pictype="TQFP144"

   Picspeed=5

   Remove unused logic

   Do not produce over sized NCDs.

Part used: LCMXO2-7000HETQFP144, Performance used: 5.

Loading device for application map from file 'xo2c7000.nph' in environment: C:/lscc/diamond/3.12/ispfpga.
Package Status:                     Final          Version 1.39.

Running general design DRC...

Removing unused logic...

Optimizing...

    <postMsg mid="51001030" type="Warning" dynamic="1" navigation="0" arg0="en0_c"  />



Design Summary:
   Number of registers:     72 out of  7209 (1%)
      PFU registers:           68 out of  6864 (1%)
      PIO registers:            4 out of   345 (1%)
   Number of SLICEs:        74 out of  3432 (2%)
      SLICEs as Logic/ROM:     74 out of  3432 (2%)
      SLICEs as RAM:            0 out of  2574 (0%)
      SLICEs as Carry:         12 out of  3432 (0%)
   Number of LUT4s:        147 out of  6864 (2%)
      Number used as logic LUTs:        123
      Number used as distributed RAM:     0
      Number used as ripple logic:       24
      Number used as shift registers:     0
   Number of PIO sites used: 58 + 4(JTAG) out of 115 (54%)
   Number of block RAMs:  0 out of 26 (0%)
   Number of GSRs:        1 out of 1 (100%)
   EFB used :        No
   JTAG used :       No
   Readback used :   No
   Oscillator used : Yes
   Startup used :    No
   POR :             On
   Bandgap :         On
   Number of Power Controller:  0 out of 1 (0%)
   Number of Dynamic Bank Controller (BCINRD):  0 out of 6 (0%)
   Number of Dynamic Bank Controller (BCLVDSO):  0 out of 1 (0%)
   Number of DCCA:  0 out of 8 (0%)
   Number of DCMA:  0 out of 2 (0%)
   Number of PLLs:  0 out of 2 (0%)
   Number of DQSDLLs:  0 out of 2 (0%)
   Number of CLKDIVC:  0 out of 4 (0%)
   Number of ECLKSYNCA:  0 out of 4 (0%)
   Number of ECLKBRIDGECS:  0 out of 2 (0%)
   Notes:-
      1. Total number of LUT4s = (Number of logic LUT4s) + 2*(Number of distributed RAMs) + 2*(Number of ripple logic)
      2. Number of logic LUT4s does not include count of distributed RAM and ripple logic.
   Number of clocks:  2
     Net clk0_c: 29 loads, 29 rising, 0 falling (Driver: K0200/C01/oscOut )
     Net K0200/clkaux: 13 loads, 13 rising, 0 falling (Driver: K0200/C00/OSCInst0 )
   Number of Clock Enables:  7
     Net K0203.plect.out32rd12: 18 loads, 14 LSLICEs
     Net K0202/un1_var028_2_i: 2 loads, 2 LSLICEs
     Net K0202/un1_var028_i: 1 loads, 1 LSLICEs
     Net K0202/N_18_i: 1 loads, 1 LSLICEs
     Net K0202/N_12_i: 1 loads, 1 LSLICEs
     Net K0202/N_14_i: 1 loads, 1 LSLICEs
     Net K0202/N_16_i: 1 loads, 1 LSLICEs
   Number of local set/reset loads for net en0_c merged into GSR:  17
   Number of LSRs:  2
     Net K0203.plect.out32rd11: 18 loads, 14 LSLICEs
     Net K0200/C01/un1_oscout73_2_0_RNI006V: 12 loads, 12 LSLICEs
   Number of nets driven by tri-state buffers:  0
   Top 10 highest fanout non-clock nets:
     Net K0203.plect.out32rd11: 18 loads
     Net K0203.plect.out32rd12: 18 loads
     Net K0200/C01/un1_oscout73_2_0_RNI006V: 12 loads
     Net outr0_c[1]: 12 loads
     Net outr0_c[2]: 12 loads
     Net outr0_c[0]: 11 loads
     Net outr70_c[0]: 11 loads
     Net outr0_c[3]: 10 loads
     Net outr70_c[1]: 10 loads
     Net out320_c[4]: 9 loads
 

   Number of warnings:  1
   Number of errors:    0



Total CPU Time: 1 secs  
Total REAL Time: 0 secs  
Peak Memory Usage: 59 MB

Dumping design to file key02_key0_map.ncd.

mpartrce -p "key02_key0.p2t" -f "key02_key0.p3t" -tf "key02_key0.pt" "key02_key0_map.ncd" "key02_key0.ncd"

---- MParTrce Tool ----
Removing old design directory at request of -rem command line option to this program.
Running par. Please wait . . .

Lattice Place and Route Report for Design "key02_key0_map.ncd"
Sat May 28 19:32:35 2022

PAR: Place And Route Diamond (64-bit) 3.12.0.240.2.
Command Line: par -w -l 5 -i 6 -t 1 -c 0 -e 0 -gui -msgset C:/Users/migue/OneDrive/Documentos/ADC/03-3CM12-3erParcial/01-Practicas/01-key02/promote.xml -exp parUseNBR=1:parCDP=0:parCDR=0:parPathBased=OFF:parASE=1 key02_key0_map.ncd key02_key0.dir/5_1.ncd key02_key0.prf
Preference file: key02_key0.prf.
Placement level-cost: 5-1.
Routing Iterations: 6

Loading design for application par from file key02_key0_map.ncd.
Design name: key02
NCD version: 3.3
Vendor:      LATTICE
Device:      LCMXO2-7000HE
Package:     TQFP144
Performance: 5
Loading device for application par from file 'xo2c7000.nph' in environment: C:/lscc/diamond/3.12/ispfpga.
Package Status:                     Final          Version 1.39.
Performance Hardware Data Status:   Final          Version 34.4.
License checked out.


Ignore Preference Error(s):  True
Device utilization summary:

   PIO (prelim)   58+4(JTAG)/336     18% used
                  58+4(JTAG)/115     54% bonded
   IOLOGIC            4/336           1% used

   SLICE             74/3432          2% used

   GSR                1/1           100% used
   OSC                1/1           100% used


Number of Signals: 231
Number of Connections: 703

Pin Constraint Summary:
   51 out of 58 pins locked (87% locked).

The following 2 signals are selected to use the primary clock routing resources:
    clk0_c (driver: K0200/C01/SLICE_16, clk load #: 29)
    K0200/clkaux (driver: K0200/C00/OSCInst0, clk load #: 13)


The following 3 signals are selected to use the secondary clock routing resources:
    K0203.plect.out32rd12 (driver: SLICE_87, clk load #: 0, sr load #: 0, ce load #: 18)
    K0203.plect.out32rd11 (driver: SLICE_87, clk load #: 0, sr load #: 18, ce load #: 0)
    K0200/C01/un1_oscout73_2_0_RNI006V (driver: K0200/C01/SLICE_50, clk load #: 0, sr load #: 12, ce load #: 0)

Signal en0_c is selected as Global Set/Reset.
.
Starting Placer Phase 0.
..........
Finished Placer Phase 0.  REAL time: 3 secs 

Starting Placer Phase 1.
..................
Placer score = 79673.
Finished Placer Phase 1.  REAL time: 11 secs 

Starting Placer Phase 2.
.
Placer score =  79523
Finished Placer Phase 2.  REAL time: 11 secs 


------------------ Clock Report ------------------

Global Clock Resources:
  CLK_PIN    : 0 out of 8 (0%)
  PLL        : 0 out of 2 (0%)
  DCM        : 0 out of 2 (0%)
  DCC        : 0 out of 8 (0%)

Global Clocks:
  PRIMARY "clk0_c" from Q0 on comp "K0200/C01/SLICE_16" on site "R2C19D", clk load = 29
  PRIMARY "K0200/clkaux" from OSC on comp "K0200/C00/OSCInst0" on site "OSC", clk load = 13
  SECONDARY "K0203.plect.out32rd12" from F1 on comp "SLICE_87" on site "R14C20B", clk load = 0, ce load = 18, sr load = 0
  SECONDARY "K0203.plect.out32rd11" from F0 on comp "SLICE_87" on site "R14C20B", clk load = 0, ce load = 0, sr load = 18
  SECONDARY "K0200/C01/un1_oscout73_2_0_RNI006V" from F0 on comp "K0200/C01/SLICE_50" on site "R14C20A", clk load = 0, ce load = 0, sr load = 12

  PRIMARY  : 2 out of 8 (25%)
  SECONDARY: 3 out of 8 (37%)

Edge Clocks:
  No edge clock selected.

--------------- End of Clock Report ---------------


I/O Usage Summary (final):
   58 + 4(JTAG) out of 336 (18.5%) PIO sites used.
   58 + 4(JTAG) out of 115 (53.9%) bonded PIO sites used.
   Number of PIO comps: 58; differential: 0.
   Number of Vref pins used: 0.

I/O Bank Usage Summary:
+----------+----------------+------------+-----------+
| I/O Bank | Usage          | Bank Vccio | Bank Vref |
+----------+----------------+------------+-----------+
| 0        | 24 / 28 ( 85%) | 2.5V       | -         |
| 1        | 12 / 29 ( 41%) | 2.5V       | -         |
| 2        | 6 / 29 ( 20%)  | 2.5V       | -         |
| 3        | 2 / 9 ( 22%)   | 2.5V       | -         |
| 4        | 4 / 10 ( 40%)  | 2.5V       | -         |
| 5        | 10 / 10 (100%) | 2.5V       | -         |
+----------+----------------+------------+-----------+

Total placer CPU time: 9 secs 

Dumping design to file key02_key0.dir/5_1.ncd.

0 connections routed; 703 unrouted.
Starting router resource preassignment

Completed router resource preassignment. Real time: 16 secs 

Start NBR router at 19:32:51 05/28/22

*****************************************************************
Info: NBR allows conflicts(one node used by more than one signal)
      in the earlier iterations. In each iteration, it tries to  
      solve the conflicts while keeping the critical connections 
      routed as short as possible. The routing process is said to
      be completed when no conflicts exist and all connections   
      are routed.                                                
Note: NBR uses a different method to calculate timing slacks. The
      worst slack and total negative slack may not be the same as
      that in TRCE report. You should always run TRCE to verify  
      your design.                                               
*****************************************************************

Start NBR special constraint process at 19:32:52 05/28/22

Start NBR section for initial routing at 19:32:52 05/28/22
Level 4, iteration 1
17(0.00%) conflicts; 0(0.00%) untouched conn; 0 (nbr) score; 
Estimated worst slack/total negative slack<setup>: 464.393ns/0.000ns; real time: 17 secs 

Info: Initial congestion level at 75% usage is 0
Info: Initial congestion area  at 75% usage is 0 (0.00%)

Start NBR section for normal routing at 19:32:52 05/28/22
Level 4, iteration 1
11(0.00%) conflicts; 0(0.00%) untouched conn; 0 (nbr) score; 
Estimated worst slack/total negative slack<setup>: 464.393ns/0.000ns; real time: 17 secs 
Level 4, iteration 2
7(0.00%) conflicts; 0(0.00%) untouched conn; 0 (nbr) score; 
Estimated worst slack/total negative slack<setup>: 464.393ns/0.000ns; real time: 17 secs 
Level 4, iteration 3
4(0.00%) conflicts; 0(0.00%) untouched conn; 0 (nbr) score; 
Estimated worst slack/total negative slack<setup>: 464.393ns/0.000ns; real time: 17 secs 
Level 4, iteration 4
0(0.00%) conflict; 0(0.00%) untouched conn; 0 (nbr) score; 
Estimated worst slack/total negative slack<setup>: 464.393ns/0.000ns; real time: 17 secs 

Start NBR section for setup/hold timing optimization with effort level 3 at 19:32:52 05/28/22

Start NBR section for re-routing at 19:32:53 05/28/22
Level 4, iteration 1
0(0.00%) conflict; 0(0.00%) untouched conn; 0 (nbr) score; 
Estimated worst slack/total negative slack<setup>: 464.393ns/0.000ns; real time: 18 secs 

Start NBR section for post-routing at 19:32:53 05/28/22

End NBR router with 0 unrouted connection

NBR Summary
-----------
  Number of unrouted connections : 0 (0.00%)
  Number of connections with timing violations : 0 (0.00%)
  Estimated worst slack<setup> : 464.393ns
  Timing score<setup> : 0
-----------
Notes: The timing info is calculated for SETUP only and all PAR_ADJs are ignored.



Total CPU time 16 secs 
Total REAL time: 19 secs 
Completely routed.
End of route.  703 routed (100.00%); 0 unrouted.

Hold time timing score: 0, hold timing errors: 0

Timing score: 0 

Dumping design to file key02_key0.dir/5_1.ncd.


PAR_SUMMARY::Run status = Completed
PAR_SUMMARY::Number of unrouted conns = 0
PAR_SUMMARY::Worst  slack<setup/<ns>> = 464.393
PAR_SUMMARY::Timing score<setup/<ns>> = 0.000
PAR_SUMMARY::Worst  slack<hold /<ns>> = 0.379
PAR_SUMMARY::Timing score<hold /<ns>> = 0.000
PAR_SUMMARY::Number of errors = 0

Total CPU  time to completion: 16 secs 
Total REAL time to completion: 19 secs 

par done!

Note: user must run 'Trace' for timing closure signoff.

Copyright (c) 1991-1994 by NeoCAD Inc. All rights reserved.
Copyright (c) 1995 AT&T Corp.   All rights reserved.
Copyright (c) 1995-2001 Lucent Technologies Inc.  All rights reserved.
Copyright (c) 2001 Agere Systems   All rights reserved.
Copyright (c) 2002-2020 Lattice Semiconductor Corporation,  All rights reserved.
Exiting par with exit code 0
Exiting mpartrce with exit code 0

trce -f "key02_key0.pt" -o "key02_key0.twr" "key02_key0.ncd" "key02_key0.prf"
trce:  version Diamond (64-bit) 3.12.0.240.2

Copyright (c) 1991-1994 by NeoCAD Inc. All rights reserved.
Copyright (c) 1995 AT&T Corp.   All rights reserved.
Copyright (c) 1995-2001 Lucent Technologies Inc.  All rights reserved.
Copyright (c) 2001 Agere Systems   All rights reserved.
Copyright (c) 2002-2020 Lattice Semiconductor Corporation,  All rights reserved.

Loading design for application trce from file key02_key0.ncd.
Design name: key02
NCD version: 3.3
Vendor:      LATTICE
Device:      LCMXO2-7000HE
Package:     TQFP144
Performance: 5
Loading device for application trce from file 'xo2c7000.nph' in environment: C:/lscc/diamond/3.12/ispfpga.
Package Status:                     Final          Version 1.39.
Performance Hardware Data Status:   Final          Version 34.4.
Setup and Hold Report

--------------------------------------------------------------------------------
Lattice TRACE Report - Setup, Version Diamond (64-bit) 3.12.0.240.2
Sat May 28 19:32:56 2022

Copyright (c) 1991-1994 by NeoCAD Inc. All rights reserved.
Copyright (c) 1995 AT&T Corp.   All rights reserved.
Copyright (c) 1995-2001 Lucent Technologies Inc.  All rights reserved.
Copyright (c) 2001 Agere Systems   All rights reserved.
Copyright (c) 2002-2020 Lattice Semiconductor Corporation,  All rights reserved.

Report Information
------------------
Command line:    trce -v 10 -gt -sethld -sp 5 -sphld m -o key02_key0.twr -gui -msgset C:/Users/migue/OneDrive/Documentos/ADC/03-3CM12-3erParcial/01-Practicas/01-key02/promote.xml key02_key0.ncd key02_key0.prf 
Design file:     key02_key0.ncd
Preference file: key02_key0.prf
Device,speed:    LCMXO2-7000HE,5
Report level:    verbose report, limited to 10 items per preference
--------------------------------------------------------------------------------

BLOCK ASYNCPATHS
BLOCK RESETPATHS
--------------------------------------------------------------------------------



Timing summary (Setup):
---------------

Timing errors: 0  Score: 0
Cumulative negative slack: 0

Constraints cover 5930 paths, 1 nets, and 556 connections (79.09% coverage)

--------------------------------------------------------------------------------
Lattice TRACE Report - Hold, Version Diamond (64-bit) 3.12.0.240.2
Sat May 28 19:32:56 2022

Copyright (c) 1991-1994 by NeoCAD Inc. All rights reserved.
Copyright (c) 1995 AT&T Corp.   All rights reserved.
Copyright (c) 1995-2001 Lucent Technologies Inc.  All rights reserved.
Copyright (c) 2001 Agere Systems   All rights reserved.
Copyright (c) 2002-2020 Lattice Semiconductor Corporation,  All rights reserved.

Report Information
------------------
Command line:    trce -v 10 -gt -sethld -sp 5 -sphld m -o key02_key0.twr -gui -msgset C:/Users/migue/OneDrive/Documentos/ADC/03-3CM12-3erParcial/01-Practicas/01-key02/promote.xml key02_key0.ncd key02_key0.prf 
Design file:     key02_key0.ncd
Preference file: key02_key0.prf
Device,speed:    LCMXO2-7000HE,m
Report level:    verbose report, limited to 10 items per preference
--------------------------------------------------------------------------------

BLOCK ASYNCPATHS
BLOCK RESETPATHS
--------------------------------------------------------------------------------



Timing summary (Hold):
---------------

Timing errors: 0  Score: 0
Cumulative negative slack: 0

Constraints cover 5930 paths, 1 nets, and 556 connections (79.09% coverage)



Timing summary (Setup and Hold):
---------------

Timing errors: 0 (setup), 0 (hold)
Score: 0 (setup), 0 (hold)
Cumulative negative slack: 0 (0+0)
--------------------------------------------------------------------------------

--------------------------------------------------------------------------------

Total CPU Time: 1 secs 
Total REAL Time: 2 secs 
Peak Memory Usage: 67 MB


tmcheck -par "key02_key0.par" 

bitgen -f "key02_key0.t2b" -w "key02_key0.ncd"  -jedec "key02_key0.prf"


BITGEN: Bitstream Generator Diamond (64-bit) 3.12.0.240.2
Copyright (c) 1991-1994 by NeoCAD Inc. All rights reserved.
Copyright (c) 1995 AT&T Corp.   All rights reserved.
Copyright (c) 1995-2001 Lucent Technologies Inc.  All rights reserved.
Copyright (c) 2001 Agere Systems   All rights reserved.
Copyright (c) 2002-2020 Lattice Semiconductor Corporation,  All rights reserved.


Loading design for application Bitgen from file key02_key0.ncd.
Design name: key02
NCD version: 3.3
Vendor:      LATTICE
Device:      LCMXO2-7000HE
Package:     TQFP144
Performance: 5
Loading device for application Bitgen from file 'xo2c7000.nph' in environment: C:/lscc/diamond/3.12/ispfpga.
Package Status:                     Final          Version 1.39.
Performance Hardware Data Status:   Final          Version 34.4.

Running DRC.
DRC detected 0 errors and 0 warnings.
Reading Preference File from key02_key0.prf.

Preference Summary:
+---------------------------------+---------------------------------+
|  Preference                     |  Current Setting                |
+---------------------------------+---------------------------------+
|                         RamCfg  |                        Reset**  |
+---------------------------------+---------------------------------+
|                     MCCLK_FREQ  |                         2.08**  |
+---------------------------------+---------------------------------+
|                  CONFIG_SECURE  |                          OFF**  |
+---------------------------------+---------------------------------+
|                          INBUF  |                           ON**  |
+---------------------------------+---------------------------------+
|                      JTAG_PORT  |                       ENABLE**  |
+---------------------------------+---------------------------------+
|                       SDM_PORT  |                      DISABLE**  |
+---------------------------------+---------------------------------+
|                 SLAVE_SPI_PORT  |                      DISABLE**  |
+---------------------------------+---------------------------------+
|                MASTER_SPI_PORT  |                      DISABLE**  |
+---------------------------------+---------------------------------+
|                       I2C_PORT  |                      DISABLE**  |
+---------------------------------+---------------------------------+
|        MUX_CONFIGURATION_PORTS  |                      DISABLE**  |
+---------------------------------+---------------------------------+
|                  CONFIGURATION  |                          CFG**  |
+---------------------------------+---------------------------------+
|                COMPRESS_CONFIG  |                           ON**  |
+---------------------------------+---------------------------------+
|                        MY_ASSP  |                          OFF**  |
+---------------------------------+---------------------------------+
|               ONE_TIME_PROGRAM  |                          OFF**  |
+---------------------------------+---------------------------------+
|                 ENABLE_TRANSFR  |                      DISABLE**  |
+---------------------------------+---------------------------------+
|                  SHAREDEBRINIT  |                      DISABLE**  |
+---------------------------------+---------------------------------+
|            BACKGROUND_RECONFIG  |                          OFF**  |
+---------------------------------+---------------------------------+
 *  Default setting.
 ** The specified setting matches the default setting.


Creating bit map...
 
Bitstream Status: Final           Version 1.95.
 
Saving bit stream in "key02_key0.jed".
 
===========
UFM Summary.
===========
UFM Size:        2046 Pages (128*2046 Bits).
UFM Utilization: General Purpose Flash Memory.
 
Available General Purpose Flash Memory: 2046 Pages (Page 0 to Page 2045).
Initialized UFM Pages:                     0 Page.
 
Total CPU Time: 4 secs 
Total REAL Time: 7 secs 
Peak Memory Usage: 289 MB
