Running in Lattice mode

Starting:    C:\lscc\diamond\3.12\synpbase\bin64\mbin\synbatch.exe
Install:     C:\lscc\diamond\3.12\synpbase
Hostname:    DESKTOP-VTJO39V
Date:        Sat May 28 19:32:09 2022
Version:     Q-2020.03L-SP1

Arguments:   -product synplify_pro -batch key02_key0_synplify.tcl
ProductType: synplify_pro




log file: "C:\Users\migue\OneDrive\Documentos\ADC\03-3CM12-3erParcial\01-Practicas\01-key02\key0\key02_key0.srr"
Running: hdl_info_gen in foreground

Generating HDL info...
Copied C:\Users\migue\OneDrive\Documentos\ADC\03-3CM12-3erParcial\01-Practicas\01-key02\key0\key02_key0.srr to C:\Users\migue\OneDrive\Documentos\ADC\03-3CM12-3erParcial\01-Practicas\01-key02\key0\key02_key0.srf

hdl_info_gen completed
# Sat May 28 19:32:11 2022

Return Code: 0
Run Time:00h:00m:01s
log file: "C:\Users\migue\OneDrive\Documentos\ADC\03-3CM12-3erParcial\01-Practicas\01-key02\key0\key02_key0.srr"
Running: key0 in foreground

Running proj_1|key0

Running Flow: compile (Compile) on proj_1|key0
# Sat May 28 19:32:11 2022

Running Flow: compile_flow (Compile Process) on proj_1|key0
# Sat May 28 19:32:11 2022

Running: compiler (Compile Input) on proj_1|key0
# Sat May 28 19:32:11 2022
Copied C:\Users\migue\OneDrive\Documentos\ADC\03-3CM12-3erParcial\01-Practicas\01-key02\key0\synwork\key02_key0_comp.srs to C:\Users\migue\OneDrive\Documentos\ADC\03-3CM12-3erParcial\01-Practicas\01-key02\key0\key02_key0.srs

compiler completed
# Sat May 28 19:32:17 2022

Return Code: 0
Run Time:00h:00m:06s

Running: multi_srs_gen (Multi-srs Generator) on proj_1|key0
# Sat May 28 19:32:17 2022

multi_srs_gen completed
# Sat May 28 19:32:18 2022

Return Code: 0
Run Time:00h:00m:01s
Copied C:\Users\migue\OneDrive\Documentos\ADC\03-3CM12-3erParcial\01-Practicas\01-key02\key0\synwork\key02_key0_mult.srs to C:\Users\migue\OneDrive\Documentos\ADC\03-3CM12-3erParcial\01-Practicas\01-key02\key0\key02_key0.srs
Copied C:\Users\migue\OneDrive\Documentos\ADC\03-3CM12-3erParcial\01-Practicas\01-key02\key0\key02_key0.srr to C:\Users\migue\OneDrive\Documentos\ADC\03-3CM12-3erParcial\01-Practicas\01-key02\key0\key02_key0.srf
Complete: Compile Process on proj_1|key0

Running: premap (Premap) on proj_1|key0
# Sat May 28 19:32:18 2022

premap completed with warnings
# Sat May 28 19:32:22 2022

Return Code: 1
Run Time:00h:00m:04s
Complete: Compile on proj_1|key0

Running Flow: map (Map) on proj_1|key0
# Sat May 28 19:32:22 2022

Running: fpga_mapper (Map & Optimize) on proj_1|key0
# Sat May 28 19:32:22 2022
Copied C:\Users\migue\OneDrive\Documentos\ADC\03-3CM12-3erParcial\01-Practicas\01-key02\key0\synwork\key02_key0_m.srm to C:\Users\migue\OneDrive\Documentos\ADC\03-3CM12-3erParcial\01-Practicas\01-key02\key0\key02_key0.srm

fpga_mapper completed with warnings
# Sat May 28 19:32:28 2022

Return Code: 1
Run Time:00h:00m:06s
Complete: Map on proj_1|key0
Copied C:\Users\migue\OneDrive\Documentos\ADC\03-3CM12-3erParcial\01-Practicas\01-key02\key0\key02_key0.srr to C:\Users\migue\OneDrive\Documentos\ADC\03-3CM12-3erParcial\01-Practicas\01-key02\key0\key02_key0.srf
Complete: Logic Synthesis on proj_1|key0
TCL script complete: "key02_key0_synplify.tcl"
exit status=0
exit status=0
Save changes for project:
C:\Users\migue\OneDrive\Documentos\ADC\03-3CM12-3erParcial\01-Practicas\01-key02\key0\proj_1.prj
batch mode default:no
