C:\lscc\diamond\3.12\synpbase\bin64\c_hdl.exe  -osyn  C:\Users\migue\OneDrive\Documentos\ADC\03-3CM12-3erParcial\01-Practicas\06-pipeline02\pipeline0\synwork\pipeline02_pipeline0_comp.srs  -top  pipeline02  -hdllog  C:\Users\migue\OneDrive\Documentos\ADC\03-3CM12-3erParcial\01-Practicas\06-pipeline02\pipeline0\synlog\pipeline02_pipeline0_compiler.srr  -encrypt  -mp  1  -verification_mode 0  -vhdl  -prodtype  synplify_pro  -dspmac -fixsmult -infer_seqShift -nram -sdff_counter -divnmod -nostructver  -encrypt  -pro  -dmgen  C:\Users\migue\OneDrive\Documentos\ADC\03-3CM12-3erParcial\01-Practicas\06-pipeline02\pipeline0\dm  -lite -ui -fid2 -ram -sharing on -ll 2000 -autosm  -ignore_undefined_lib  -lib work C:\lscc\diamond\3.12\cae_library\synthesis\vhdl\machxo2.vhd -lib work C:\Users\migue\OneDrive\Documentos\ADC\03-3CM12-3erParcial\01-Practicas\06-pipeline02\pipeline0\source\div00.vhd -lib work C:\Users\migue\OneDrive\Documentos\ADC\03-3CM12-3erParcial\01-Practicas\06-pipeline02\pipeline0\source\oscint00.vhd -lib work C:\Users\migue\OneDrive\Documentos\ADC\03-3CM12-3erParcial\01-Practicas\06-pipeline02\pipeline0\source\packageOsc00.vhd -lib work C:\Users\migue\OneDrive\Documentos\ADC\03-3CM12-3erParcial\01-Practicas\06-pipeline02\pc00.vhdl -lib work C:\Users\migue\OneDrive\Documentos\ADC\03-3CM12-3erParcial\01-Practicas\06-pipeline02\fi00.vhdl -lib work C:\Users\migue\OneDrive\Documentos\ADC\03-3CM12-3erParcial\01-Practicas\06-pipeline02\di00.vhdl -lib work C:\Users\migue\OneDrive\Documentos\ADC\03-3CM12-3erParcial\01-Practicas\06-pipeline02\co00.vhdl -lib work C:\Users\migue\OneDrive\Documentos\ADC\03-3CM12-3erParcial\01-Practicas\06-pipeline02\fo00.vhdl -lib work C:\Users\migue\OneDrive\Documentos\ADC\03-3CM12-3erParcial\01-Practicas\06-pipeline02\eo00.vhdl -lib work C:\Users\migue\OneDrive\Documentos\ADC\03-3CM12-3erParcial\01-Practicas\06-pipeline02\wr00.vhdl -lib work C:\Users\migue\OneDrive\Documentos\ADC\03-3CM12-3erParcial\01-Practicas\06-pipeline02\fsmpipe02.vhdl -lib work C:\Users\migue\OneDrive\Documentos\ADC\03-3CM12-3erParcial\01-Practicas\06-pipeline02\packagepipeline02.vhdl -lib work C:\Users\migue\OneDrive\Documentos\ADC\03-3CM12-3erParcial\01-Practicas\06-pipeline02\pipeline0\source\osc00.vhd -lib work C:\Users\migue\OneDrive\Documentos\ADC\03-3CM12-3erParcial\01-Practicas\06-pipeline02\memEBR00.vhd -lib work C:\Users\migue\OneDrive\Documentos\ADC\03-3CM12-3erParcial\01-Practicas\06-pipeline02\pipeline02.vhdl  -jobname  "compiler" 
relcom:..\..\..\..\..\..\..\..\..\..\lscc\diamond\3.12\synpbase\bin64\c_hdl.exe -osyn ..\synwork\pipeline02_pipeline0_comp.srs -top pipeline02 -hdllog ..\synlog\pipeline02_pipeline0_compiler.srr -encrypt -mp 1 -verification_mode 0 -vhdl -prodtype synplify_pro -dspmac -fixsmult -infer_seqShift -nram -sdff_counter -divnmod -nostructver -encrypt -pro -dmgen ..\dm -lite -ui -fid2 -ram -sharing on -ll 2000 -autosm -ignore_undefined_lib -lib work ..\..\..\..\..\..\..\..\..\..\lscc\diamond\3.12\cae_library\synthesis\vhdl\machxo2.vhd -lib work ..\source\div00.vhd -lib work ..\source\oscint00.vhd -lib work ..\source\packageOsc00.vhd -lib work ..\..\pc00.vhdl -lib work ..\..\fi00.vhdl -lib work ..\..\di00.vhdl -lib work ..\..\co00.vhdl -lib work ..\..\fo00.vhdl -lib work ..\..\eo00.vhdl -lib work ..\..\wr00.vhdl -lib work ..\..\fsmpipe02.vhdl -lib work ..\..\packagepipeline02.vhdl -lib work ..\source\osc00.vhd -lib work ..\..\memEBR00.vhd -lib work ..\..\pipeline02.vhdl -jobname "compiler"
rc:0 success:1 runtime:8
file:..\synwork\pipeline02_pipeline0_comp.srs|io:o|time:1655437683|size:22276|exec:0|csum:
file:..\synlog\pipeline02_pipeline0_compiler.srr|io:o|time:1655437683|size:14149|exec:0|csum:
file:..\..\..\..\..\..\..\..\..\..\lscc\diamond\3.12\cae_library\synthesis\vhdl\machxo2.vhd|io:i|time:1542263532|size:73964|exec:0|csum:CFF92E93E4FE354031DBB4E0E47DD4A6
file:..\source\div00.vhd|io:i|time:1637723652|size:2808|exec:0|csum:C73477387DDEDE11939013D016062291
file:..\source\oscint00.vhd|io:i|time:1637723652|size:549|exec:0|csum:FB32D6AEA996E953A11C4EDF3EC5F86B
file:..\source\packageOsc00.vhd|io:i|time:1637723652|size:370|exec:0|csum:54A58A3E3B6CC0DCE1428F6EFF68EE4E
file:..\..\pc00.vhdl|io:i|time:1655401762|size:1197|exec:0|csum:E160B53B3CE951D43764C7D201D3681C
file:..\..\fi00.vhdl|io:i|time:1655395846|size:978|exec:0|csum:4B080D886E6A6AE76FA8C92CB3F1E67E
file:..\..\di00.vhdl|io:i|time:1655395894|size:896|exec:0|csum:4E25C4702536C78CA0CB81502497EBDC
file:..\..\co00.vhdl|io:i|time:1655396251|size:896|exec:0|csum:23C542188AEE2926B09FD6630DDF0F94
file:..\..\fo00.vhdl|io:i|time:1655396259|size:897|exec:0|csum:0B2C7B0EEB330750A68E971FA911B49F
file:..\..\eo00.vhdl|io:i|time:1655396288|size:897|exec:0|csum:13E221391FE603520B8594D159E1D97D
file:..\..\wr00.vhdl|io:i|time:1655397154|size:926|exec:0|csum:0B06C676411F2DDB5C0DD3917CE9CEF3
file:..\..\fsmpipe02.vhdl|io:i|time:1655396468|size:1880|exec:0|csum:E335A6F684D71BDF5C33C501A9FA6EA3
file:..\..\packagepipeline02.vhdl|io:i|time:1655396501|size:2714|exec:0|csum:3579BDA80DECAF36840CF9F3C7375989
file:..\source\osc00.vhd|io:i|time:1647262160|size:466|exec:0|csum:6CF1522849805C836C2BB2EC7E36589C
file:..\..\memEBR00.vhd|io:i|time:1655398399|size:11086|exec:0|csum:9A2EB27DEFE51C6A3343164291E40053
file:..\..\pipeline02.vhdl|io:i|time:1655398743|size:2875|exec:0|csum:017D9D0FBDA82FE838278C02476F6C24
file:..\..\..\..\..\..\..\..\..\..\lscc\diamond\3.12\synpbase\bin64\c_hdl.exe|io:i|time:1603988322|size:5736448|exec:1|csum:F3379711CDC83CA310869A1D9BD9BABE
