Running in Lattice mode

Starting:    C:\lscc\diamond\3.12\synpbase\bin64\mbin\synbatch.exe
Install:     C:\lscc\diamond\3.12\synpbase
Hostname:    DESKTOP-VTJO39V
Date:        Thu Mar 10 12:08:17 2022
Version:     Q-2020.03L-SP1

Arguments:   -product synplify_pro -batch adder8bitLib01_adder8bitLib0_synplify.tcl
ProductType: synplify_pro




log file: "C:\Users\migue\OneDrive\Documentos\ADC\04-3CM12-projectdiamon-1erParcial\adder8bitLib01\adder8bitLib0\adder8bitLib01_adder8bitLib0.srr"
Running: hdl_info_gen in foreground

Generating HDL info...

hdl_info_gen completed
# Thu Mar 10 12:08:18 2022

Return Code: 0
Run Time:00h:00m:00s
log file: "C:\Users\migue\OneDrive\Documentos\ADC\04-3CM12-projectdiamon-1erParcial\adder8bitLib01\adder8bitLib0\adder8bitLib01_adder8bitLib0.srr"
Running: adder8bitLib0 in foreground

Running proj_1|adder8bitLib0

Running Flow: compile (Compile) on proj_1|adder8bitLib0
# Thu Mar 10 12:08:19 2022

Running Flow: compile_flow (Compile Process) on proj_1|adder8bitLib0
# Thu Mar 10 12:08:19 2022

Running: compiler (Compile Input) on proj_1|adder8bitLib0
# Thu Mar 10 12:08:19 2022
Copied C:\Users\migue\OneDrive\Documentos\ADC\04-3CM12-projectdiamon-1erParcial\adder8bitLib01\adder8bitLib0\synwork\adder8bitLib01_adder8bitLib0_comp.srs to C:\Users\migue\OneDrive\Documentos\ADC\04-3CM12-projectdiamon-1erParcial\adder8bitLib01\adder8bitLib0\adder8bitLib01_adder8bitLib0.srs

compiler completed
# Thu Mar 10 12:08:21 2022

Return Code: 0
Run Time:00h:00m:02s

Running: multi_srs_gen (Multi-srs Generator) on proj_1|adder8bitLib0
# Thu Mar 10 12:08:22 2022

multi_srs_gen completed
# Thu Mar 10 12:08:22 2022

Return Code: 0
Run Time:00h:00m:00s
Copied C:\Users\migue\OneDrive\Documentos\ADC\04-3CM12-projectdiamon-1erParcial\adder8bitLib01\adder8bitLib0\synwork\adder8bitLib01_adder8bitLib0_mult.srs to C:\Users\migue\OneDrive\Documentos\ADC\04-3CM12-projectdiamon-1erParcial\adder8bitLib01\adder8bitLib0\adder8bitLib01_adder8bitLib0.srs
Copied C:\Users\migue\OneDrive\Documentos\ADC\04-3CM12-projectdiamon-1erParcial\adder8bitLib01\adder8bitLib0\adder8bitLib01_adder8bitLib0.srr to C:\Users\migue\OneDrive\Documentos\ADC\04-3CM12-projectdiamon-1erParcial\adder8bitLib01\adder8bitLib0\adder8bitLib01_adder8bitLib0.srf
Complete: Compile Process on proj_1|adder8bitLib0

Running: premap (Premap) on proj_1|adder8bitLib0
# Thu Mar 10 12:08:22 2022

premap completed
# Thu Mar 10 12:08:26 2022

Return Code: 0
Run Time:00h:00m:04s
Complete: Compile on proj_1|adder8bitLib0

Running Flow: map (Map) on proj_1|adder8bitLib0
# Thu Mar 10 12:08:27 2022

Running: fpga_mapper (Map & Optimize) on proj_1|adder8bitLib0
# Thu Mar 10 12:08:27 2022
Copied C:\Users\migue\OneDrive\Documentos\ADC\04-3CM12-projectdiamon-1erParcial\adder8bitLib01\adder8bitLib0\synwork\adder8bitLib01_adder8bitLib0_m.srm to C:\Users\migue\OneDrive\Documentos\ADC\04-3CM12-projectdiamon-1erParcial\adder8bitLib01\adder8bitLib0\adder8bitLib01_adder8bitLib0.srm

fpga_mapper completed
# Thu Mar 10 12:08:31 2022

Return Code: 0
Run Time:00h:00m:04s
Complete: Map on proj_1|adder8bitLib0
Copied C:\Users\migue\OneDrive\Documentos\ADC\04-3CM12-projectdiamon-1erParcial\adder8bitLib01\adder8bitLib0\adder8bitLib01_adder8bitLib0.srr to C:\Users\migue\OneDrive\Documentos\ADC\04-3CM12-projectdiamon-1erParcial\adder8bitLib01\adder8bitLib0\adder8bitLib01_adder8bitLib0.srf
Complete: Logic Synthesis on proj_1|adder8bitLib0
TCL script complete: "adder8bitLib01_adder8bitLib0_synplify.tcl"
exit status=0
exit status=0
Save changes for project:
C:\Users\migue\OneDrive\Documentos\ADC\04-3CM12-projectdiamon-1erParcial\adder8bitLib01\adder8bitLib0\proj_1.prj
batch mode default:no
