
synpwrap -msg -prj "barrelRL00_barrelRL0_synplify.tcl" -log "barrelRL00_barrelRL0.srf"
Copyright (C) 1992-2020 Lattice Semiconductor Corporation. All rights reserved.
Lattice Diamond Version 3.12.0.240.2
    <postMsg mid="2011000" type="Info"    dynamic="0" navigation="0"  />

==contents of barrelRL00_barrelRL0.srf
#Build: Synplify Pro (R) Q-2020.03L-SP1, Build 182R, Oct 29 2020
#install: C:\lscc\diamond\3.12\synpbase
#OS: Windows 8 6.2
#Hostname: DESKTOP-VTJO39V

# Tue Mar 15 04:39:13 2022

#Implementation: barrelRL0


Copyright (C) 1994-2020 Synopsys, Inc.
This Synopsys software and all associated documentation are proprietary to Synopsys, Inc.
and may only be used pursuant to the terms and conditions of a written license agreement
with Synopsys, Inc. All other use, reproduction, modification, or distribution of the
Synopsys software or the associated documentation is strictly prohibited.
Tool: Synplify Pro (R)
Build: Q-2020.03L-SP1
Install: C:\lscc\diamond\3.12\synpbase
OS: Windows 6.2

Hostname: DESKTOP-VTJO39V

Implementation : barrelRL0
Synopsys HDL Compiler, Version comp202003synp2, Build 182R, Built Oct 29 2020 10:49:53, @

@N|Running in 64-bit mode
###########################################################[

Copyright (C) 1994-2020 Synopsys, Inc.
This Synopsys software and all associated documentation are proprietary to Synopsys, Inc.
and may only be used pursuant to the terms and conditions of a written license agreement
with Synopsys, Inc. All other use, reproduction, modification, or distribution of the
Synopsys software or the associated documentation is strictly prohibited.
Tool: Synplify Pro (R)
Build: Q-2020.03L-SP1
Install: C:\lscc\diamond\3.12\synpbase
OS: Windows 6.2

Hostname: DESKTOP-VTJO39V

Implementation : barrelRL0
Synopsys VHDL Compiler, Version comp202003synp2, Build 182R, Built Oct 29 2020 10:49:53, @

@N|Running in 64-bit mode
@N:"C:\Users\migue\OneDrive\Documentos\ADC\04-3CM12-projectdiamon-1erParcial\barrelRL00\barrelRL00.vhdl":7:7:7:16|Top entity is set to barrelRL00.
File C:\lscc\diamond\3.12\synpbase\lib\cpld\lattice.vhd changed - recompiling
File C:\lscc\diamond\3.12\synpbase\lib\lucent\machxo2.vhd changed - recompiling
File C:\Users\migue\OneDrive\Documentos\ADC\04-3CM12-projectdiamon-1erParcial\barrelRL00\barrelRL0\source\oscint00.vhd changed - recompiling
File C:\Users\migue\OneDrive\Documentos\ADC\04-3CM12-projectdiamon-1erParcial\barrelRL00\barrelRL0\source\packageOsc00.vhd changed - recompiling
File C:\Users\migue\OneDrive\Documentos\ADC\04-3CM12-projectdiamon-1erParcial\barrelRL00\barrelRL.vhdl changed - recompiling
File C:\Users\migue\OneDrive\Documentos\ADC\04-3CM12-projectdiamon-1erParcial\barrelRL00\packagebarrelRL00.vhdl changed - recompiling
File C:\Users\migue\OneDrive\Documentos\ADC\04-3CM12-projectdiamon-1erParcial\barrelRL00\barrelRL0\source\osc00.vhd changed - recompiling
File C:\Users\migue\OneDrive\Documentos\ADC\04-3CM12-projectdiamon-1erParcial\barrelRL00\barrelRL00.vhdl changed - recompiling
VHDL syntax check successful!
File C:\Users\migue\OneDrive\Documentos\ADC\04-3CM12-projectdiamon-1erParcial\barrelRL00\barrelRL.vhdl changed - recompiling
@N: CD630 :"C:\Users\migue\OneDrive\Documentos\ADC\04-3CM12-projectdiamon-1erParcial\barrelRL00\barrelRL00.vhdl":7:7:7:16|Synthesizing work.barrelrl00.barrelrl0.
@N: CD630 :"C:\Users\migue\OneDrive\Documentos\ADC\04-3CM12-projectdiamon-1erParcial\barrelRL00\barrelRL.vhdl":8:7:8:14|Synthesizing work.barrelrl.barrel.
@N: CD364 :"C:\Users\migue\OneDrive\Documentos\ADC\04-3CM12-projectdiamon-1erParcial\barrelRL00\barrelRL.vhdl":35:6:35:13|Removing redundant assignment.
Post processing for work.barrelrl.barrel
Running optimization stage 1 on barrelRL .......
@N: CD630 :"C:\Users\migue\OneDrive\Documentos\ADC\04-3CM12-projectdiamon-1erParcial\barrelRL00\barrelRL0\source\osc00.vhd":10:7:10:11|Synthesizing work.osc00.osc0.
@N: CD630 :"C:\Users\migue\OneDrive\Documentos\ADC\04-3CM12-projectdiamon-1erParcial\barrelRL00\barrelRL0\source\div00.vhd":9:7:9:11|Synthesizing work.div00.div0.
@N: CD364 :"C:\Users\migue\OneDrive\Documentos\ADC\04-3CM12-projectdiamon-1erParcial\barrelRL00\barrelRL0\source\div00.vhd":30:6:30:11|Removing redundant assignment.
@N: CD364 :"C:\Users\migue\OneDrive\Documentos\ADC\04-3CM12-projectdiamon-1erParcial\barrelRL00\barrelRL0\source\div00.vhd":39:6:39:11|Removing redundant assignment.
@N: CD364 :"C:\Users\migue\OneDrive\Documentos\ADC\04-3CM12-projectdiamon-1erParcial\barrelRL00\barrelRL0\source\div00.vhd":48:6:48:11|Removing redundant assignment.
@N: CD364 :"C:\Users\migue\OneDrive\Documentos\ADC\04-3CM12-projectdiamon-1erParcial\barrelRL00\barrelRL0\source\div00.vhd":57:6:57:11|Removing redundant assignment.
@N: CD364 :"C:\Users\migue\OneDrive\Documentos\ADC\04-3CM12-projectdiamon-1erParcial\barrelRL00\barrelRL0\source\div00.vhd":66:6:66:11|Removing redundant assignment.
@N: CD364 :"C:\Users\migue\OneDrive\Documentos\ADC\04-3CM12-projectdiamon-1erParcial\barrelRL00\barrelRL0\source\div00.vhd":75:6:75:11|Removing redundant assignment.
@N: CD364 :"C:\Users\migue\OneDrive\Documentos\ADC\04-3CM12-projectdiamon-1erParcial\barrelRL00\barrelRL0\source\div00.vhd":84:6:84:11|Removing redundant assignment.
@N: CD364 :"C:\Users\migue\OneDrive\Documentos\ADC\04-3CM12-projectdiamon-1erParcial\barrelRL00\barrelRL0\source\div00.vhd":93:6:93:11|Removing redundant assignment.
Post processing for work.div00.div0
Running optimization stage 1 on div00 .......
@N: CD630 :"C:\Users\migue\OneDrive\Documentos\ADC\04-3CM12-projectdiamon-1erParcial\barrelRL00\barrelRL0\source\oscint00.vhd":8:7:8:14|Synthesizing work.oscint00.oscint0.
@W: CD276 :"C:\lscc\diamond\3.12\cae_library\synthesis\vhdl\machxo2.vhd":2297:8:2297:15|Map for port sedstdby of component osch not found
@N: CD630 :"C:\lscc\diamond\3.12\cae_library\synthesis\vhdl\machxo2.vhd":2291:10:2291:13|Synthesizing work.osch.syn_black_box.
Post processing for work.osch.syn_black_box
Post processing for work.oscint00.oscint0
Running optimization stage 1 on oscint00 .......
Post processing for work.osc00.osc0
Running optimization stage 1 on osc00 .......
Post processing for work.barrelrl00.barrelrl0
Running optimization stage 1 on barrelRL00 .......
Running optimization stage 2 on oscint00 .......
Running optimization stage 2 on div00 .......
Running optimization stage 2 on osc00 .......
Running optimization stage 2 on barrelRL .......
Running optimization stage 2 on barrelRL00 .......

For a summary of runtime and memory usage per design unit, please see file:
==========================================================
@L: C:\Users\migue\OneDrive\Documentos\ADC\04-3CM12-projectdiamon-1erParcial\barrelRL00\barrelRL0\synwork\layer0.rt.csv


At c_vhdl Exit (Real Time elapsed 0h:00m:01s; CPU Time elapsed 0h:00m:01s; Memory used current: 98MB peak: 100MB)

Process took 0h:00m:01s realtime, 0h:00m:01s cputime

Process completed successfully.
# Tue Mar 15 04:39:15 2022

###########################################################]
###########################################################[

Copyright (C) 1994-2020 Synopsys, Inc.
This Synopsys software and all associated documentation are proprietary to Synopsys, Inc.
and may only be used pursuant to the terms and conditions of a written license agreement
with Synopsys, Inc. All other use, reproduction, modification, or distribution of the
Synopsys software or the associated documentation is strictly prohibited.
Tool: Synplify Pro (R)
Build: Q-2020.03L-SP1
Install: C:\lscc\diamond\3.12\synpbase
OS: Windows 6.2

Hostname: DESKTOP-VTJO39V

Implementation : barrelRL0
Synopsys Synopsys Netlist Linker, Version comp202003synp2, Build 182R, Built Oct 29 2020 10:49:53, @

@N|Running in 64-bit mode
File C:\Users\migue\OneDrive\Documentos\ADC\04-3CM12-projectdiamon-1erParcial\barrelRL00\barrelRL0\synwork\layer0.srs changed - recompiling

At syn_nfilter Exit (Real Time elapsed 0h:00m:00s; CPU Time elapsed 0h:00m:00s; Memory used current: 90MB peak: 90MB)

Process took 0h:00m:01s realtime, 0h:00m:01s cputime

Process completed successfully.
# Tue Mar 15 04:39:16 2022

###########################################################]

For a summary of runtime and memory usage for all design units, please see file:
==========================================================
@L: C:\Users\migue\OneDrive\Documentos\ADC\04-3CM12-projectdiamon-1erParcial\barrelRL00\barrelRL0\synwork\barrelRL00_barrelRL0_comp.rt.csv

@END

At c_hdl Exit (Real Time elapsed 0h:00m:02s; CPU Time elapsed 0h:00m:01s; Memory used current: 22MB peak: 23MB)

Process took 0h:00m:02s realtime, 0h:00m:01s cputime

Process completed successfully.
# Tue Mar 15 04:39:16 2022

###########################################################]
###########################################################[

Copyright (C) 1994-2020 Synopsys, Inc.
This Synopsys software and all associated documentation are proprietary to Synopsys, Inc.
and may only be used pursuant to the terms and conditions of a written license agreement
with Synopsys, Inc. All other use, reproduction, modification, or distribution of the
Synopsys software or the associated documentation is strictly prohibited.
Tool: Synplify Pro (R)
Build: Q-2020.03L-SP1
Install: C:\lscc\diamond\3.12\synpbase
OS: Windows 6.2

Hostname: DESKTOP-VTJO39V

Implementation : barrelRL0
Synopsys Synopsys Netlist Linker, Version comp202003synp2, Build 182R, Built Oct 29 2020 10:49:53, @

@N|Running in 64-bit mode
File C:\Users\migue\OneDrive\Documentos\ADC\04-3CM12-projectdiamon-1erParcial\barrelRL00\barrelRL0\synwork\barrelRL00_barrelRL0_comp.srs changed - recompiling

At syn_nfilter Exit (Real Time elapsed 0h:00m:00s; CPU Time elapsed 0h:00m:00s; Memory used current: 90MB peak: 90MB)

Process took 0h:00m:01s realtime, 0h:00m:01s cputime

Process completed successfully.
# Tue Mar 15 04:39:18 2022

###########################################################]
Premap Report

# Tue Mar 15 04:39:18 2022


Copyright (C) 1994-2020 Synopsys, Inc.
This Synopsys software and all associated documentation are proprietary to Synopsys, Inc.
and may only be used pursuant to the terms and conditions of a written license agreement
with Synopsys, Inc. All other use, reproduction, modification, or distribution of the
Synopsys software or the associated documentation is strictly prohibited.
Tool: Synplify Pro (R)
Build: Q-2020.03L-SP1
Install: C:\lscc\diamond\3.12\synpbase
OS: Windows 6.2

Hostname: DESKTOP-VTJO39V

Implementation : barrelRL0
Synopsys Lattice Technology Pre-mapping, Version map202003lat, Build 172R, Built Nov  2 2020 09:31:45, @


Mapper Startup Complete (Real Time elapsed 0h:00m:00s; CPU Time elapsed 0h:00m:00s; Memory used current: 117MB peak: 117MB)

@A: MF827 |No constraint file specified.
@L: C:\Users\migue\OneDrive\Documentos\ADC\04-3CM12-projectdiamon-1erParcial\barrelRL00\barrelRL0\barrelRL00_barrelRL0_scck.rpt 
See clock summary report "C:\Users\migue\OneDrive\Documentos\ADC\04-3CM12-projectdiamon-1erParcial\barrelRL00\barrelRL0\barrelRL00_barrelRL0_scck.rpt"
@N: MF916 |Option synthesis_strategy=base is enabled. 
@N: MF248 |Running in 64-bit mode.
@N: MF666 |Clock conversion enabled. (Command "set_option -fix_gated_and_generated_clocks 1" in the project file.)

Design Input Complete (Real Time elapsed 0h:00m:00s; CPU Time elapsed 0h:00m:00s; Memory used current: 124MB peak: 128MB)


Mapper Initialization Complete (Real Time elapsed 0h:00m:00s; CPU Time elapsed 0h:00m:00s; Memory used current: 125MB peak: 128MB)


Start loading timing files (Real Time elapsed 0h:00m:00s; CPU Time elapsed 0h:00m:00s; Memory used current: 137MB peak: 137MB)


Finished loading timing files (Real Time elapsed 0h:00m:01s; CPU Time elapsed 0h:00m:00s; Memory used current: 138MB peak: 140MB)


Starting clock optimization phase (Real Time elapsed 0h:00m:01s; CPU Time elapsed 0h:00m:01s; Memory used current: 169MB peak: 169MB)


Finished clock optimization phase (Real Time elapsed 0h:00m:01s; CPU Time elapsed 0h:00m:01s; Memory used current: 170MB peak: 170MB)


Starting clock optimization report phase (Real Time elapsed 0h:00m:01s; CPU Time elapsed 0h:00m:01s; Memory used current: 170MB peak: 170MB)


Finished clock optimization report phase (Real Time elapsed 0h:00m:01s; CPU Time elapsed 0h:00m:01s; Memory used current: 170MB peak: 170MB)

@N: FX1184 |Applying syn_allowed_resources blockrams=26 on top level netlist barrelRL00 

Finished netlist restructuring (Real Time elapsed 0h:00m:01s; CPU Time elapsed 0h:00m:01s; Memory used current: 170MB peak: 170MB)



Clock Summary
******************

          Start                                Requested     Requested     Clock                                               Clock                   Clock
Level     Clock                                Frequency     Period        Type                                                Group                   Load 
------------------------------------------------------------------------------------------------------------------------------------------------------------
0 -       oscint00|osc_int0_inferred_clock     2.1 MHz       480.769       inferred                                            Inferred_clkgroup_0     23   
1 .         div00|oscOut_derived_clock         2.1 MHz       480.769       derived (from oscint00|osc_int0_inferred_clock)     Inferred_clkgroup_0     12   
============================================================================================================================================================



Clock Load Summary
***********************

                                     Clock     Source                           Clock Pin              Non-clock Pin     Non-clock Pin
Clock                                Load      Pin                              Seq Example            Seq Example       Comb Example 
--------------------------------------------------------------------------------------------------------------------------------------
oscint00|osc_int0_inferred_clock     23        BRL00.C00.OSCInst0.OSC(OSCH)     BRL00.C01.oscOut.C     -                 -            
div00|oscOut_derived_clock           12        BRL00.C01.oscOut.Q[0](dffe)      BRL01.outs[7:0].C      -                 -            
======================================================================================================================================

@W: MT529 :"c:\users\migue\onedrive\documentos\adc\04-3cm12-projectdiamon-1erparcial\barrelrl00\barrelrl0\source\div00.vhd":22:2:22:3|Found inferred clock oscint00|osc_int0_inferred_clock which controls 23 sequential elements including BRL00.C01.sdiv[21:0]. This clock has no specified timing constraint which may prevent conversion of gated or generated clocks and may adversely impact design performance. 

ICG Latch Removal Summary:
Number of ICG latches removed: 0
Number of ICG latches not removed:	0


@S |Clock Optimization Summary



#### START OF PREMAP CLOCK OPTIMIZATION REPORT #####[

1 non-gated/non-generated clock tree(s) driving 23 clock pin(s) of sequential element(s)
1 gated/generated clock tree(s) driving 12 clock pin(s) of sequential element(s)
0 instances converted, 12 sequential instances remain driven by gated/generated clocks

================================= Non-Gated/Non-Generated Clocks ==================================
Clock Tree ID     Driving Element            Drive Element Type     Fanout     Sample Instance     
---------------------------------------------------------------------------------------------------
@KP:ckid0_2       BRL00.C00.OSCInst0.OSC     OSCH                   23         BRL00.C01.sdiv[21:0]
===================================================================================================
================================================================== Gated/Generated Clocks ==================================================================
Clock Tree ID     Driving Element           Drive Element Type     Unconverted Fanout     Sample Instance         Explanation                               
------------------------------------------------------------------------------------------------------------------------------------------------------------
@KP:ckid0_0       BRL00.C01.oscOut.Q[0]     dffe                   12                     BRL01.scontrol[3:0]     Derived clock on input (not legal for GCC)
============================================================================================================================================================


##### END OF CLOCK OPTIMIZATION REPORT ######

@N: FX1143 |Skipping assigning INTERNAL_VREF to iobanks, because the table of mapping from pin to iobank is not initialized.
Finished Pre Mapping Phase.

Starting constraint checker (Real Time elapsed 0h:00m:02s; CPU Time elapsed 0h:00m:01s; Memory used current: 170MB peak: 170MB)


Finished constraint checker preprocessing (Real Time elapsed 0h:00m:02s; CPU Time elapsed 0h:00m:01s; Memory used current: 170MB peak: 170MB)


Finished constraint checker (Real Time elapsed 0h:00m:02s; CPU Time elapsed 0h:00m:01s; Memory used current: 171MB peak: 171MB)

Pre-mapping successful!

At Mapper Exit (Real Time elapsed 0h:00m:02s; CPU Time elapsed 0h:00m:01s; Memory used current: 91MB peak: 173MB)

Process took 0h:00m:02s realtime, 0h:00m:01s cputime
# Tue Mar 15 04:39:21 2022

###########################################################]
Map & Optimize Report

# Tue Mar 15 04:39:22 2022


Copyright (C) 1994-2020 Synopsys, Inc.
This Synopsys software and all associated documentation are proprietary to Synopsys, Inc.
and may only be used pursuant to the terms and conditions of a written license agreement
with Synopsys, Inc. All other use, reproduction, modification, or distribution of the
Synopsys software or the associated documentation is strictly prohibited.
Tool: Synplify Pro (R)
Build: Q-2020.03L-SP1
Install: C:\lscc\diamond\3.12\synpbase
OS: Windows 6.2

Hostname: DESKTOP-VTJO39V

Implementation : barrelRL0
Synopsys Lattice Technology Mapper, Version map202003lat, Build 172R, Built Nov  2 2020 09:31:45, @


Mapper Startup Complete (Real Time elapsed 0h:00m:00s; CPU Time elapsed 0h:00m:00s; Memory used current: 117MB peak: 117MB)

@N: MF916 |Option synthesis_strategy=base is enabled. 
@N: MF248 |Running in 64-bit mode.
@N: MF666 |Clock conversion enabled. (Command "set_option -fix_gated_and_generated_clocks 1" in the project file.)

Design Input Complete (Real Time elapsed 0h:00m:00s; CPU Time elapsed 0h:00m:00s; Memory used current: 119MB peak: 128MB)


Mapper Initialization Complete (Real Time elapsed 0h:00m:00s; CPU Time elapsed 0h:00m:00s; Memory used current: 119MB peak: 128MB)


Start loading timing files (Real Time elapsed 0h:00m:00s; CPU Time elapsed 0h:00m:00s; Memory used current: 133MB peak: 133MB)


Finished loading timing files (Real Time elapsed 0h:00m:00s; CPU Time elapsed 0h:00m:00s; Memory used current: 135MB peak: 136MB)



Starting Optimization and Mapping (Real Time elapsed 0h:00m:01s; CPU Time elapsed 0h:00m:01s; Memory used current: 167MB peak: 167MB)


Available hyper_sources - for debug and ip models
	None Found


Finished RTL optimizations (Real Time elapsed 0h:00m:01s; CPU Time elapsed 0h:00m:01s; Memory used current: 170MB peak: 170MB)


Starting factoring (Real Time elapsed 0h:00m:01s; CPU Time elapsed 0h:00m:01s; Memory used current: 172MB peak: 172MB)


Finished factoring (Real Time elapsed 0h:00m:01s; CPU Time elapsed 0h:00m:01s; Memory used current: 173MB peak: 173MB)


Finished generic timing optimizations - Pass 1 (Real Time elapsed 0h:00m:01s; CPU Time elapsed 0h:00m:01s; Memory used current: 174MB peak: 174MB)


Starting Early Timing Optimization (Real Time elapsed 0h:00m:01s; CPU Time elapsed 0h:00m:01s; Memory used current: 175MB peak: 175MB)


Finished Early Timing Optimization (Real Time elapsed 0h:00m:01s; CPU Time elapsed 0h:00m:01s; Memory used current: 175MB peak: 175MB)


Finished generic timing optimizations - Pass 2 (Real Time elapsed 0h:00m:01s; CPU Time elapsed 0h:00m:01s; Memory used current: 175MB peak: 175MB)


Finished preparing to map (Real Time elapsed 0h:00m:01s; CPU Time elapsed 0h:00m:01s; Memory used current: 175MB peak: 175MB)


Finished technology mapping (Real Time elapsed 0h:00m:02s; CPU Time elapsed 0h:00m:01s; Memory used current: 179MB peak: 179MB)

Pass		 CPU time		Worst Slack		Luts / Registers
------------------------------------------------------------
   1		0h:00m:01s		   467.61ns		  59 /        35

Finished technology timing optimizations and critical path resynthesis (Real Time elapsed 0h:00m:02s; CPU Time elapsed 0h:00m:02s; Memory used current: 179MB peak: 179MB)

@N: FX164 |The option to pack registers in the IOB has not been specified. Please set syn_useioff attribute.  

Finished restoring hierarchy (Real Time elapsed 0h:00m:02s; CPU Time elapsed 0h:00m:02s; Memory used current: 180MB peak: 180MB)


Start Writing Netlists (Real Time elapsed 0h:00m:02s; CPU Time elapsed 0h:00m:02s; Memory used current: 144MB peak: 180MB)

Writing Analyst data base C:\Users\migue\OneDrive\Documentos\ADC\04-3CM12-projectdiamon-1erParcial\barrelRL00\barrelRL0\synwork\barrelRL00_barrelRL0_m.srm

Finished Writing Netlist Databases (Real Time elapsed 0h:00m:02s; CPU Time elapsed 0h:00m:02s; Memory used current: 179MB peak: 180MB)

Writing EDIF Netlist and constraint files
@N: FX1056 |Writing EDF file: C:\Users\migue\OneDrive\Documentos\ADC\04-3CM12-projectdiamon-1erParcial\barrelRL00\barrelRL0\barrelRL00_barrelRL0.edi
@N: BW106 |Synplicity Constraint File capacitance units using default value of 1pF 

Finished Writing EDIF Netlist and constraint files (Real Time elapsed 0h:00m:03s; CPU Time elapsed 0h:00m:03s; Memory used current: 184MB peak: 184MB)


Start final timing analysis (Real Time elapsed 0h:00m:04s; CPU Time elapsed 0h:00m:03s; Memory used current: 184MB peak: 184MB)

@W: MT420 |Found inferred clock oscint00|osc_int0_inferred_clock with period 480.77ns. Please declare a user-defined clock on net BRL00.C00.clkaux.
@N: MT615 |Found clock div00|oscOut_derived_clock with period 480.77ns 


##### START OF TIMING REPORT #####[
# Timing report written on Tue Mar 15 04:39:26 2022
#


Top view:               barrelRL00
Requested Frequency:    2.1 MHz
Wire load mode:         top
Paths requested:        5
Constraint File(s):    
@N: MT320 |This timing report is an estimate of place and route data. For final timing results, use the FPGA vendor place and route report.

@N: MT322 |Clock constraints include only register-to-register paths associated with each individual clock.



Performance Summary
*******************


Worst slack in design: 466.444

                                     Requested     Estimated     Requested     Estimated                 Clock                                               Clock              
Starting Clock                       Frequency     Frequency     Period        Period        Slack       Type                                                Group              
--------------------------------------------------------------------------------------------------------------------------------------------------------------------------------
div00|oscOut_derived_clock           2.1 MHz       314.4 MHz     480.769       3.180         955.178     derived (from oscint00|osc_int0_inferred_clock)     Inferred_clkgroup_0
oscint00|osc_int0_inferred_clock     2.1 MHz       69.8 MHz      480.769       14.325        466.444     inferred                                            Inferred_clkgroup_0
================================================================================================================================================================================





Clock Relationships
*******************

Clocks                                                              |    rise  to  rise     |    fall  to  fall   |    rise  to  fall   |    fall  to  rise 
------------------------------------------------------------------------------------------------------------------------------------------------------------
Starting                          Ending                            |  constraint  slack    |  constraint  slack  |  constraint  slack  |  constraint  slack
------------------------------------------------------------------------------------------------------------------------------------------------------------
oscint00|osc_int0_inferred_clock  oscint00|osc_int0_inferred_clock  |  480.769     466.444  |  No paths    -      |  No paths    -      |  No paths    -    
div00|oscOut_derived_clock        div00|oscOut_derived_clock        |  480.769     955.178  |  No paths    -      |  No paths    -      |  No paths    -    
============================================================================================================================================================
 Note: 'No paths' indicates there are no paths in the design for that pair of clock edges.
       'Diff grp' indicates that paths exist but the starting clock and ending clock are in different clock groups.



Interface Information 
*********************

No IO constraint found



====================================
Detailed Report for Clock: div00|oscOut_derived_clock
====================================



Starting Points with Worst Slack
********************************

                      Starting                                                           Arrival            
Instance              Reference                      Type        Pin     Net             Time        Slack  
                      Clock                                                                                 
------------------------------------------------------------------------------------------------------------
BRL01.scontrol[0]     div00|oscOut_derived_clock     FD1S3IX     Q       scontrol[0]     1.180       955.178
BRL01.scontrol[1]     div00|oscOut_derived_clock     FD1S3IX     Q       scontrol[1]     1.148       955.353
BRL01.scontrol[2]     div00|oscOut_derived_clock     FD1S3IX     Q       scontrol[2]     1.108       955.393
BRL01.scontrol[3]     div00|oscOut_derived_clock     FD1S3IX     Q       scontrol[3]     1.044       957.340
BRL01.outs[0]         div00|oscOut_derived_clock     FD1P3AX     Q       out0_c[0]       1.044       959.967
BRL01.outs[1]         div00|oscOut_derived_clock     FD1P3AX     Q       out0_c[1]       1.044       959.967
BRL01.outs[2]         div00|oscOut_derived_clock     FD1P3AX     Q       out0_c[2]       1.044       959.967
BRL01.outs[3]         div00|oscOut_derived_clock     FD1P3AX     Q       out0_c[3]       1.044       959.967
BRL01.outs[4]         div00|oscOut_derived_clock     FD1P3AX     Q       out0_c[4]       1.044       959.967
BRL01.outs[5]         div00|oscOut_derived_clock     FD1P3AX     Q       out0_c[5]       1.044       959.967
============================================================================================================


Ending Points with Worst Slack
******************************

                      Starting                                                               Required            
Instance              Reference                      Type        Pin     Net                 Time         Slack  
                      Clock                                                                                      
-----------------------------------------------------------------------------------------------------------------
BRL01.outs[0]         div00|oscOut_derived_clock     FD1P3AX     SP      outs_1_sqmuxa_i     961.067      955.178
BRL01.outs[1]         div00|oscOut_derived_clock     FD1P3AX     SP      outs_1_sqmuxa_i     961.067      955.178
BRL01.outs[2]         div00|oscOut_derived_clock     FD1P3AX     SP      outs_1_sqmuxa_i     961.067      955.178
BRL01.outs[3]         div00|oscOut_derived_clock     FD1P3AX     SP      outs_1_sqmuxa_i     961.067      955.178
BRL01.outs[4]         div00|oscOut_derived_clock     FD1P3AX     SP      outs_1_sqmuxa_i     961.067      955.178
BRL01.outs[5]         div00|oscOut_derived_clock     FD1P3AX     SP      outs_1_sqmuxa_i     961.067      955.178
BRL01.outs[6]         div00|oscOut_derived_clock     FD1P3AX     SP      outs_1_sqmuxa_i     961.067      955.178
BRL01.outs[7]         div00|oscOut_derived_clock     FD1P3AX     SP      outs_1_sqmuxa_i     961.067      955.178
BRL01.scontrol[3]     div00|oscOut_derived_clock     FD1S3IX     D       un2_scontrol[4]     961.627      955.370
BRL01.scontrol[0]     div00|oscOut_derived_clock     FD1S3IX     D       un2_scontrol[1]     961.627      956.386
=================================================================================================================



Worst Path Information
***********************


Path information for path number 1: 
      Requested Period:                      961.538
    - Setup time:                            0.472
    + Clock delay at ending point:           0.000 (ideal)
    = Required time:                         961.067

    - Propagation time:                      5.889
    - Clock delay at starting point:         0.000 (ideal)
    = Slack (non-critical) :                 955.178

    Number of logic level(s):                4
    Starting point:                          BRL01.scontrol[0] / Q
    Ending point:                            BRL01.outs[0] / SP
    The start point is clocked by            div00|oscOut_derived_clock [rising] (rise=0.000 fall=240.385 period=480.769) on pin CK
    The end   point is clocked by            div00|oscOut_derived_clock [rising] (rise=0.000 fall=240.385 period=480.769) on pin CK
    -Timing constraint applied as multi cycle path with factor 2 (from c:div00|oscOut_derived_clock to c:div00|oscOut_derived_clock)

Instance / Net                                       Pin      Pin               Arrival     No. of    
Name                                    Type         Name     Dir     Delay     Time        Fan Out(s)
------------------------------------------------------------------------------------------------------
BRL01.scontrol[0]                       FD1S3IX      Q        Out     1.180     1.180 r     -         
scontrol[0]                             Net          -        -       -         -           5         
BRL01.pbarrel\.un1_scontrol_cry_0_0     CCU2D        B1       In      0.000     1.180 r     -         
BRL01.pbarrel\.un1_scontrol_cry_0_0     CCU2D        COUT     Out     1.544     2.724 r     -         
un1_scontrol_cry_0                      Net          -        -       -         -           1         
BRL01.pbarrel\.un1_scontrol_cry_1_0     CCU2D        CIN      In      0.000     2.724 r     -         
BRL01.pbarrel\.un1_scontrol_cry_1_0     CCU2D        COUT     Out     0.143     2.867 r     -         
un1_scontrol_cry_2                      Net          -        -       -         -           1         
BRL01.pbarrel\.un1_scontrol_cry_3_0     CCU2D        CIN      In      0.000     2.867 r     -         
BRL01.pbarrel\.un1_scontrol_cry_3_0     CCU2D        S1       Out     1.757     4.624 r     -         
un1_scontrol                            Net          -        -       -         -           5         
BRL01.outs_1_sqmuxa_i                   ORCALUT4     A        In      0.000     4.624 r     -         
BRL01.outs_1_sqmuxa_i                   ORCALUT4     Z        Out     1.265     5.889 r     -         
outs_1_sqmuxa_i                         Net          -        -       -         -           8         
BRL01.outs[0]                           FD1P3AX      SP       In      0.000     5.889 r     -         
======================================================================================================




====================================
Detailed Report for Clock: oscint00|osc_int0_inferred_clock
====================================



Starting Points with Worst Slack
********************************

                      Starting                                                             Arrival            
Instance              Reference                            Type        Pin     Net         Time        Slack  
                      Clock                                                                                   
--------------------------------------------------------------------------------------------------------------
BRL00.C01.sdiv[0]     oscint00|osc_int0_inferred_clock     FD1S3IX     Q       sdiv[0]     1.044       466.444
BRL00.C01.sdiv[1]     oscint00|osc_int0_inferred_clock     FD1S3IX     Q       sdiv[1]     1.044       466.444
BRL00.C01.sdiv[2]     oscint00|osc_int0_inferred_clock     FD1S3IX     Q       sdiv[2]     1.044       466.444
BRL00.C01.sdiv[3]     oscint00|osc_int0_inferred_clock     FD1S3IX     Q       sdiv[3]     1.044       466.444
BRL00.C01.sdiv[4]     oscint00|osc_int0_inferred_clock     FD1S3IX     Q       sdiv[4]     1.044       466.444
BRL00.C01.sdiv[5]     oscint00|osc_int0_inferred_clock     FD1S3IX     Q       sdiv[5]     1.044       466.444
BRL00.C01.sdiv[6]     oscint00|osc_int0_inferred_clock     FD1S3IX     Q       sdiv[6]     1.044       466.444
BRL00.C01.sdiv[7]     oscint00|osc_int0_inferred_clock     FD1S3IX     Q       sdiv[7]     1.044       466.444
BRL00.C01.sdiv[8]     oscint00|osc_int0_inferred_clock     FD1S3IX     Q       sdiv[8]     1.044       466.444
BRL00.C01.sdiv[9]     oscint00|osc_int0_inferred_clock     FD1S3IX     Q       sdiv[9]     1.044       466.444
==============================================================================================================


Ending Points with Worst Slack
******************************

                       Starting                                                                 Required            
Instance               Reference                            Type        Pin     Net             Time         Slack  
                       Clock                                                                                        
--------------------------------------------------------------------------------------------------------------------
BRL00.C01.sdiv[21]     oscint00|osc_int0_inferred_clock     FD1S3IX     D       sdiv_11[21]     480.664      466.444
BRL00.C01.sdiv[19]     oscint00|osc_int0_inferred_clock     FD1S3IX     D       sdiv_11[19]     480.664      466.587
BRL00.C01.sdiv[20]     oscint00|osc_int0_inferred_clock     FD1S3IX     D       sdiv_11[20]     480.664      466.587
BRL00.C01.sdiv[17]     oscint00|osc_int0_inferred_clock     FD1S3IX     D       sdiv_11[17]     480.664      466.729
BRL00.C01.sdiv[18]     oscint00|osc_int0_inferred_clock     FD1S3IX     D       sdiv_11[18]     480.664      466.729
BRL00.C01.sdiv[15]     oscint00|osc_int0_inferred_clock     FD1S3IX     D       sdiv_11[15]     480.664      466.872
BRL00.C01.sdiv[16]     oscint00|osc_int0_inferred_clock     FD1S3IX     D       sdiv_11[16]     480.664      466.872
BRL00.C01.sdiv[13]     oscint00|osc_int0_inferred_clock     FD1S3IX     D       sdiv_11[13]     480.664      467.015
BRL00.C01.sdiv[14]     oscint00|osc_int0_inferred_clock     FD1S3IX     D       sdiv_11[14]     480.664      467.015
BRL00.C01.sdiv[11]     oscint00|osc_int0_inferred_clock     FD1S3IX     D       sdiv_11[11]     480.664      467.158
====================================================================================================================



Worst Path Information
***********************


Path information for path number 1: 
      Requested Period:                      480.769
    - Setup time:                            0.106
    + Clock delay at ending point:           0.000 (ideal)
    = Required time:                         480.664

    - Propagation time:                      14.220
    - Clock delay at starting point:         0.000 (ideal)
    = Slack (critical) :                     466.444

    Number of logic level(s):                20
    Starting point:                          BRL00.C01.sdiv[0] / Q
    Ending point:                            BRL00.C01.sdiv[21] / D
    The start point is clocked by            oscint00|osc_int0_inferred_clock [rising] (rise=0.000 fall=240.385 period=480.769) on pin CK
    The end   point is clocked by            oscint00|osc_int0_inferred_clock [rising] (rise=0.000 fall=240.385 period=480.769) on pin CK

Instance / Net                                                 Pin      Pin               Arrival      No. of    
Name                                              Type         Name     Dir     Delay     Time         Fan Out(s)
-----------------------------------------------------------------------------------------------------------------
BRL00.C01.sdiv[0]                                 FD1S3IX      Q        Out     1.044     1.044 r      -         
sdiv[0]                                           Net          -        -       -         -            2         
BRL00.C01.pdiv\.oscout60lto21_i_a2_1_7            ORCALUT4     A        In      0.000     1.044 r      -         
BRL00.C01.pdiv\.oscout60lto21_i_a2_1_7            ORCALUT4     Z        Out     1.017     2.061 f      -         
oscout60lto21_i_a2_1_7                            Net          -        -       -         -            1         
BRL00.C01.pdiv\.oscout60lto21_i_a2_1              ORCALUT4     C        In      0.000     2.061 f      -         
BRL00.C01.pdiv\.oscout60lto21_i_a2_1              ORCALUT4     Z        Out     1.193     3.253 f      -         
N_76                                              Net          -        -       -         -            4         
BRL00.C01.pdiv\.oscout28lto21_i_a2_0              ORCALUT4     D        In      0.000     3.253 f      -         
BRL00.C01.pdiv\.oscout28lto21_i_a2_0              ORCALUT4     Z        Out     1.153     4.406 f      -         
N_78                                              Net          -        -       -         -            3         
BRL00.C01.pdiv\.oscout20lto21_i_a2_0              ORCALUT4     C        In      0.000     4.406 f      -         
BRL00.C01.pdiv\.oscout20lto21_i_a2_0              ORCALUT4     Z        Out     1.153     5.559 f      -         
N_87                                              Net          -        -       -         -            3         
BRL00.C01.pdiv\.oscout12lto21_i_a3                ORCALUT4     C        In      0.000     5.559 f      -         
BRL00.C01.pdiv\.oscout12lto21_i_a3                ORCALUT4     Z        Out     1.017     6.576 f      -         
N_66                                              Net          -        -       -         -            1         
BRL00.C01.pdiv\.oscout12lto21_i_a3_RNI8J221       ORCALUT4     C        In      0.000     6.576 f      -         
BRL00.C01.pdiv\.oscout12lto21_i_a3_RNI8J221       ORCALUT4     Z        Out     1.017     7.593 r      -         
un1_oscout73_i_i_o2_4                             Net          -        -       -         -            1         
BRL00.C01.pdiv\.oscout52lto21_i_a3_0_RNIPHK68     ORCALUT4     C        In      0.000     7.593 r      -         
BRL00.C01.pdiv\.oscout52lto21_i_a3_0_RNIPHK68     ORCALUT4     Z        Out     1.089     8.681 r      -         
N_15                                              Net          -        -       -         -            2         
BRL00.C01.un1_sdiv_cry_0_0_RNO                    ORCALUT4     A        In      0.000     8.681 r      -         
BRL00.C01.un1_sdiv_cry_0_0_RNO                    ORCALUT4     Z        Out     1.017     9.698 f      -         
N_9_i                                             Net          -        -       -         -            1         
BRL00.C01.un1_sdiv_cry_0_0                        CCU2D        B0       In      0.000     9.698 f      -         
BRL00.C01.un1_sdiv_cry_0_0                        CCU2D        COUT     Out     1.544     11.243 r     -         
un1_sdiv_cry_0                                    Net          -        -       -         -            1         
BRL00.C01.un1_sdiv_cry_1_0                        CCU2D        CIN      In      0.000     11.243 r     -         
BRL00.C01.un1_sdiv_cry_1_0                        CCU2D        COUT     Out     0.143     11.386 r     -         
un1_sdiv_cry_2                                    Net          -        -       -         -            1         
BRL00.C01.un1_sdiv_cry_3_0                        CCU2D        CIN      In      0.000     11.386 r     -         
BRL00.C01.un1_sdiv_cry_3_0                        CCU2D        COUT     Out     0.143     11.528 r     -         
un1_sdiv_cry_4                                    Net          -        -       -         -            1         
BRL00.C01.un1_sdiv_cry_5_0                        CCU2D        CIN      In      0.000     11.528 r     -         
BRL00.C01.un1_sdiv_cry_5_0                        CCU2D        COUT     Out     0.143     11.671 r     -         
un1_sdiv_cry_6                                    Net          -        -       -         -            1         
BRL00.C01.un1_sdiv_cry_7_0                        CCU2D        CIN      In      0.000     11.671 r     -         
BRL00.C01.un1_sdiv_cry_7_0                        CCU2D        COUT     Out     0.143     11.814 r     -         
un1_sdiv_cry_8                                    Net          -        -       -         -            1         
BRL00.C01.un1_sdiv_cry_9_0                        CCU2D        CIN      In      0.000     11.814 r     -         
BRL00.C01.un1_sdiv_cry_9_0                        CCU2D        COUT     Out     0.143     11.957 r     -         
un1_sdiv_cry_10                                   Net          -        -       -         -            1         
BRL00.C01.un1_sdiv_cry_11_0                       CCU2D        CIN      In      0.000     11.957 r     -         
BRL00.C01.un1_sdiv_cry_11_0                       CCU2D        COUT     Out     0.143     12.100 r     -         
un1_sdiv_cry_12                                   Net          -        -       -         -            1         
BRL00.C01.un1_sdiv_cry_13_0                       CCU2D        CIN      In      0.000     12.100 r     -         
BRL00.C01.un1_sdiv_cry_13_0                       CCU2D        COUT     Out     0.143     12.242 r     -         
un1_sdiv_cry_14                                   Net          -        -       -         -            1         
BRL00.C01.un1_sdiv_cry_15_0                       CCU2D        CIN      In      0.000     12.242 r     -         
BRL00.C01.un1_sdiv_cry_15_0                       CCU2D        COUT     Out     0.143     12.385 r     -         
un1_sdiv_cry_16                                   Net          -        -       -         -            1         
BRL00.C01.un1_sdiv_cry_17_0                       CCU2D        CIN      In      0.000     12.385 r     -         
BRL00.C01.un1_sdiv_cry_17_0                       CCU2D        COUT     Out     0.143     12.528 r     -         
un1_sdiv_cry_18                                   Net          -        -       -         -            1         
BRL00.C01.un1_sdiv_cry_19_0                       CCU2D        CIN      In      0.000     12.528 r     -         
BRL00.C01.un1_sdiv_cry_19_0                       CCU2D        COUT     Out     0.143     12.671 r     -         
un1_sdiv_cry_20                                   Net          -        -       -         -            1         
BRL00.C01.un1_sdiv_s_21_0                         CCU2D        CIN      In      0.000     12.671 r     -         
BRL00.C01.un1_sdiv_s_21_0                         CCU2D        S0       Out     1.549     14.220 r     -         
sdiv_11[21]                                       Net          -        -       -         -            1         
BRL00.C01.sdiv[21]                                FD1S3IX      D        In      0.000     14.220 r     -         
=================================================================================================================



##### END OF TIMING REPORT #####]

Timing exceptions that could not be applied

Finished final timing analysis (Real Time elapsed 0h:00m:04s; CPU Time elapsed 0h:00m:03s; Memory used current: 184MB peak: 184MB)


Finished timing report (Real Time elapsed 0h:00m:04s; CPU Time elapsed 0h:00m:03s; Memory used current: 184MB peak: 184MB)

---------------------------------------
Resource Usage Report
Part: lcmxo2_7000he-5

Register bits: 35 of 6864 (1%)
PIC Latch:       0
I/O cells:       27


Details:
CCU2D:          15
FD1P3AX:        8
FD1S3AX:        1
FD1S3IX:        26
GSR:            1
IB:             18
INV:            1
OB:             9
ORCALUT4:       58
OSCH:           1
PUR:            1
VHI:            3
VLO:            4
Mapper successful!

At Mapper Exit (Real Time elapsed 0h:00m:04s; CPU Time elapsed 0h:00m:03s; Memory used current: 65MB peak: 184MB)

Process took 0h:00m:04s realtime, 0h:00m:03s cputime
# Tue Mar 15 04:39:27 2022

###########################################################]


Synthesis exit by 0.

edif2ngd  -l "MachXO2" -d LCMXO2-7000HE -path "C:/Users/migue/OneDrive/Documentos/ADC/04-3CM12-projectdiamon-1erParcial/barrelRL00/barrelRL0" -path "C:/Users/migue/OneDrive/Documentos/ADC/04-3CM12-projectdiamon-1erParcial/barrelRL00"   "C:/Users/migue/OneDrive/Documentos/ADC/04-3CM12-projectdiamon-1erParcial/barrelRL00/barrelRL0/barrelRL00_barrelRL0.edi" "barrelRL00_barrelRL0.ngo"   
edif2ngd:  version Diamond (64-bit) 3.12.0.240.2

Copyright (c) 1991-1994 by NeoCAD Inc. All rights reserved.
Copyright (c) 1995 AT&T Corp.   All rights reserved.
Copyright (c) 1995-2001 Lucent Technologies Inc.  All rights reserved.
Copyright (c) 2001 Agere Systems   All rights reserved.
Copyright (c) 2002-2020 Lattice Semiconductor Corporation,  All rights reserved.
Writing the design to barrelRL00_barrelRL0.ngo...

Total CPU Time: 0 secs  
Total REAL Time: 0 secs  
Peak Memory Usage: 10 MB


ngdbuild  -a "MachXO2" -d LCMXO2-7000HE  -p "C:/lscc/diamond/3.12/ispfpga/xo2c00/data"  -p "C:/Users/migue/OneDrive/Documentos/ADC/04-3CM12-projectdiamon-1erParcial/barrelRL00/barrelRL0" -p "C:/Users/migue/OneDrive/Documentos/ADC/04-3CM12-projectdiamon-1erParcial/barrelRL00"  "barrelRL00_barrelRL0.ngo" "barrelRL00_barrelRL0.ngd"  	
ngdbuild:  version Diamond (64-bit) 3.12.0.240.2

Copyright (c) 1991-1994 by NeoCAD Inc. All rights reserved.
Copyright (c) 1995 AT&T Corp.   All rights reserved.
Copyright (c) 1995-2001 Lucent Technologies Inc.  All rights reserved.
Copyright (c) 2001 Agere Systems   All rights reserved.
Copyright (c) 2002-2020 Lattice Semiconductor Corporation,  All rights reserved.
Reading 'barrelRL00_barrelRL0.ngo' ...
Loading NGL library 'C:/lscc/diamond/3.12/ispfpga/xo2c00a/data/xo2alib.ngl'...
Loading NGL library 'C:/lscc/diamond/3.12/ispfpga/xo2c00/data/xo2clib.ngl'...
Loading NGL library 'C:/lscc/diamond/3.12/ispfpga/mg5g00/data/mg5glib.ngl'...
Loading NGL library 'C:/lscc/diamond/3.12/ispfpga/or5g00/data/orc5glib.ngl'...


Running DRC...

    <postMsg mid="1166052" type="Warning" dynamic="2" navigation="1" arg0="logical" arg1="BRL00/C00/OSCInst0_SEDSTDBY" arg2="BRL00/C00/OSCInst0_SEDSTDBY"  />
    <postMsg mid="1163101" type="Warning" dynamic="1" navigation="0" arg0="1"  />

Design Results:
    145 blocks expanded
Complete the first expansion.
Writing 'barrelRL00_barrelRL0.ngd' ...
Total CPU Time: 0 secs 
Total REAL Time: 0 secs 
Peak Memory Usage: 17 MB


map -a "MachXO2" -p LCMXO2-7000HE -t TQFP144 -s 5 -oc Commercial   "barrelRL00_barrelRL0.ngd" -o "barrelRL00_barrelRL0_map.ncd" -pr "barrelRL00_barrelRL0.prf" -mp "barrelRL00_barrelRL0.mrp" -lpf "C:/Users/migue/OneDrive/Documentos/ADC/04-3CM12-projectdiamon-1erParcial/barrelRL00/barrelRL0/barrelRL00_barrelRL0_synplify.lpf" -lpf "C:/Users/migue/OneDrive/Documentos/ADC/04-3CM12-projectdiamon-1erParcial/barrelRL00/barrelRL00.lpf"  -c 0           
map:  version Diamond (64-bit) 3.12.0.240.2

Copyright (c) 1991-1994 by NeoCAD Inc. All rights reserved.
Copyright (c) 1995 AT&T Corp.   All rights reserved.
Copyright (c) 1995-2001 Lucent Technologies Inc.  All rights reserved.
Copyright (c) 2001 Agere Systems   All rights reserved.
Copyright (c) 2002-2020 Lattice Semiconductor Corporation,  All rights reserved.
   Process the file: barrelRL00_barrelRL0.ngd
   Picdevice="LCMXO2-7000HE"

   Pictype="TQFP144"

   Picspeed=5

   Remove unused logic

   Do not produce over sized NCDs.

Part used: LCMXO2-7000HETQFP144, Performance used: 5.

Loading device for application map from file 'xo2c7000.nph' in environment: C:/lscc/diamond/3.12/ispfpga.
Package Status:                     Final          Version 1.39.

Running general design DRC...

Removing unused logic...

Optimizing...




Design Summary:
   Number of registers:     35 out of  7209 (0%)
      PFU registers:           35 out of  6864 (1%)
      PIO registers:            0 out of   345 (0%)
   Number of SLICEs:        44 out of  3432 (1%)
      SLICEs as Logic/ROM:     44 out of  3432 (1%)
      SLICEs as RAM:            0 out of  2574 (0%)
      SLICEs as Carry:         15 out of  3432 (0%)
   Number of LUT4s:         88 out of  6864 (1%)
      Number used as logic LUTs:         58
      Number used as distributed RAM:     0
      Number used as ripple logic:       30
      Number used as shift registers:     0
   Number of PIO sites used: 27 + 4(JTAG) out of 115 (27%)
   Number of block RAMs:  0 out of 26 (0%)
   Number of GSRs:        0 out of 1 (0%)
   EFB used :        No
   JTAG used :       No
   Readback used :   No
   Oscillator used : Yes
   Startup used :    No
   POR :             On
   Bandgap :         On
   Number of Power Controller:  0 out of 1 (0%)
   Number of Dynamic Bank Controller (BCINRD):  0 out of 6 (0%)
   Number of Dynamic Bank Controller (BCLVDSO):  0 out of 1 (0%)
   Number of DCCA:  0 out of 8 (0%)
   Number of DCMA:  0 out of 2 (0%)
   Number of PLLs:  0 out of 2 (0%)
   Number of DQSDLLs:  0 out of 2 (0%)
   Number of CLKDIVC:  0 out of 4 (0%)
   Number of ECLKSYNCA:  0 out of 4 (0%)
   Number of ECLKBRIDGECS:  0 out of 2 (0%)
   Notes:-
      1. Total number of LUT4s = (Number of logic LUT4s) + 2*(Number of distributed RAMs) + 2*(Number of ripple logic)
      2. Number of logic LUT4s does not include count of distributed RAM and ripple logic.
   Number of clocks:  2
     Net clk0_c: 6 loads, 6 rising, 0 falling (Driver: BRL00/C01/oscOut )
     Net BRL00/clkaux: 13 loads, 13 rising, 0 falling (Driver: BRL00/C00/OSCInst0 )
   Number of Clock Enables:  1
     Net BRL01/outs_1_sqmuxa_i: 4 loads, 4 LSLICEs
   Number of LSRs:  2
     Net en0_c: 2 loads, 2 LSLICEs
     Net BRL00/C01/oscOut_0_sqmuxa_1_0_i_a3_RNIPA8O8: 12 loads, 12 LSLICEs
   Number of nets driven by tri-state buffers:  0
   Top 10 highest fanout non-clock nets:
     Net BRL00/C01/oscOut_0_sqmuxa_1_0_i_a3_RNIPA8O8: 13 loads
     Net en0_c: 11 loads
     Net cdiv0_c[0]: 9 loads
     Net cdiv0_c[1]: 9 loads
     Net cdiv0_c[2]: 9 loads
     Net BRL00/C01/N_75: 6 loads
     Net BRL00/C01/sdiv[15]: 6 loads
     Net BRL00/C01/sdiv[21]: 6 loads
     Net BRL00/C01/sdiv[13]: 5 loads
     Net BRL00/C01/sdiv[18]: 5 loads
 

   Number of warnings:  0
   Number of errors:    0



Total CPU Time: 0 secs  
Total REAL Time: 0 secs  
Peak Memory Usage: 57 MB

Dumping design to file barrelRL00_barrelRL0_map.ncd.

mpartrce -p "barrelRL00_barrelRL0.p2t" -f "barrelRL00_barrelRL0.p3t" -tf "barrelRL00_barrelRL0.pt" "barrelRL00_barrelRL0_map.ncd" "barrelRL00_barrelRL0.ncd"

---- MParTrce Tool ----
Removing old design directory at request of -rem command line option to this program.
Running par. Please wait . . .

Lattice Place and Route Report for Design "barrelRL00_barrelRL0_map.ncd"
Tue Mar 15 04:39:33 2022

PAR: Place And Route Diamond (64-bit) 3.12.0.240.2.
Command Line: par -w -l 5 -i 6 -t 1 -c 0 -e 0 -gui -msgset C:/Users/migue/OneDrive/Documentos/ADC/04-3CM12-projectdiamon-1erParcial/barrelRL00/promote.xml -exp parUseNBR=1:parCDP=0:parCDR=0:parPathBased=OFF:parASE=1 barrelRL00_barrelRL0_map.ncd barrelRL00_barrelRL0.dir/5_1.ncd barrelRL00_barrelRL0.prf
Preference file: barrelRL00_barrelRL0.prf.
Placement level-cost: 5-1.
Routing Iterations: 6

Loading design for application par from file barrelRL00_barrelRL0_map.ncd.
Design name: barrelRL00
NCD version: 3.3
Vendor:      LATTICE
Device:      LCMXO2-7000HE
Package:     TQFP144
Performance: 5
Loading device for application par from file 'xo2c7000.nph' in environment: C:/lscc/diamond/3.12/ispfpga.
Package Status:                     Final          Version 1.39.
Performance Hardware Data Status:   Final          Version 34.4.
License checked out.


Ignore Preference Error(s):  True
Device utilization summary:

   PIO (prelim)   27+4(JTAG)/336     9% used
                  27+4(JTAG)/115     27% bonded

   SLICE             44/3432          1% used

   OSC                1/1           100% used


Number of Signals: 148
Number of Connections: 320

Pin Constraint Summary:
   27 out of 27 pins locked (100% locked).

The following 1 signal is selected to use the primary clock routing resources:
    BRL00/clkaux (driver: BRL00/C00/OSCInst0, clk load #: 13)


The following 2 signals are selected to use the secondary clock routing resources:
    clk0_c (driver: BRL00/C01/SLICE_17, clk load #: 6, sr load #: 0, ce load #: 0)
    BRL00/C01/oscOut_0_sqmuxa_1_0_i_a3_RNIPA8O8 (driver: BRL00/C01/SLICE_17, clk load #: 0, sr load #: 12, ce load #: 0)

No signal is selected as Global Set/Reset.
Starting Placer Phase 0.

Finished Placer Phase 0.  REAL time: 2 secs 

Starting Placer Phase 1.
....................
Placer score = 26996.
Finished Placer Phase 1.  REAL time: 8 secs 

Starting Placer Phase 2.
.
Placer score =  26993
Finished Placer Phase 2.  REAL time: 8 secs 


------------------ Clock Report ------------------

Global Clock Resources:
  CLK_PIN    : 0 out of 8 (0%)
  PLL        : 0 out of 2 (0%)
  DCM        : 0 out of 2 (0%)
  DCC        : 0 out of 8 (0%)

Global Clocks:
  PRIMARY "BRL00/clkaux" from OSC on comp "BRL00/C00/OSCInst0" on site "OSC", clk load = 13
  SECONDARY "clk0_c" from Q0 on comp "BRL00/C01/SLICE_17" on site "R21C18C", clk load = 6, ce load = 0, sr load = 0
  SECONDARY "BRL00/C01/oscOut_0_sqmuxa_1_0_i_a3_RNIPA8O8" from F1 on comp "BRL00/C01/SLICE_17" on site "R21C18C", clk load = 0, ce load = 0, sr load = 12

  PRIMARY  : 1 out of 8 (12%)
  SECONDARY: 2 out of 8 (25%)

Edge Clocks:
  No edge clock selected.

--------------- End of Clock Report ---------------


I/O Usage Summary (final):
   27 + 4(JTAG) out of 336 (9.2%) PIO sites used.
   27 + 4(JTAG) out of 115 (27.0%) bonded PIO sites used.
   Number of PIO comps: 27; differential: 0.
   Number of Vref pins used: 0.

I/O Bank Usage Summary:
+----------+----------------+------------+-----------+
| I/O Bank | Usage          | Bank Vccio | Bank Vref |
+----------+----------------+------------+-----------+
| 0        | 7 / 28 ( 25%)  | 2.5V       | -         |
| 1        | 0 / 29 (  0%)  | -          | -         |
| 2        | 18 / 29 ( 62%) | 2.5V       | -         |
| 3        | 2 / 9 ( 22%)   | 2.5V       | -         |
| 4        | 0 / 10 (  0%)  | -          | -         |
| 5        | 0 / 10 (  0%)  | -          | -         |
+----------+----------------+------------+-----------+

Total placer CPU time: 6 secs 

Dumping design to file barrelRL00_barrelRL0.dir/5_1.ncd.

0 connections routed; 320 unrouted.
Starting router resource preassignment

Completed router resource preassignment. Real time: 10 secs 

Start NBR router at 04:39:44 03/15/22

*****************************************************************
Info: NBR allows conflicts(one node used by more than one signal)
      in the earlier iterations. In each iteration, it tries to  
      solve the conflicts while keeping the critical connections 
      routed as short as possible. The routing process is said to
      be completed when no conflicts exist and all connections   
      are routed.                                                
Note: NBR uses a different method to calculate timing slacks. The
      worst slack and total negative slack may not be the same as
      that in TRCE report. You should always run TRCE to verify  
      your design.                                               
*****************************************************************

Start NBR special constraint process at 04:39:44 03/15/22

Start NBR section for initial routing at 04:39:44 03/15/22
Level 4, iteration 1
6(0.00%) conflicts; 0(0.00%) untouched conn; 0 (nbr) score; 
Estimated worst slack/total negative slack<setup>: 466.676ns/0.000ns; real time: 11 secs 

Info: Initial congestion level at 75% usage is 0
Info: Initial congestion area  at 75% usage is 0 (0.00%)

Start NBR section for normal routing at 04:39:44 03/15/22
Level 4, iteration 1
3(0.00%) conflicts; 0(0.00%) untouched conn; 0 (nbr) score; 
Estimated worst slack/total negative slack<setup>: 466.676ns/0.000ns; real time: 11 secs 
Level 4, iteration 2
2(0.00%) conflicts; 0(0.00%) untouched conn; 0 (nbr) score; 
Estimated worst slack/total negative slack<setup>: 466.676ns/0.000ns; real time: 11 secs 
Level 4, iteration 3
0(0.00%) conflict; 0(0.00%) untouched conn; 0 (nbr) score; 
Estimated worst slack/total negative slack<setup>: 466.676ns/0.000ns; real time: 11 secs 

Start NBR section for setup/hold timing optimization with effort level 3 at 04:39:44 03/15/22

Start NBR section for re-routing at 04:39:44 03/15/22
Level 4, iteration 1
0(0.00%) conflict; 0(0.00%) untouched conn; 0 (nbr) score; 
Estimated worst slack/total negative slack<setup>: 466.676ns/0.000ns; real time: 11 secs 

Start NBR section for post-routing at 04:39:44 03/15/22

End NBR router with 0 unrouted connection

NBR Summary
-----------
  Number of unrouted connections : 0 (0.00%)
  Number of connections with timing violations : 0 (0.00%)
  Estimated worst slack<setup> : 466.676ns
  Timing score<setup> : 0
-----------
Notes: The timing info is calculated for SETUP only and all PAR_ADJs are ignored.



Total CPU time 10 secs 
Total REAL time: 12 secs 
Completely routed.
End of route.  320 routed (100.00%); 0 unrouted.

Hold time timing score: 0, hold timing errors: 0

Timing score: 0 

Dumping design to file barrelRL00_barrelRL0.dir/5_1.ncd.


PAR_SUMMARY::Run status = Completed
PAR_SUMMARY::Number of unrouted conns = 0
PAR_SUMMARY::Worst  slack<setup/<ns>> = 466.676
PAR_SUMMARY::Timing score<setup/<ns>> = 0.000
PAR_SUMMARY::Worst  slack<hold /<ns>> = 0.379
PAR_SUMMARY::Timing score<hold /<ns>> = 0.000
PAR_SUMMARY::Number of errors = 0

Total CPU  time to completion: 10 secs 
Total REAL time to completion: 12 secs 

par done!

Note: user must run 'Trace' for timing closure signoff.

Copyright (c) 1991-1994 by NeoCAD Inc. All rights reserved.
Copyright (c) 1995 AT&T Corp.   All rights reserved.
Copyright (c) 1995-2001 Lucent Technologies Inc.  All rights reserved.
Copyright (c) 2001 Agere Systems   All rights reserved.
Copyright (c) 2002-2020 Lattice Semiconductor Corporation,  All rights reserved.
Exiting par with exit code 0
Exiting mpartrce with exit code 0

trce -f "barrelRL00_barrelRL0.pt" -o "barrelRL00_barrelRL0.twr" "barrelRL00_barrelRL0.ncd" "barrelRL00_barrelRL0.prf"
trce:  version Diamond (64-bit) 3.12.0.240.2

Copyright (c) 1991-1994 by NeoCAD Inc. All rights reserved.
Copyright (c) 1995 AT&T Corp.   All rights reserved.
Copyright (c) 1995-2001 Lucent Technologies Inc.  All rights reserved.
Copyright (c) 2001 Agere Systems   All rights reserved.
Copyright (c) 2002-2020 Lattice Semiconductor Corporation,  All rights reserved.

Loading design for application trce from file barrelrl00_barrelrl0.ncd.
Design name: barrelRL00
NCD version: 3.3
Vendor:      LATTICE
Device:      LCMXO2-7000HE
Package:     TQFP144
Performance: 5
Loading device for application trce from file 'xo2c7000.nph' in environment: C:/lscc/diamond/3.12/ispfpga.
Package Status:                     Final          Version 1.39.
Performance Hardware Data Status:   Final          Version 34.4.
Setup and Hold Report

--------------------------------------------------------------------------------
Lattice TRACE Report - Setup, Version Diamond (64-bit) 3.12.0.240.2
Tue Mar 15 04:39:47 2022

Copyright (c) 1991-1994 by NeoCAD Inc. All rights reserved.
Copyright (c) 1995 AT&T Corp.   All rights reserved.
Copyright (c) 1995-2001 Lucent Technologies Inc.  All rights reserved.
Copyright (c) 2001 Agere Systems   All rights reserved.
Copyright (c) 2002-2020 Lattice Semiconductor Corporation,  All rights reserved.

Report Information
------------------
Command line:    trce -v 10 -gt -sethld -sp 5 -sphld m -o barrelRL00_barrelRL0.twr -gui -msgset C:/Users/migue/OneDrive/Documentos/ADC/04-3CM12-projectdiamon-1erParcial/barrelRL00/promote.xml barrelRL00_barrelRL0.ncd barrelRL00_barrelRL0.prf 
Design file:     barrelrl00_barrelrl0.ncd
Preference file: barrelrl00_barrelrl0.prf
Device,speed:    LCMXO2-7000HE,5
Report level:    verbose report, limited to 10 items per preference
--------------------------------------------------------------------------------

BLOCK ASYNCPATHS
BLOCK RESETPATHS
--------------------------------------------------------------------------------



Timing summary (Setup):
---------------

Timing errors: 0  Score: 0
Cumulative negative slack: 0

Constraints cover 6875 paths, 1 nets, and 218 connections (68.13% coverage)

--------------------------------------------------------------------------------
Lattice TRACE Report - Hold, Version Diamond (64-bit) 3.12.0.240.2
Tue Mar 15 04:39:47 2022

Copyright (c) 1991-1994 by NeoCAD Inc. All rights reserved.
Copyright (c) 1995 AT&T Corp.   All rights reserved.
Copyright (c) 1995-2001 Lucent Technologies Inc.  All rights reserved.
Copyright (c) 2001 Agere Systems   All rights reserved.
Copyright (c) 2002-2020 Lattice Semiconductor Corporation,  All rights reserved.

Report Information
------------------
Command line:    trce -v 10 -gt -sethld -sp 5 -sphld m -o barrelRL00_barrelRL0.twr -gui -msgset C:/Users/migue/OneDrive/Documentos/ADC/04-3CM12-projectdiamon-1erParcial/barrelRL00/promote.xml barrelRL00_barrelRL0.ncd barrelRL00_barrelRL0.prf 
Design file:     barrelrl00_barrelrl0.ncd
Preference file: barrelrl00_barrelrl0.prf
Device,speed:    LCMXO2-7000HE,m
Report level:    verbose report, limited to 10 items per preference
--------------------------------------------------------------------------------

BLOCK ASYNCPATHS
BLOCK RESETPATHS
--------------------------------------------------------------------------------



Timing summary (Hold):
---------------

Timing errors: 0  Score: 0
Cumulative negative slack: 0

Constraints cover 6875 paths, 1 nets, and 218 connections (68.13% coverage)



Timing summary (Setup and Hold):
---------------

Timing errors: 0 (setup), 0 (hold)
Score: 0 (setup), 0 (hold)
Cumulative negative slack: 0 (0+0)
--------------------------------------------------------------------------------

--------------------------------------------------------------------------------

Total CPU Time: 1 secs 
Total REAL Time: 0 secs 
Peak Memory Usage: 66 MB


tmcheck -par "barrelRL00_barrelRL0.par" 

bitgen -f "barrelRL00_barrelRL0.t2b" -w "barrelRL00_barrelRL0.ncd"  -jedec "barrelRL00_barrelRL0.prf"


BITGEN: Bitstream Generator Diamond (64-bit) 3.12.0.240.2
Copyright (c) 1991-1994 by NeoCAD Inc. All rights reserved.
Copyright (c) 1995 AT&T Corp.   All rights reserved.
Copyright (c) 1995-2001 Lucent Technologies Inc.  All rights reserved.
Copyright (c) 2001 Agere Systems   All rights reserved.
Copyright (c) 2002-2020 Lattice Semiconductor Corporation,  All rights reserved.


Loading design for application Bitgen from file barrelRL00_barrelRL0.ncd.
Design name: barrelRL00
NCD version: 3.3
Vendor:      LATTICE
Device:      LCMXO2-7000HE
Package:     TQFP144
Performance: 5
Loading device for application Bitgen from file 'xo2c7000.nph' in environment: C:/lscc/diamond/3.12/ispfpga.
Package Status:                     Final          Version 1.39.
Performance Hardware Data Status:   Final          Version 34.4.

Running DRC.
DRC detected 0 errors and 0 warnings.
Reading Preference File from barrelRL00_barrelRL0.prf.

Preference Summary:
+---------------------------------+---------------------------------+
|  Preference                     |  Current Setting                |
+---------------------------------+---------------------------------+
|                         RamCfg  |                        Reset**  |
+---------------------------------+---------------------------------+
|                     MCCLK_FREQ  |                         2.08**  |
+---------------------------------+---------------------------------+
|                  CONFIG_SECURE  |                          OFF**  |
+---------------------------------+---------------------------------+
|                          INBUF  |                           ON**  |
+---------------------------------+---------------------------------+
|                      JTAG_PORT  |                       ENABLE**  |
+---------------------------------+---------------------------------+
|                       SDM_PORT  |                      DISABLE**  |
+---------------------------------+---------------------------------+
|                 SLAVE_SPI_PORT  |                      DISABLE**  |
+---------------------------------+---------------------------------+
|                MASTER_SPI_PORT  |                      DISABLE**  |
+---------------------------------+---------------------------------+
|                       I2C_PORT  |                      DISABLE**  |
+---------------------------------+---------------------------------+
|        MUX_CONFIGURATION_PORTS  |                      DISABLE**  |
+---------------------------------+---------------------------------+
|                  CONFIGURATION  |                          CFG**  |
+---------------------------------+---------------------------------+
|                COMPRESS_CONFIG  |                           ON**  |
+---------------------------------+---------------------------------+
|                        MY_ASSP  |                          OFF**  |
+---------------------------------+---------------------------------+
|               ONE_TIME_PROGRAM  |                          OFF**  |
+---------------------------------+---------------------------------+
|                 ENABLE_TRANSFR  |                      DISABLE**  |
+---------------------------------+---------------------------------+
|                  SHAREDEBRINIT  |                      DISABLE**  |
+---------------------------------+---------------------------------+
|            BACKGROUND_RECONFIG  |                          OFF**  |
+---------------------------------+---------------------------------+
 *  Default setting.
 ** The specified setting matches the default setting.


Creating bit map...
 
Bitstream Status: Final           Version 1.95.
 
Saving bit stream in "barrelRL00_barrelRL0.jed".
 
===========
UFM Summary.
===========
UFM Size:        2046 Pages (128*2046 Bits).
UFM Utilization: General Purpose Flash Memory.
 
Available General Purpose Flash Memory: 2046 Pages (Page 0 to Page 2045).
Initialized UFM Pages:                     0 Page.
 
Total CPU Time: 4 secs 
Total REAL Time: 6 secs 
Peak Memory Usage: 289 MB
