Running in Lattice mode

Starting:    C:\lscc\diamond\3.12\synpbase\bin64\mbin\synbatch.exe
Install:     C:\lscc\diamond\3.12\synpbase
Hostname:    DESKTOP-VTJO39V
Date:        Tue Mar 15 04:39:12 2022
Version:     Q-2020.03L-SP1

Arguments:   -product synplify_pro -batch barrelRL00_barrelRL0_synplify.tcl
ProductType: synplify_pro




log file: "C:\Users\migue\OneDrive\Documentos\ADC\04-3CM12-projectdiamon-1erParcial\barrelRL00\barrelRL0\barrelRL00_barrelRL0.srr"
Running: hdl_info_gen in foreground

Generating HDL info...
Copied C:\Users\migue\OneDrive\Documentos\ADC\04-3CM12-projectdiamon-1erParcial\barrelRL00\barrelRL0\barrelRL00_barrelRL0.srr to C:\Users\migue\OneDrive\Documentos\ADC\04-3CM12-projectdiamon-1erParcial\barrelRL00\barrelRL0\barrelRL00_barrelRL0.srf

hdl_info_gen completed
# Tue Mar 15 04:39:13 2022

Return Code: 0
Run Time:00h:00m:01s
log file: "C:\Users\migue\OneDrive\Documentos\ADC\04-3CM12-projectdiamon-1erParcial\barrelRL00\barrelRL0\barrelRL00_barrelRL0.srr"
Running: barrelRL0 in foreground

Running proj_1|barrelRL0

Running Flow: compile (Compile) on proj_1|barrelRL0
# Tue Mar 15 04:39:13 2022

Running Flow: compile_flow (Compile Process) on proj_1|barrelRL0
# Tue Mar 15 04:39:13 2022

Running: compiler (Compile Input) on proj_1|barrelRL0
# Tue Mar 15 04:39:13 2022
Copied C:\Users\migue\OneDrive\Documentos\ADC\04-3CM12-projectdiamon-1erParcial\barrelRL00\barrelRL0\synwork\barrelRL00_barrelRL0_comp.srs to C:\Users\migue\OneDrive\Documentos\ADC\04-3CM12-projectdiamon-1erParcial\barrelRL00\barrelRL0\barrelRL00_barrelRL0.srs

compiler completed
# Tue Mar 15 04:39:18 2022

Return Code: 0
Run Time:00h:00m:05s

Running: multi_srs_gen (Multi-srs Generator) on proj_1|barrelRL0
# Tue Mar 15 04:39:18 2022

multi_srs_gen completed
# Tue Mar 15 04:39:18 2022

Return Code: 0
Run Time:00h:00m:00s
Copied C:\Users\migue\OneDrive\Documentos\ADC\04-3CM12-projectdiamon-1erParcial\barrelRL00\barrelRL0\synwork\barrelRL00_barrelRL0_mult.srs to C:\Users\migue\OneDrive\Documentos\ADC\04-3CM12-projectdiamon-1erParcial\barrelRL00\barrelRL0\barrelRL00_barrelRL0.srs
Copied C:\Users\migue\OneDrive\Documentos\ADC\04-3CM12-projectdiamon-1erParcial\barrelRL00\barrelRL0\barrelRL00_barrelRL0.srr to C:\Users\migue\OneDrive\Documentos\ADC\04-3CM12-projectdiamon-1erParcial\barrelRL00\barrelRL0\barrelRL00_barrelRL0.srf
Complete: Compile Process on proj_1|barrelRL0

Running: premap (Premap) on proj_1|barrelRL0
# Tue Mar 15 04:39:18 2022

premap completed with warnings
# Tue Mar 15 04:39:22 2022

Return Code: 1
Run Time:00h:00m:03s
Complete: Compile on proj_1|barrelRL0

Running Flow: map (Map) on proj_1|barrelRL0
# Tue Mar 15 04:39:22 2022

Running: fpga_mapper (Map & Optimize) on proj_1|barrelRL0
# Tue Mar 15 04:39:22 2022
Copied C:\Users\migue\OneDrive\Documentos\ADC\04-3CM12-projectdiamon-1erParcial\barrelRL00\barrelRL0\synwork\barrelRL00_barrelRL0_m.srm to C:\Users\migue\OneDrive\Documentos\ADC\04-3CM12-projectdiamon-1erParcial\barrelRL00\barrelRL0\barrelRL00_barrelRL0.srm

fpga_mapper completed with warnings
# Tue Mar 15 04:39:27 2022

Return Code: 1
Run Time:00h:00m:05s
Complete: Map on proj_1|barrelRL0
Copied C:\Users\migue\OneDrive\Documentos\ADC\04-3CM12-projectdiamon-1erParcial\barrelRL00\barrelRL0\barrelRL00_barrelRL0.srr to C:\Users\migue\OneDrive\Documentos\ADC\04-3CM12-projectdiamon-1erParcial\barrelRL00\barrelRL0\barrelRL00_barrelRL0.srf
Complete: Logic Synthesis on proj_1|barrelRL0
TCL script complete: "barrelRL00_barrelRL0_synplify.tcl"
exit status=0
exit status=0
Save changes for project:
C:\Users\migue\OneDrive\Documentos\ADC\04-3CM12-projectdiamon-1erParcial\barrelRL00\barrelRL0\proj_1.prj
batch mode default:no
