
Copyright (C) 1994-2020 Synopsys, Inc.
This Synopsys software and all associated documentation are proprietary to Synopsys, Inc.
and may only be used pursuant to the terms and conditions of a written license agreement
with Synopsys, Inc. All other use, reproduction, modification, or distribution of the
Synopsys software or the associated documentation is strictly prohibited.
Tool: Synplify Pro (R)
Build: Q-2020.03L-SP1
Install: C:\lscc\diamond\3.12\synpbase
OS: Windows 6.2

Hostname: DESKTOP-VTJO39V

Implementation : pipeline0
Synopsys HDL compiler and linker, Version comp202003synp2, Build 182R, Built Oct 29 2020 10:49:53, @

Modified Files: 2
FID:  path (prevtimestamp, timestamp)
3        C:\Users\migue\OneDrive\Documentos\ADC\03-3CM12-3erParcial\01-Practicas\05-pipeline01\fi00.vhdl (2022-06-06 20:35:11, 2022-06-16 11:03:32)
8        C:\Users\migue\OneDrive\Documentos\ADC\03-3CM12-3erParcial\01-Practicas\05-pipeline01\pc00.vhdl (2022-06-06 20:28:25, 2022-06-17 02:03:43)

*******************************************************************
Modules that may have changed as a result of file changes: 0
MID:  lib.cell.view

*******************************************************************
Unmodified files: 25
FID:  path (timestamp)
0        C:\Users\migue\OneDrive\Documentos\ADC\03-3CM12-3erParcial\01-Practicas\05-pipeline01\co00.vhdl (2022-06-06 20:36:11)
1        C:\Users\migue\OneDrive\Documentos\ADC\03-3CM12-3erParcial\01-Practicas\05-pipeline01\di00.vhdl (2022-06-06 20:35:42)
2        C:\Users\migue\OneDrive\Documentos\ADC\03-3CM12-3erParcial\01-Practicas\05-pipeline01\eo00.vhdl (2022-06-06 20:37:31)
4        C:\Users\migue\OneDrive\Documentos\ADC\03-3CM12-3erParcial\01-Practicas\05-pipeline01\fo00.vhdl (2022-06-06 20:37:06)
5        C:\Users\migue\OneDrive\Documentos\ADC\03-3CM12-3erParcial\01-Practicas\05-pipeline01\fsmpipe02.vhdl (2022-06-06 20:38:30)
6        C:\Users\migue\OneDrive\Documentos\ADC\03-3CM12-3erParcial\01-Practicas\05-pipeline01\memEBR00.vhd (2022-06-13 21:29:05)
7        C:\Users\migue\OneDrive\Documentos\ADC\03-3CM12-3erParcial\01-Practicas\05-pipeline01\packagepipeline01.vhdl (2022-06-13 21:12:03)
9        C:\Users\migue\OneDrive\Documentos\ADC\03-3CM12-3erParcial\01-Practicas\05-pipeline01\pipeline01.vhdl (2022-06-15 00:50:20)
10       C:\Users\migue\OneDrive\Documentos\ADC\03-3CM12-3erParcial\01-Practicas\05-pipeline01\pipeline0\source\div00.vhd (2021-11-23 21:14:12)
11       C:\Users\migue\OneDrive\Documentos\ADC\03-3CM12-3erParcial\01-Practicas\05-pipeline01\pipeline0\source\osc00.vhd (2022-03-14 06:49:20)
12       C:\Users\migue\OneDrive\Documentos\ADC\03-3CM12-3erParcial\01-Practicas\05-pipeline01\pipeline0\source\oscint00.vhd (2021-11-23 21:14:12)
13       C:\Users\migue\OneDrive\Documentos\ADC\03-3CM12-3erParcial\01-Practicas\05-pipeline01\pipeline0\source\packageOsc00.vhd (2021-11-23 21:14:12)
14       C:\Users\migue\OneDrive\Documentos\ADC\03-3CM12-3erParcial\01-Practicas\05-pipeline01\wr00.vhdl (2022-06-06 20:38:00)
15       C:\lscc\diamond\3.12\cae_library\synthesis\vhdl\machxo2.vhd (2018-11-15 00:32:12)
16       C:\lscc\diamond\3.12\synpbase\lib\cpld\lattice.vhd (2020-10-29 10:20:44)
17       C:\lscc\diamond\3.12\synpbase\lib\lucent\machxo2.vhd (2020-10-29 10:20:54)
18       C:\lscc\diamond\3.12\synpbase\lib\vhd\arith.vhd (2020-10-29 10:23:10)
19       C:\lscc\diamond\3.12\synpbase\lib\vhd\hyperents.vhd (2020-10-29 10:23:10)
20       C:\lscc\diamond\3.12\synpbase\lib\vhd\location.map (2020-11-02 17:26:20)
21       C:\lscc\diamond\3.12\synpbase\lib\vhd\numeric.vhd (2020-10-29 10:23:10)
22       C:\lscc\diamond\3.12\synpbase\lib\vhd\snps_haps_pkg.vhd (2020-10-29 10:23:10)
23       C:\lscc\diamond\3.12\synpbase\lib\vhd\std.vhd (2020-10-29 10:23:10)
24       C:\lscc\diamond\3.12\synpbase\lib\vhd\std1164.vhd (2020-10-29 10:23:10)
25       C:\lscc\diamond\3.12\synpbase\lib\vhd\umr_capim.vhd (2020-10-29 10:23:10)
26       C:\lscc\diamond\3.12\synpbase\lib\vhd\unsigned.vhd (2020-10-29 10:23:10)

*******************************************************************
Unchanged modules: 0
MID:  lib.cell.view
