Running in Lattice mode

Starting:    C:\lscc\diamond\3.12\synpbase\bin64\mbin\synbatch.exe
Install:     C:\lscc\diamond\3.12\synpbase
Hostname:    DESKTOP-VTJO39V
Date:        Tue Mar  1 23:38:03 2022
Version:     Q-2020.03L-SP1

Arguments:   -product synplify_pro -batch adder4bit00_adder4bit0_synplify.tcl
ProductType: synplify_pro




log file: "C:\Users\migue\OneDrive\Documentos\ADC\04-3CM12-projectdiamon-1erParcial\adder4bit00\adder4bit0\adder4bit00_adder4bit0.srr"
Running: hdl_info_gen in foreground

Generating HDL info...

hdl_info_gen completed
# Tue Mar  1 23:38:04 2022

Return Code: 0
Run Time:00h:00m:01s
log file: "C:\Users\migue\OneDrive\Documentos\ADC\04-3CM12-projectdiamon-1erParcial\adder4bit00\adder4bit0\adder4bit00_adder4bit0.srr"
Running: adder4bit0 in foreground

Running proj_1|adder4bit0

Running Flow: compile (Compile) on proj_1|adder4bit0
# Tue Mar  1 23:38:04 2022

Running Flow: compile_flow (Compile Process) on proj_1|adder4bit0
# Tue Mar  1 23:38:04 2022

Running: compiler (Compile Input) on proj_1|adder4bit0
# Tue Mar  1 23:38:04 2022
Copied C:\Users\migue\OneDrive\Documentos\ADC\04-3CM12-projectdiamon-1erParcial\adder4bit00\adder4bit0\synwork\adder4bit00_adder4bit0_comp.srs to C:\Users\migue\OneDrive\Documentos\ADC\04-3CM12-projectdiamon-1erParcial\adder4bit00\adder4bit0\adder4bit00_adder4bit0.srs

compiler completed
# Tue Mar  1 23:38:08 2022

Return Code: 0
Run Time:00h:00m:04s

Running: multi_srs_gen (Multi-srs Generator) on proj_1|adder4bit0
# Tue Mar  1 23:38:08 2022

multi_srs_gen completed
# Tue Mar  1 23:38:09 2022

Return Code: 0
Run Time:00h:00m:01s
Copied C:\Users\migue\OneDrive\Documentos\ADC\04-3CM12-projectdiamon-1erParcial\adder4bit00\adder4bit0\synwork\adder4bit00_adder4bit0_mult.srs to C:\Users\migue\OneDrive\Documentos\ADC\04-3CM12-projectdiamon-1erParcial\adder4bit00\adder4bit0\adder4bit00_adder4bit0.srs
Copied C:\Users\migue\OneDrive\Documentos\ADC\04-3CM12-projectdiamon-1erParcial\adder4bit00\adder4bit0\adder4bit00_adder4bit0.srr to C:\Users\migue\OneDrive\Documentos\ADC\04-3CM12-projectdiamon-1erParcial\adder4bit00\adder4bit0\adder4bit00_adder4bit0.srf
Complete: Compile Process on proj_1|adder4bit0

Running: premap (Premap) on proj_1|adder4bit0
# Tue Mar  1 23:38:09 2022

premap completed
# Tue Mar  1 23:38:13 2022

Return Code: 0
Run Time:00h:00m:04s
Complete: Compile on proj_1|adder4bit0

Running Flow: map (Map) on proj_1|adder4bit0
# Tue Mar  1 23:38:13 2022

Running: fpga_mapper (Map & Optimize) on proj_1|adder4bit0
# Tue Mar  1 23:38:13 2022
Copied C:\Users\migue\OneDrive\Documentos\ADC\04-3CM12-projectdiamon-1erParcial\adder4bit00\adder4bit0\synwork\adder4bit00_adder4bit0_m.srm to C:\Users\migue\OneDrive\Documentos\ADC\04-3CM12-projectdiamon-1erParcial\adder4bit00\adder4bit0\adder4bit00_adder4bit0.srm

fpga_mapper completed
# Tue Mar  1 23:38:17 2022

Return Code: 0
Run Time:00h:00m:04s
Complete: Map on proj_1|adder4bit0
Copied C:\Users\migue\OneDrive\Documentos\ADC\04-3CM12-projectdiamon-1erParcial\adder4bit00\adder4bit0\adder4bit00_adder4bit0.srr to C:\Users\migue\OneDrive\Documentos\ADC\04-3CM12-projectdiamon-1erParcial\adder4bit00\adder4bit0\adder4bit00_adder4bit0.srf
Complete: Logic Synthesis on proj_1|adder4bit0
TCL script complete: "adder4bit00_adder4bit0_synplify.tcl"
exit status=0
exit status=0
Save changes for project:
C:\Users\migue\OneDrive\Documentos\ADC\04-3CM12-projectdiamon-1erParcial\adder4bit00\adder4bit0\proj_1.prj
batch mode default:no
