
Copyright (C) 1994-2020 Synopsys, Inc.
This Synopsys software and all associated documentation are proprietary to Synopsys, Inc.
and may only be used pursuant to the terms and conditions of a written license agreement
with Synopsys, Inc. All other use, reproduction, modification, or distribution of the
Synopsys software or the associated documentation is strictly prohibited.
Tool: Synplify Pro (R)
Build: Q-2020.03L-SP1
Install: C:\lscc\diamond\3.12\synpbase
OS: Windows 6.2

Hostname: DESKTOP-VTJO39V

Implementation : rom0
Synopsys HDL compiler and linker, Version comp202003synp2, Build 182R, Built Oct 29 2020 10:49:53, @

Modified Files: 1
FID:  path (prevtimestamp, timestamp)
1        C:\Users\migue\OneDrive\Documentos\ADC\10-Tareas-Relacion-2doParcial\03-Practicas\04-rom00\memrom00.vhdl (2022-05-09 12:31:11, 2022-05-09 12:43:07)

*******************************************************************
Modules that may have changed as a result of file changes: 1
MID:  lib.cell.view
4        work.memrom00.memrom0 may have changed because the following files changed:
                        C:\Users\migue\OneDrive\Documentos\ADC\10-Tareas-Relacion-2doParcial\03-Practicas\04-rom00\memrom00.vhdl (2022-05-09 12:31:11, 2022-05-09 12:43:07) <-- (architecture and entity definition)

*******************************************************************
Unmodified files: 19
FID:  path (timestamp)
0        C:\Users\migue\OneDrive\Documentos\ADC\10-Tareas-Relacion-2doParcial\03-Practicas\04-rom00\contRead00.vhdl (2022-05-09 11:33:09)
2        C:\Users\migue\OneDrive\Documentos\ADC\10-Tareas-Relacion-2doParcial\03-Practicas\04-rom00\packagerom00.vhdl (2022-05-08 21:38:28)
3        C:\Users\migue\OneDrive\Documentos\ADC\10-Tareas-Relacion-2doParcial\03-Practicas\04-rom00\rom00.vhdl (2022-05-08 21:53:21)
4        C:\Users\migue\OneDrive\Documentos\ADC\10-Tareas-Relacion-2doParcial\03-Practicas\04-rom00\rom0\source\div00.vhd (2021-11-23 21:14:12)
5        C:\Users\migue\OneDrive\Documentos\ADC\10-Tareas-Relacion-2doParcial\03-Practicas\04-rom00\rom0\source\osc00.vhd (2022-03-14 06:49:20)
6        C:\Users\migue\OneDrive\Documentos\ADC\10-Tareas-Relacion-2doParcial\03-Practicas\04-rom00\rom0\source\oscint00.vhd (2021-11-23 21:14:12)
7        C:\Users\migue\OneDrive\Documentos\ADC\10-Tareas-Relacion-2doParcial\03-Practicas\04-rom00\rom0\source\packageOsc00.vhd (2021-11-23 21:14:12)
8        C:\lscc\diamond\3.12\cae_library\synthesis\vhdl\machxo2.vhd (2018-11-15 00:32:12)
9        C:\lscc\diamond\3.12\synpbase\lib\cpld\lattice.vhd (2020-10-29 10:20:44)
10       C:\lscc\diamond\3.12\synpbase\lib\lucent\machxo2.vhd (2020-10-29 10:20:54)
11       C:\lscc\diamond\3.12\synpbase\lib\vhd\arith.vhd (2020-10-29 10:23:10)
12       C:\lscc\diamond\3.12\synpbase\lib\vhd\hyperents.vhd (2020-10-29 10:23:10)
13       C:\lscc\diamond\3.12\synpbase\lib\vhd\location.map (2020-11-02 17:26:20)
14       C:\lscc\diamond\3.12\synpbase\lib\vhd\numeric.vhd (2020-10-29 10:23:10)
15       C:\lscc\diamond\3.12\synpbase\lib\vhd\snps_haps_pkg.vhd (2020-10-29 10:23:10)
16       C:\lscc\diamond\3.12\synpbase\lib\vhd\std.vhd (2020-10-29 10:23:10)
17       C:\lscc\diamond\3.12\synpbase\lib\vhd\std1164.vhd (2020-10-29 10:23:10)
18       C:\lscc\diamond\3.12\synpbase\lib\vhd\umr_capim.vhd (2020-10-29 10:23:10)
19       C:\lscc\diamond\3.12\synpbase\lib\vhd\unsigned.vhd (2020-10-29 10:23:10)

*******************************************************************
Unchanged modules: 10
MID:  lib.cell.view
0        work.contread00.contread0
1        work.contread00.vhdl
2        work.div00.div0
3        work.div00.vhdl
6        work.osc00.osc0
7        work.osc00.vhdl
8        work.oscint00.oscint0
9        work.oscint00.vhdl
10       work.rom00.rom0
11       work.rom00.vhdl
