
          Lattice Mapping Report File for Design Module 'fsmmoore00'


Design Information
------------------

Command line:   map -a MachXO2 -p LCMXO2-7000HE -t TQFP144 -s 5 -oc Commercial
     fsmmoore00_fsmmoore0.ngd -o fsmmoore00_fsmmoore0_map.ncd -pr
     fsmmoore00_fsmmoore0.prf -mp fsmmoore00_fsmmoore0.mrp -lpf C:/Users/migue/O
     neDrive/Documentos/ADC/03-3CM12-3erParcial/01-Practicas/03-fsmmoore00/fsmmo
     ore0/fsmmoore00_fsmmoore0_synplify.lpf -lpf C:/Users/migue/OneDrive/Documen
     tos/ADC/03-3CM12-3erParcial/01-Practicas/03-fsmmoore00/fsmmoore00.lpf -c 0
     -gui -msgset C:/Users/migue/OneDrive/Documentos/ADC/03-3CM12-3erParcial/01-
     Practicas/03-fsmmoore00/promote.xml 
Target Vendor:  LATTICE
Target Device:  LCMXO2-7000HETQFP144
Target Performance:   5
Mapper:  xo2c00,  version:  Diamond (64-bit) 3.12.0.240.2
Mapped on:  06/06/22  15:50:40

Design Summary
--------------

   Number of registers:     47 out of  7209 (1%)
      PFU registers:           46 out of  6864 (1%)
      PIO registers:            1 out of   345 (0%)
   Number of SLICEs:        55 out of  3432 (2%)
      SLICEs as Logic/ROM:     55 out of  3432 (2%)
      SLICEs as RAM:            0 out of  2574 (0%)
      SLICEs as Carry:         12 out of  3432 (0%)
   Number of LUT4s:        109 out of  6864 (2%)
      Number used as logic LUTs:         85
      Number used as distributed RAM:     0
      Number used as ripple logic:       24
      Number used as shift registers:     0
   Number of PIO sites used: 22 + 4(JTAG) out of 115 (23%)
   Number of block RAMs:  0 out of 26 (0%)
   Number of GSRs:        1 out of 1 (100%)
   EFB used :        No
   JTAG used :       No
   Readback used :   No
   Oscillator used : Yes
   Startup used :    No
   POR :             On
   Bandgap :         On
   Number of Power Controller:  0 out of 1 (0%)
   Number of Dynamic Bank Controller (BCINRD):  0 out of 6 (0%)
   Number of Dynamic Bank Controller (BCLVDSO):  0 out of 1 (0%)
   Number of DCCA:  0 out of 8 (0%)
   Number of DCMA:  0 out of 2 (0%)
   Number of PLLs:  0 out of 2 (0%)
   Number of DQSDLLs:  0 out of 2 (0%)
   Number of CLKDIVC:  0 out of 4 (0%)
   Number of ECLKSYNCA:  0 out of 4 (0%)
   Number of ECLKBRIDGECS:  0 out of 2 (0%)
   Notes:-
      1. Total number of LUT4s = (Number of logic LUT4s) + 2*(Number of
     distributed RAMs) + 2*(Number of ripple logic)
      2. Number of logic LUT4s does not include count of distributed RAM and
     ripple logic.
   Number of clocks:  4

                                    Page 1




Design:  fsmmoore00                                    Date:  06/06/22  15:50:40

Design Summary (cont)
---------------------
     Net clk0_c: 8 loads, 8 rising, 0 falling (Driver: FS00/C01/oscOut )
     Net FS03/un1_enfsm_2_uclk_i: 4 loads, 4 rising, 0 falling (Driver:
     FS03/E_act_derived_clock_RNIIOML[0] )
     Net FS03/E_act[0]: 2 loads, 0 rising, 2 falling (Driver: FS03/E_act[0] )
     Net FS00/clkaux: 13 loads, 13 rising, 0 falling (Driver: FS00/C00/OSCInst0
     )
   Number of Clock Enables:  1
     Net FS03.var0: 4 loads, 4 LSLICEs
   Number of local set/reset loads for net en0_c merged into GSR:  3
   Number of LSRs:  3
     Net en0_c: 4 loads, 4 LSLICEs
     Net FS01/outcontcr_0_sqmuxa_i: 3 loads, 3 LSLICEs
     Net FS00/C01/un1_oscout65_RNIGL9B1: 12 loads, 12 LSLICEs
   Number of nets driven by tri-state buffers:  0
   Top 10 highest fanout non-clock nets:
     Net address0_c[1]: 21 loads
     Net CO0: 21 loads
     Net address0_c[3]: 18 loads
     Net address0_c[2]: 17 loads
     Net FS00/C01/un1_oscout65_RNIGL9B1: 12 loads
     Net FS00/C01/sdiv[18]: 9 loads
     Net en0_c: 8 loads
     Net FS00/C01/sdiv[16]: 7 loads
     Net FS00/C01/sdiv[17]: 7 loads
     Net FS00/C01/sdiv[19]: 7 loads




   Number of warnings:  1
   Number of errors:    0
     

Design Errors/Warnings
----------------------

WARNING - map: Using local reset signal 'en0_c' to infer global GSR net.

IO (PIO) Attributes
-------------------

+---------------------+-----------+-----------+------------+
| IO Name             | Direction | Levelmode | IO         |
|                     |           |  IO_TYPE  | Register   |
+---------------------+-----------+-----------+------------+
| clk0                | OUTPUT    | LVCMOS25  |            |
+---------------------+-----------+-----------+------------+
| cdiv0[0]            | INPUT     | LVCMOS25  |            |
+---------------------+-----------+-----------+------------+
| outfsm0[2]          | OUTPUT    | LVCMOS25  |            |
+---------------------+-----------+-----------+------------+
| outfsm0[1]          | OUTPUT    | LVCMOS25  |            |
+---------------------+-----------+-----------+------------+
| outfsm0[0]          | OUTPUT    | LVCMOS25  |            |
+---------------------+-----------+-----------+------------+
| inxfsm0[5]          | OUTPUT    | LVCMOS25  |            |

                                    Page 2




Design:  fsmmoore00                                    Date:  06/06/22  15:50:40

IO (PIO) Attributes (cont)
--------------------------
+---------------------+-----------+-----------+------------+
| inxfsm0[4]          | OUTPUT    | LVCMOS25  |            |
+---------------------+-----------+-----------+------------+
| inxfsm0[3]          | OUTPUT    | LVCMOS25  |            |
+---------------------+-----------+-----------+------------+
| inxfsm0[2]          | OUTPUT    | LVCMOS25  |            |
+---------------------+-----------+-----------+------------+
| inxfsm0[1]          | OUTPUT    | LVCMOS25  |            |
+---------------------+-----------+-----------+------------+
| inxfsm0[0]          | OUTPUT    | LVCMOS25  |            |
+---------------------+-----------+-----------+------------+
| address0[5]         | OUTPUT    | LVCMOS25  |            |
+---------------------+-----------+-----------+------------+
| address0[4]         | OUTPUT    | LVCMOS25  |            |
+---------------------+-----------+-----------+------------+
| address0[3]         | OUTPUT    | LVCMOS25  |            |
+---------------------+-----------+-----------+------------+
| address0[2]         | OUTPUT    | LVCMOS25  |            |
+---------------------+-----------+-----------+------------+
| address0[1]         | OUTPUT    | LVCMOS25  |            |
+---------------------+-----------+-----------+------------+
| address0[0]         | OUTPUT    | LVCMOS25  |            |
+---------------------+-----------+-----------+------------+
| en0                 | INPUT     | LVCMOS25  | IN         |
+---------------------+-----------+-----------+------------+
| cdiv0[4]            | INPUT     | LVCMOS25  |            |
+---------------------+-----------+-----------+------------+
| cdiv0[3]            | INPUT     | LVCMOS25  |            |
+---------------------+-----------+-----------+------------+
| cdiv0[2]            | INPUT     | LVCMOS25  |            |
+---------------------+-----------+-----------+------------+
| cdiv0[1]            | INPUT     | LVCMOS25  |            |
+---------------------+-----------+-----------+------------+

Removed logic
-------------

Block VCC undriven or does not drive anything - clipped.
Block FS00/C01/VCC undriven or does not drive anything - clipped.
Block FS01/GND undriven or does not drive anything - clipped.
Block FS01/VCC undriven or does not drive anything - clipped.
Block FS03/VCC undriven or does not drive anything - clipped.
Block FS03/GND undriven or does not drive anything - clipped.
Signal en0_c_i was merged into signal en0_c
Signal FS03/GN was merged into signal FS03/E_act[0]
Signal FS00/C00/GND undriven or does not drive anything - clipped.
Signal FS00/C01/GND undriven or does not drive anything - clipped.
Signal VCC undriven or does not drive anything - clipped.
Signal FS00/C00/OSCInst0_SEDSTDBY undriven or does not drive anything - clipped.
     
Signal FS00/C01/un1_sdiv_s_21_0_S1 undriven or does not drive anything -
     clipped.
Signal FS00/C01/un1_sdiv_s_21_0_COUT undriven or does not drive anything -
     clipped.
Signal FS00/C01/un1_sdiv_cry_0_0_S0 undriven or does not drive anything -
     clipped.

                                    Page 3




Design:  fsmmoore00                                    Date:  06/06/22  15:50:40

Removed logic (cont)
--------------------
Signal FS00/C01/N_1 undriven or does not drive anything - clipped.
Block en0_pad_RNINM18 was optimized away.
Block FS03/outfsm_0_.GN was optimized away.
Block FS00/C00/GND was optimized away.
Block FS00/C01/GND was optimized away.

     

OSC Summary
-----------

OSC 1:                                     Pin/Node Value
  OSC Instance Name:                                FS00/C00/OSCInst0
  OSC Type:                                         OSCH
  STDBY Input:                                      NONE
  OSC Output:                              NODE     FS00/clkaux
  OSC Nominal Frequency (MHz):                      2.08

ASIC Components
---------------

Instance Name: FS00/C00/OSCInst0
         Type: OSCH

GSR Usage
---------

GSR Component:
   The local reset signal 'en0_c' of the design has been inferred as Global Set
        Reset (GSR). The reset signal used for GSR control is 'en0_c'.
        

     GSR Property:
   The design components with GSR property set to ENABLED will respond to global
        set reset while the components with GSR property set to DISABLED will
        not.
        

     Components on inferred reset domain with GSR Property disabled
--------------------------------------------------------------

     These components have the GSR property set to DISABLED and are on the
     inferred reset domain. The components will respond to the reset signal
     'en0_c' via the local reset on the component and not the GSR component.

     Type and number of components of the type: 
   Register = 9 

     Type and instance name of component: 
   Register : FS03/E_act[7]
   Register : FS03/E_act[6]
   Register : FS03/E_act[0]
   Register : FS03/E_act[1]
   Register : FS03/E_act[2]
   Register : FS03/E_act[3]
   Register : FS03/E_act[4]

                                    Page 4




Design:  fsmmoore00                                    Date:  06/06/22  15:50:40

GSR Usage (cont)
----------------
   Register : FS03/E_act[5]
   Register : FS03_var0io

Run Time and Memory Usage
-------------------------

   Total CPU Time: 0 secs  
   Total REAL Time: 0 secs  
   Peak Memory Usage: 57 MB
        















































                                    Page 5


Copyright (c) 1991-1994 by NeoCAD Inc. All rights reserved.
     Copyright (c) 1995 AT&T Corp.   All rights reserved.
     Copyright (c) 1995-2001 Lucent Technologies Inc.  All rights reserved.
     Copyright (c) 2001 Agere Systems   All rights reserved.
     Copyright (c) 2002-2020 Lattice Semiconductor Corporation,  All rights
     reserved.
