Running in Lattice mode

Starting:    C:\lscc\diamond\3.12\synpbase\bin64\mbin\synbatch.exe
Install:     C:\lscc\diamond\3.12\synpbase
Hostname:    DESKTOP-VTJO39V
Date:        Mon Jun  6 15:50:20 2022
Version:     Q-2020.03L-SP1

Arguments:   -product synplify_pro -batch fsmmoore00_fsmmoore0_synplify.tcl
ProductType: synplify_pro




log file: "C:\Users\migue\OneDrive\Documentos\ADC\03-3CM12-3erParcial\01-Practicas\03-fsmmoore00\fsmmoore0\fsmmoore00_fsmmoore0.srr"
Running: hdl_info_gen in foreground

Generating HDL info...
Copied C:\Users\migue\OneDrive\Documentos\ADC\03-3CM12-3erParcial\01-Practicas\03-fsmmoore00\fsmmoore0\fsmmoore00_fsmmoore0.srr to C:\Users\migue\OneDrive\Documentos\ADC\03-3CM12-3erParcial\01-Practicas\03-fsmmoore00\fsmmoore0\fsmmoore00_fsmmoore0.srf

hdl_info_gen completed
# Mon Jun  6 15:50:22 2022

Return Code: 0
Run Time:00h:00m:01s
log file: "C:\Users\migue\OneDrive\Documentos\ADC\03-3CM12-3erParcial\01-Practicas\03-fsmmoore00\fsmmoore0\fsmmoore00_fsmmoore0.srr"
Running: fsmmoore0 in foreground

Running proj_1|fsmmoore0

Running Flow: compile (Compile) on proj_1|fsmmoore0
# Mon Jun  6 15:50:23 2022

Running Flow: compile_flow (Compile Process) on proj_1|fsmmoore0
# Mon Jun  6 15:50:23 2022

Running: compiler (Compile Input) on proj_1|fsmmoore0
# Mon Jun  6 15:50:23 2022
Copied C:\Users\migue\OneDrive\Documentos\ADC\03-3CM12-3erParcial\01-Practicas\03-fsmmoore00\fsmmoore0\synwork\fsmmoore00_fsmmoore0_comp.srs to C:\Users\migue\OneDrive\Documentos\ADC\03-3CM12-3erParcial\01-Practicas\03-fsmmoore00\fsmmoore0\fsmmoore00_fsmmoore0.srs

compiler completed
# Mon Jun  6 15:50:28 2022

Return Code: 0
Run Time:00h:00m:05s

Running: multi_srs_gen (Multi-srs Generator) on proj_1|fsmmoore0
# Mon Jun  6 15:50:28 2022

multi_srs_gen completed
# Mon Jun  6 15:50:29 2022

Return Code: 0
Run Time:00h:00m:01s
Copied C:\Users\migue\OneDrive\Documentos\ADC\03-3CM12-3erParcial\01-Practicas\03-fsmmoore00\fsmmoore0\synwork\fsmmoore00_fsmmoore0_mult.srs to C:\Users\migue\OneDrive\Documentos\ADC\03-3CM12-3erParcial\01-Practicas\03-fsmmoore00\fsmmoore0\fsmmoore00_fsmmoore0.srs
Copied C:\Users\migue\OneDrive\Documentos\ADC\03-3CM12-3erParcial\01-Practicas\03-fsmmoore00\fsmmoore0\fsmmoore00_fsmmoore0.srr to C:\Users\migue\OneDrive\Documentos\ADC\03-3CM12-3erParcial\01-Practicas\03-fsmmoore00\fsmmoore0\fsmmoore00_fsmmoore0.srf
Complete: Compile Process on proj_1|fsmmoore0

Running: premap (Premap) on proj_1|fsmmoore0
# Mon Jun  6 15:50:29 2022

premap completed with warnings
# Mon Jun  6 15:50:32 2022

Return Code: 1
Run Time:00h:00m:03s
Complete: Compile on proj_1|fsmmoore0

Running Flow: map (Map) on proj_1|fsmmoore0
# Mon Jun  6 15:50:32 2022

Running: fpga_mapper (Map & Optimize) on proj_1|fsmmoore0
# Mon Jun  6 15:50:32 2022
Copied C:\Users\migue\OneDrive\Documentos\ADC\03-3CM12-3erParcial\01-Practicas\03-fsmmoore00\fsmmoore0\synwork\fsmmoore00_fsmmoore0_m.srm to C:\Users\migue\OneDrive\Documentos\ADC\03-3CM12-3erParcial\01-Practicas\03-fsmmoore00\fsmmoore0\fsmmoore00_fsmmoore0.srm

fpga_mapper completed with warnings
# Mon Jun  6 15:50:37 2022

Return Code: 1
Run Time:00h:00m:05s
Complete: Map on proj_1|fsmmoore0
Copied C:\Users\migue\OneDrive\Documentos\ADC\03-3CM12-3erParcial\01-Practicas\03-fsmmoore00\fsmmoore0\fsmmoore00_fsmmoore0.srr to C:\Users\migue\OneDrive\Documentos\ADC\03-3CM12-3erParcial\01-Practicas\03-fsmmoore00\fsmmoore0\fsmmoore00_fsmmoore0.srf
Complete: Logic Synthesis on proj_1|fsmmoore0
TCL script complete: "fsmmoore00_fsmmoore0_synplify.tcl"
exit status=0
exit status=0
Save changes for project:
C:\Users\migue\OneDrive\Documentos\ADC\03-3CM12-3erParcial\01-Practicas\03-fsmmoore00\fsmmoore0\proj_1.prj
batch mode default:no
